<?xml version="1.0" encoding="UTF-8"?>
<robot generator="Robot 7.3 (Python 3.11.9 on win32)" generated="2025-06-14T16:49:44.173716" rpa="false" schemaversion="5">
<suite id="s1" name="Ruangan" source="c:\FIle Kerja\project-laravel11\robot\admin\ruangan.robot">
<test id="s1-t1" name="Buka Ruangan Page" line="18">
<kw name="Open Browser" owner="SeleniumLibrary">
<msg time="2025-06-14T16:49:44.848476" level="INFO">Opening browser 'chrome' to base url 'http://localhost:8000/login'.</msg>
<arg>${LOGIN_URL}</arg>
<arg>${BROWSER}</arg>
<doc>Opens a new browser instance to the optional ``url``.</doc>
<status status="PASS" start="2025-06-14T16:49:44.846646" elapsed="2.979361"/>
</kw>
<kw name="Input Text" owner="SeleniumLibrary">
<msg time="2025-06-14T16:49:47.828561" level="INFO">Typing text 'admin@gmail.com' into text field 'id=email'.</msg>
<arg>id=email</arg>
<arg>${EMAIL}</arg>
<doc>Types the given ``text`` into the text field identified by ``locator``.</doc>
<status status="PASS" start="2025-06-14T16:49:47.827540" elapsed="0.228198"/>
</kw>
<kw name="Input Text" owner="SeleniumLibrary">
<msg time="2025-06-14T16:49:48.058057" level="INFO">Typing text 'admin123' into text field 'id=password'.</msg>
<arg>id=password</arg>
<arg>${PASSWORD}</arg>
<doc>Types the given ``text`` into the text field identified by ``locator``.</doc>
<status status="PASS" start="2025-06-14T16:49:48.056903" elapsed="0.180517"/>
</kw>
<kw name="Click Button" owner="SeleniumLibrary">
<msg time="2025-06-14T16:49:48.239696" level="INFO">Clicking button 'id=login-button'.</msg>
<arg>id=login-button</arg>
<doc>Clicks the button identified by ``locator``.</doc>
<status status="PASS" start="2025-06-14T16:49:48.238558" elapsed="2.668154"/>
</kw>
<kw name="Wait Until Element Is Visible" owner="SeleniumLibrary">
<arg>id=dashboard</arg>
<arg>timeout=10</arg>
<doc>Waits until the element ``locator`` is visible.</doc>
<status status="PASS" start="2025-06-14T16:49:50.908229" elapsed="0.037780"/>
</kw>
<kw name="Element Should Be Visible" owner="SeleniumLibrary">
<msg time="2025-06-14T16:49:50.973904" level="INFO">Element 'id=dashboard' is displayed.</msg>
<arg>id=dashboard</arg>
<doc>Verifies that the element identified by ``locator`` is visible.</doc>
<status status="PASS" start="2025-06-14T16:49:50.947010" elapsed="0.026894"/>
</kw>
<kw name="Click Element" owner="SeleniumLibrary">
<msg time="2025-06-14T16:49:50.975964" level="INFO">Clicking element 'id=ruangan-link'.</msg>
<arg>id=ruangan-link</arg>
<doc>Click the element identified by ``locator``.</doc>
<status status="PASS" start="2025-06-14T16:49:50.974935" elapsed="1.498823"/>
</kw>
<kw name="Wait Until Element Is Visible" owner="SeleniumLibrary">
<arg>id=ruangan-table</arg>
<arg>timeout=10</arg>
<doc>Waits until the element ``locator`` is visible.</doc>
<status status="PASS" start="2025-06-14T16:49:52.474787" elapsed="0.039898"/>
</kw>
<kw name="Element Should Be Visible" owner="SeleniumLibrary">
<msg time="2025-06-14T16:49:52.543725" level="INFO">Element 'id=ruangan-table' is displayed.</msg>
<arg>id=ruangan-table</arg>
<doc>Verifies that the element identified by ``locator`` is visible.</doc>
<status status="PASS" start="2025-06-14T16:49:52.516122" elapsed="0.028756"/>
</kw>
<kw name="Close Browser" owner="SeleniumLibrary">
<doc>Closes the current browser.</doc>
<status status="PASS" start="2025-06-14T16:49:52.546329" elapsed="2.219792"/>
</kw>
<doc>Test opening ruangan page and verify table visibility</doc>
<status status="PASS" start="2025-06-14T16:49:44.843274" elapsed="9.925181"/>
</test>
<test id="s1-t2" name="Tambah Ruangan tanpa Nama" line="31">
<kw name="Open Browser" owner="SeleniumLibrary">
<msg time="2025-06-14T16:49:54.773928" level="INFO">Opening browser 'chrome' to base url 'http://localhost:8000/login'.</msg>
<arg>${LOGIN_URL}</arg>
<arg>${BROWSER}</arg>
<doc>Opens a new browser instance to the optional ``url``.</doc>
<status status="PASS" start="2025-06-14T16:49:54.772862" elapsed="3.217671"/>
</kw>
<kw name="Input Text" owner="SeleniumLibrary">
<msg time="2025-06-14T16:49:57.992843" level="INFO">Typing text 'admin@gmail.com' into text field 'id=email'.</msg>
<arg>id=email</arg>
<arg>${EMAIL}</arg>
<doc>Types the given ``text`` into the text field identified by ``locator``.</doc>
<status status="PASS" start="2025-06-14T16:49:57.991530" elapsed="0.253578"/>
</kw>
<kw name="Input Text" owner="SeleniumLibrary">
<msg time="2025-06-14T16:49:58.247123" level="INFO">Typing text 'admin123' into text field 'id=password'.</msg>
<arg>id=password</arg>
<arg>${PASSWORD}</arg>
<doc>Types the given ``text`` into the text field identified by ``locator``.</doc>
<status status="PASS" start="2025-06-14T16:49:58.246125" elapsed="0.179763"/>
</kw>
<kw name="Click Button" owner="SeleniumLibrary">
<msg time="2025-06-14T16:49:58.428130" level="INFO">Clicking button 'id=login-button'.</msg>
<arg>id=login-button</arg>
<doc>Clicks the button identified by ``locator``.</doc>
<status status="PASS" start="2025-06-14T16:49:58.427134" elapsed="2.739659"/>
</kw>
<kw name="Wait Until Element Is Visible" owner="SeleniumLibrary">
<arg>id=dashboard</arg>
<arg>timeout=10</arg>
<doc>Waits until the element ``locator`` is visible.</doc>
<status status="PASS" start="2025-06-14T16:50:01.167804" elapsed="0.048848"/>
</kw>
<kw name="Element Should Be Visible" owner="SeleniumLibrary">
<msg time="2025-06-14T16:50:01.241286" level="INFO">Element 'id=dashboard' is displayed.</msg>
<arg>id=dashboard</arg>
<doc>Verifies that the element identified by ``locator`` is visible.</doc>
<status status="PASS" start="2025-06-14T16:50:01.217653" elapsed="0.023633"/>
</kw>
<kw name="Click Element" owner="SeleniumLibrary">
<msg time="2025-06-14T16:50:01.244040" level="INFO">Clicking element 'id=ruangan-link'.</msg>
<arg>id=ruangan-link</arg>
<doc>Click the element identified by ``locator``.</doc>
<status status="PASS" start="2025-06-14T16:50:01.242304" elapsed="1.534815"/>
</kw>
<kw name="Wait Until Element Is Visible" owner="SeleniumLibrary">
<arg>id=ruangan-table</arg>
<arg>timeout=10</arg>
<doc>Waits until the element ``locator`` is visible.</doc>
<status status="PASS" start="2025-06-14T16:50:02.778375" elapsed="0.036694"/>
</kw>
<kw name="Element Should Be Visible" owner="SeleniumLibrary">
<msg time="2025-06-14T16:50:02.843541" level="INFO">Element 'id=ruangan-table' is displayed.</msg>
<arg>id=ruangan-table</arg>
<doc>Verifies that the element identified by ``locator`` is visible.</doc>
<status status="PASS" start="2025-06-14T16:50:02.816498" elapsed="0.028043"/>
</kw>
<kw name="Click Button" owner="SeleniumLibrary">
<msg time="2025-06-14T16:50:02.845950" level="INFO">Clicking button 'xpath=//button[contains(text(), 'Tambah') or @data-modal-target='ruangan-modal']'.</msg>
<arg>xpath=//button[contains(text(), 'Tambah') or @data-modal-target='ruangan-modal']</arg>
<doc>Clicks the button identified by ``locator``.</doc>
<status status="PASS" start="2025-06-14T16:50:02.844541" elapsed="0.159038"/>
</kw>
<kw name="Wait Until Element Is Visible" owner="SeleniumLibrary">
<arg>id=ruangan-modal</arg>
<arg>timeout=10</arg>
<doc>Waits until the element ``locator`` is visible.</doc>
<status status="PASS" start="2025-06-14T16:50:03.004580" elapsed="0.034452"/>
</kw>
<kw name="Element Should Be Visible" owner="SeleniumLibrary">
<msg time="2025-06-14T16:50:03.067465" level="INFO">Element 'id=ruangan-modal' is displayed.</msg>
<arg>id=ruangan-modal</arg>
<doc>Verifies that the element identified by ``locator`` is visible.</doc>
<status status="PASS" start="2025-06-14T16:50:03.040093" elapsed="0.027884"/>
</kw>
<kw name="Input Text" owner="SeleniumLibrary">
<msg time="2025-06-14T16:50:03.069993" level="INFO">Typing text 'Gedung A Lantai 1' into text field 'id=lokasi'.</msg>
<arg>id=lokasi</arg>
<arg>Gedung A Lantai 1</arg>
<doc>Types the given ``text`` into the text field identified by ``locator``.</doc>
<status status="PASS" start="2025-06-14T16:50:03.069000" elapsed="0.230568"/>
</kw>
<kw name="Sleep" owner="BuiltIn">
<msg time="2025-06-14T16:50:05.303037" level="INFO">Slept 2 seconds.</msg>
<arg>2s</arg>
<doc>Pauses the test executed for the given time.</doc>
<status status="PASS" start="2025-06-14T16:50:03.301572" elapsed="2.002483"/>
</kw>
<kw name="Click Button" owner="SeleniumLibrary">
<msg time="2025-06-14T16:50:05.307063" level="INFO">Clicking button 'id=ruangan-submit-btn'.</msg>
<arg>id=ruangan-submit-btn</arg>
<doc>Clicks the button identified by ``locator``.</doc>
<status status="PASS" start="2025-06-14T16:50:05.305058" elapsed="1.914612"/>
</kw>
<kw name="Wait Until Element Is Visible" owner="SeleniumLibrary">
<arg>xpath=//*[contains(text(), 'The nama ruangan field is required.')]</arg>
<arg>timeout=10</arg>
<doc>Waits until the element ``locator`` is visible.</doc>
<status status="PASS" start="2025-06-14T16:50:07.220823" elapsed="0.049804"/>
</kw>
<kw name="Close Browser" owner="SeleniumLibrary">
<doc>Closes the current browser.</doc>
<status status="PASS" start="2025-06-14T16:50:07.271628" elapsed="2.294655"/>
</kw>
<doc>Test adding ruangan without name - should show validation error</doc>
<status status="PASS" start="2025-06-14T16:49:54.770650" elapsed="14.796648"/>
</test>
<test id="s1-t3" name="Tambah Ruangan tanpa Lokasi" line="52">
<kw name="Open Browser" owner="SeleniumLibrary">
<msg time="2025-06-14T16:50:09.571179" level="INFO">Opening browser 'chrome' to base url 'http://localhost:8000/login'.</msg>
<arg>${LOGIN_URL}</arg>
<arg>${BROWSER}</arg>
<doc>Opens a new browser instance to the optional ``url``.</doc>
<status status="PASS" start="2025-06-14T16:50:09.571179" elapsed="3.038223"/>
</kw>
<kw name="Input Text" owner="SeleniumLibrary">
<msg time="2025-06-14T16:50:12.611598" level="INFO">Typing text 'admin@gmail.com' into text field 'id=email'.</msg>
<arg>id=email</arg>
<arg>${EMAIL}</arg>
<doc>Types the given ``text`` into the text field identified by ``locator``.</doc>
<status status="PASS" start="2025-06-14T16:50:12.610409" elapsed="0.258121"/>
</kw>
<kw name="Input Text" owner="SeleniumLibrary">
<msg time="2025-06-14T16:50:12.869982" level="INFO">Typing text 'admin123' into text field 'id=password'.</msg>
<arg>id=password</arg>
<arg>${PASSWORD}</arg>
<doc>Types the given ``text`` into the text field identified by ``locator``.</doc>
<status status="PASS" start="2025-06-14T16:50:12.869982" elapsed="0.177633"/>
</kw>
<kw name="Click Button" owner="SeleniumLibrary">
<msg time="2025-06-14T16:50:13.049112" level="INFO">Clicking button 'id=login-button'.</msg>
<arg>id=login-button</arg>
<doc>Clicks the button identified by ``locator``.</doc>
<status status="PASS" start="2025-06-14T16:50:13.047615" elapsed="2.725531"/>
</kw>
<kw name="Wait Until Element Is Visible" owner="SeleniumLibrary">
<arg>id=dashboard</arg>
<arg>timeout=10</arg>
<doc>Waits until the element ``locator`` is visible.</doc>
<status status="PASS" start="2025-06-14T16:50:15.774647" elapsed="0.054072"/>
</kw>
<kw name="Element Should Be Visible" owner="SeleniumLibrary">
<msg time="2025-06-14T16:50:15.854900" level="INFO">Element 'id=dashboard' is displayed.</msg>
<arg>id=dashboard</arg>
<doc>Verifies that the element identified by ``locator`` is visible.</doc>
<status status="PASS" start="2025-06-14T16:50:15.829704" elapsed="0.025196"/>
</kw>
<kw name="Click Element" owner="SeleniumLibrary">
<msg time="2025-06-14T16:50:15.857116" level="INFO">Clicking element 'id=ruangan-link'.</msg>
<arg>id=ruangan-link</arg>
<doc>Click the element identified by ``locator``.</doc>
<status status="PASS" start="2025-06-14T16:50:15.856087" elapsed="1.686535"/>
</kw>
<kw name="Wait Until Element Is Visible" owner="SeleniumLibrary">
<arg>id=ruangan-table</arg>
<arg>timeout=10</arg>
<doc>Waits until the element ``locator`` is visible.</doc>
<status status="PASS" start="2025-06-14T16:50:17.543859" elapsed="0.036723"/>
</kw>
<kw name="Element Should Be Visible" owner="SeleniumLibrary">
<msg time="2025-06-14T16:50:17.622008" level="INFO">Element 'id=ruangan-table' is displayed.</msg>
<arg>id=ruangan-table</arg>
<doc>Verifies that the element identified by ``locator`` is visible.</doc>
<status status="PASS" start="2025-06-14T16:50:17.581579" elapsed="0.040429"/>
</kw>
<kw name="Click Button" owner="SeleniumLibrary">
<msg time="2025-06-14T16:50:17.625355" level="INFO">Clicking button 'xpath=//button[contains(text(), 'Tambah') or @data-modal-target='ruangan-modal']'.</msg>
<arg>xpath=//button[contains(text(), 'Tambah') or @data-modal-target='ruangan-modal']</arg>
<doc>Clicks the button identified by ``locator``.</doc>
<status status="PASS" start="2025-06-14T16:50:17.624354" elapsed="0.161511"/>
</kw>
<kw name="Wait Until Element Is Visible" owner="SeleniumLibrary">
<arg>id=ruangan-modal</arg>
<arg>timeout=10</arg>
<doc>Waits until the element ``locator`` is visible.</doc>
<status status="PASS" start="2025-06-14T16:50:17.786880" elapsed="0.035135"/>
</kw>
<kw name="Element Should Be Visible" owner="SeleniumLibrary">
<msg time="2025-06-14T16:50:17.849632" level="INFO">Element 'id=ruangan-modal' is displayed.</msg>
<arg>id=ruangan-modal</arg>
<doc>Verifies that the element identified by ``locator`` is visible.</doc>
<status status="PASS" start="2025-06-14T16:50:17.824000" elapsed="0.026632"/>
</kw>
<kw name="Input Text" owner="SeleniumLibrary">
<msg time="2025-06-14T16:50:17.852758" level="INFO">Typing text 'Ruangan Kuliah A' into text field 'id=nama_ruangan'.</msg>
<arg>id=nama_ruangan</arg>
<arg>Ruangan Kuliah A</arg>
<doc>Types the given ``text`` into the text field identified by ``locator``.</doc>
<status status="PASS" start="2025-06-14T16:50:17.851630" elapsed="0.242754"/>
</kw>
<kw name="Sleep" owner="BuiltIn">
<msg time="2025-06-14T16:50:20.096034" level="INFO">Slept 2 seconds.</msg>
<arg>2s</arg>
<doc>Pauses the test executed for the given time.</doc>
<status status="PASS" start="2025-06-14T16:50:18.095403" elapsed="2.000631"/>
</kw>
<kw name="Click Button" owner="SeleniumLibrary">
<msg time="2025-06-14T16:50:20.106422" level="INFO">Clicking button 'id=ruangan-submit-btn'.</msg>
<arg>id=ruangan-submit-btn</arg>
<doc>Clicks the button identified by ``locator``.</doc>
<status status="PASS" start="2025-06-14T16:50:20.106422" elapsed="1.837852"/>
</kw>
<kw name="Wait Until Element Is Visible" owner="SeleniumLibrary">
<arg>xpath=//*[contains(text(), 'The lokasi field is required.')]</arg>
<arg>timeout=10</arg>
<doc>Waits until the element ``locator`` is visible.</doc>
<status status="PASS" start="2025-06-14T16:50:21.945520" elapsed="0.037327"/>
</kw>
<kw name="Close Browser" owner="SeleniumLibrary">
<doc>Closes the current browser.</doc>
<status status="PASS" start="2025-06-14T16:50:21.983832" elapsed="2.287630"/>
</kw>
<doc>Test adding ruangan without location - should show validation error</doc>
<status status="PASS" start="2025-06-14T16:50:09.569804" elapsed="14.703330"/>
</test>
<test id="s1-t4" name="Tambah Ruangan - Berhasil" line="73">
<kw name="Open Browser" owner="SeleniumLibrary">
<msg time="2025-06-14T16:50:24.277649" level="INFO">Opening browser 'chrome' to base url 'http://localhost:8000/login'.</msg>
<arg>${LOGIN_URL}</arg>
<arg>${BROWSER}</arg>
<doc>Opens a new browser instance to the optional ``url``.</doc>
<status status="PASS" start="2025-06-14T16:50:24.276400" elapsed="2.801266"/>
</kw>
<kw name="Input Text" owner="SeleniumLibrary">
<msg time="2025-06-14T16:50:27.080154" level="INFO">Typing text 'admin@gmail.com' into text field 'id=email'.</msg>
<arg>id=email</arg>
<arg>${EMAIL}</arg>
<doc>Types the given ``text`` into the text field identified by ``locator``.</doc>
<status status="PASS" start="2025-06-14T16:50:27.078665" elapsed="0.232726"/>
</kw>
<kw name="Input Text" owner="SeleniumLibrary">
<msg time="2025-06-14T16:50:27.313644" level="INFO">Typing text 'admin123' into text field 'id=password'.</msg>
<arg>id=password</arg>
<arg>${PASSWORD}</arg>
<doc>Types the given ``text`` into the text field identified by ``locator``.</doc>
<status status="PASS" start="2025-06-14T16:50:27.312567" elapsed="0.176260"/>
</kw>
<kw name="Click Button" owner="SeleniumLibrary">
<msg time="2025-06-14T16:50:27.490965" level="INFO">Clicking button 'id=login-button'.</msg>
<arg>id=login-button</arg>
<doc>Clicks the button identified by ``locator``.</doc>
<status status="PASS" start="2025-06-14T16:50:27.489955" elapsed="2.693206"/>
</kw>
<kw name="Wait Until Element Is Visible" owner="SeleniumLibrary">
<arg>id=dashboard</arg>
<arg>timeout=10</arg>
<doc>Waits until the element ``locator`` is visible.</doc>
<status status="PASS" start="2025-06-14T16:50:30.183161" elapsed="0.078014"/>
</kw>
<kw name="Element Should Be Visible" owner="SeleniumLibrary">
<msg time="2025-06-14T16:50:30.287903" level="INFO">Element 'id=dashboard' is displayed.</msg>
<arg>id=dashboard</arg>
<doc>Verifies that the element identified by ``locator`` is visible.</doc>
<status status="PASS" start="2025-06-14T16:50:30.261879" elapsed="0.027151"/>
</kw>
<kw name="Click Element" owner="SeleniumLibrary">
<msg time="2025-06-14T16:50:30.290432" level="INFO">Clicking element 'id=ruangan-link'.</msg>
<arg>id=ruangan-link</arg>
<doc>Click the element identified by ``locator``.</doc>
<status status="PASS" start="2025-06-14T16:50:30.289030" elapsed="1.708217"/>
</kw>
<kw name="Wait Until Element Is Visible" owner="SeleniumLibrary">
<arg>id=ruangan-table</arg>
<arg>timeout=10</arg>
<doc>Waits until the element ``locator`` is visible.</doc>
<status status="PASS" start="2025-06-14T16:50:31.998254" elapsed="0.043070"/>
</kw>
<kw name="Element Should Be Visible" owner="SeleniumLibrary">
<msg time="2025-06-14T16:50:32.068752" level="INFO">Element 'id=ruangan-table' is displayed.</msg>
<arg>id=ruangan-table</arg>
<doc>Verifies that the element identified by ``locator`` is visible.</doc>
<status status="PASS" start="2025-06-14T16:50:32.042327" elapsed="0.027445"/>
</kw>
<kw name="Click Button" owner="SeleniumLibrary">
<msg time="2025-06-14T16:50:32.071852" level="INFO">Clicking button 'xpath=//button[contains(text(), 'Tambah') or @data-modal-target='ruangan-modal']'.</msg>
<arg>xpath=//button[contains(text(), 'Tambah') or @data-modal-target='ruangan-modal']</arg>
<doc>Clicks the button identified by ``locator``.</doc>
<status status="PASS" start="2025-06-14T16:50:32.071852" elapsed="0.150864"/>
</kw>
<kw name="Wait Until Element Is Visible" owner="SeleniumLibrary">
<arg>id=ruangan-modal</arg>
<arg>timeout=10</arg>
<doc>Waits until the element ``locator`` is visible.</doc>
<status status="PASS" start="2025-06-14T16:50:32.223850" elapsed="0.040327"/>
</kw>
<kw name="Element Should Be Visible" owner="SeleniumLibrary">
<msg time="2025-06-14T16:50:32.291133" level="INFO">Element 'id=ruangan-modal' is displayed.</msg>
<arg>id=ruangan-modal</arg>
<doc>Verifies that the element identified by ``locator`` is visible.</doc>
<status status="PASS" start="2025-06-14T16:50:32.265179" elapsed="0.027188"/>
</kw>
<kw name="Input Text" owner="SeleniumLibrary">
<msg time="2025-06-14T16:50:32.294480" level="INFO">Typing text 'Ruangan Multimedia' into text field 'id=nama_ruangan'.</msg>
<arg>id=nama_ruangan</arg>
<arg>Ruangan Multimedia</arg>
<doc>Types the given ``text`` into the text field identified by ``locator``.</doc>
<status status="PASS" start="2025-06-14T16:50:32.293395" elapsed="0.229630"/>
</kw>
<kw name="Input Text" owner="SeleniumLibrary">
<msg time="2025-06-14T16:50:32.525334" level="INFO">Typing text 'Gedung B Lantai 2' into text field 'id=lokasi'.</msg>
<arg>id=lokasi</arg>
<arg>Gedung B Lantai 2</arg>
<doc>Types the given ``text`` into the text field identified by ``locator``.</doc>
<status status="PASS" start="2025-06-14T16:50:32.524334" elapsed="0.234167"/>
</kw>
<kw name="Sleep" owner="BuiltIn">
<msg time="2025-06-14T16:50:34.763281" level="INFO">Slept 2 seconds.</msg>
<arg>2s</arg>
<doc>Pauses the test executed for the given time.</doc>
<status status="PASS" start="2025-06-14T16:50:32.759989" elapsed="2.003292"/>
</kw>
<kw name="Click Button" owner="SeleniumLibrary">
<msg time="2025-06-14T16:50:34.765788" level="INFO">Clicking button 'id=ruangan-submit-btn'.</msg>
<arg>id=ruangan-submit-btn</arg>
<doc>Clicks the button identified by ``locator``.</doc>
<status status="PASS" start="2025-06-14T16:50:34.764781" elapsed="1.997299"/>
</kw>
<kw name="Wait Until Element Is Visible" owner="SeleniumLibrary">
<arg>xpath=//*[contains(text(), 'success!')]</arg>
<arg>timeout=10</arg>
<doc>Waits until the element ``locator`` is visible.</doc>
<status status="PASS" start="2025-06-14T16:50:36.763211" elapsed="0.033858"/>
</kw>
<kw name="Close Browser" owner="SeleniumLibrary">
<doc>Closes the current browser.</doc>
<status status="PASS" start="2025-06-14T16:50:36.798080" elapsed="2.266925"/>
</kw>
<doc>Test successful ruangan addition</doc>
<status status="PASS" start="2025-06-14T16:50:24.275129" elapsed="14.791872"/>
</test>
<test id="s1-t5" name="QR Code - Generate QR untuk Ruangan" line="94">
<kw name="Open Browser" owner="SeleniumLibrary">
<msg time="2025-06-14T16:50:39.071308" level="INFO">Opening browser 'chrome' to base url 'http://localhost:8000/login'.</msg>
<arg>${LOGIN_URL}</arg>
<arg>${BROWSER}</arg>
<doc>Opens a new browser instance to the optional ``url``.</doc>
<status status="PASS" start="2025-06-14T16:50:39.070176" elapsed="2.686637"/>
</kw>
<kw name="Input Text" owner="SeleniumLibrary">
<msg time="2025-06-14T16:50:41.758801" level="INFO">Typing text 'admin@gmail.com' into text field 'id=email'.</msg>
<arg>id=email</arg>
<arg>${EMAIL}</arg>
<doc>Types the given ``text`` into the text field identified by ``locator``.</doc>
<status status="PASS" start="2025-06-14T16:50:41.757803" elapsed="0.234884"/>
</kw>
<kw name="Input Text" owner="SeleniumLibrary">
<msg time="2025-06-14T16:50:41.994753" level="INFO">Typing text 'admin123' into text field 'id=password'.</msg>
<arg>id=password</arg>
<arg>${PASSWORD}</arg>
<doc>Types the given ``text`` into the text field identified by ``locator``.</doc>
<status status="PASS" start="2025-06-14T16:50:41.993698" elapsed="0.174488"/>
</kw>
<kw name="Click Button" owner="SeleniumLibrary">
<msg time="2025-06-14T16:50:42.170208" level="INFO">Clicking button 'id=login-button'.</msg>
<arg>id=login-button</arg>
<doc>Clicks the button identified by ``locator``.</doc>
<status status="PASS" start="2025-06-14T16:50:42.169185" elapsed="2.513667"/>
</kw>
<kw name="Wait Until Element Is Visible" owner="SeleniumLibrary">
<arg>id=dashboard</arg>
<arg>timeout=${WAIT_TIMEOUT}</arg>
<doc>Waits until the element ``locator`` is visible.</doc>
<status status="PASS" start="2025-06-14T16:50:44.682852" elapsed="0.058862"/>
</kw>
<kw name="Click Element" owner="SeleniumLibrary">
<msg time="2025-06-14T16:50:44.743714" level="INFO">Clicking element 'id=ruangan-link'.</msg>
<arg>id=ruangan-link</arg>
<doc>Click the element identified by ``locator``.</doc>
<status status="PASS" start="2025-06-14T16:50:44.742713" elapsed="1.652909"/>
</kw>
<kw name="Wait Until Element Is Visible" owner="SeleniumLibrary">
<arg>id=ruangan-table</arg>
<arg>timeout=${WAIT_TIMEOUT}</arg>
<doc>Waits until the element ``locator`` is visible.</doc>
<status status="PASS" start="2025-06-14T16:50:46.396630" elapsed="0.036157"/>
</kw>
<kw name="Wait Until Element Is Visible" owner="SeleniumLibrary">
<arg>css=table#ruangan-table tbody tr</arg>
<arg>timeout=${WAIT_TIMEOUT}</arg>
<doc>Waits until the element ``locator`` is visible.</doc>
<status status="PASS" start="2025-06-14T16:50:46.435114" elapsed="0.883706"/>
</kw>
<kw name="Sleep" owner="BuiltIn">
<msg time="2025-06-14T16:50:52.321172" level="INFO">Slept 5 seconds.</msg>
<arg>${LONG_WAIT}</arg>
<doc>Pauses the test executed for the given time.</doc>
<status status="PASS" start="2025-06-14T16:50:47.319849" elapsed="5.001836"/>
</kw>
<kw name="Wait Until Element Is Visible" owner="SeleniumLibrary">
<arg>css=button.bg-green-500</arg>
<arg>timeout=${WAIT_TIMEOUT}</arg>
<doc>Waits until the element ``locator`` is visible.</doc>
<status status="PASS" start="2025-06-14T16:50:52.322703" elapsed="0.035585"/>
</kw>
<kw name="Click Element" owner="SeleniumLibrary">
<msg time="2025-06-14T16:50:52.360269" level="INFO">Clicking element 'css=button.bg-green-500'.</msg>
<arg>css=button.bg-green-500</arg>
<doc>Click the element identified by ``locator``.</doc>
<status status="PASS" start="2025-06-14T16:50:52.360269" elapsed="0.233339"/>
</kw>
<kw name="Sleep" owner="BuiltIn">
<msg time="2025-06-14T16:50:54.599683" level="INFO">Slept 2 seconds.</msg>
<arg>${SHORT_WAIT}</arg>
<doc>Pauses the test executed for the given time.</doc>
<status status="PASS" start="2025-06-14T16:50:52.599097" elapsed="2.001125"/>
</kw>
<kw name="Switch Window" owner="SeleniumLibrary">
<arg>NEW</arg>
<doc>Switches to browser window matching ``locator``.</doc>
<status status="PASS" start="2025-06-14T16:50:54.601241" elapsed="0.022161"/>
</kw>
<kw name="Wait Until Location Contains" owner="SeleniumLibrary">
<arg>/qr/generate-room</arg>
<arg>timeout=${WAIT_TIMEOUT}</arg>
<doc>Waits until the current URL contains ``expected``.</doc>
<status status="PASS" start="2025-06-14T16:50:54.625805" elapsed="0.018219"/>
</kw>
<kw name="Location Should Contain" owner="SeleniumLibrary">
<msg time="2025-06-14T16:50:54.658482" level="INFO">Current location contains 'generate-room'.</msg>
<arg>generate-room</arg>
<doc>Verifies that the current URL contains ``expected``.</doc>
<status status="PASS" start="2025-06-14T16:50:54.647025" elapsed="0.012638"/>
</kw>
<kw name="Close Window" owner="SeleniumLibrary">
<doc>Closes currently opened and selected browser window/tab.</doc>
<status status="PASS" start="2025-06-14T16:50:54.662666" elapsed="0.060094"/>
</kw>
<kw name="Switch Window" owner="SeleniumLibrary">
<arg>MAIN</arg>
<doc>Switches to browser window matching ``locator``.</doc>
<status status="PASS" start="2025-06-14T16:50:54.723763" elapsed="0.020139"/>
</kw>
<kw name="Close Browser" owner="SeleniumLibrary">
<doc>Closes the current browser.</doc>
<status status="PASS" start="2025-06-14T16:50:54.744903" elapsed="2.395632"/>
</kw>
<doc>Test generating QR code for a room - navigates to separate QR page</doc>
<status status="PASS" start="2025-06-14T16:50:39.069006" elapsed="18.072530"/>
</test>
<test id="s1-t6" name="QR Code - Print QR Code" line="123">
<kw name="Open Browser" owner="SeleniumLibrary">
<msg time="2025-06-14T16:50:57.147010" level="INFO">Opening browser 'chrome' to base url 'http://localhost:8000/login'.</msg>
<arg>${LOGIN_URL}</arg>
<arg>${BROWSER}</arg>
<doc>Opens a new browser instance to the optional ``url``.</doc>
<status status="PASS" start="2025-06-14T16:50:57.145361" elapsed="3.297091"/>
</kw>
<kw name="Input Text" owner="SeleniumLibrary">
<msg time="2025-06-14T16:51:00.444430" level="INFO">Typing text 'admin@gmail.com' into text field 'id=email'.</msg>
<arg>id=email</arg>
<arg>${EMAIL}</arg>
<doc>Types the given ``text`` into the text field identified by ``locator``.</doc>
<status status="PASS" start="2025-06-14T16:51:00.443443" elapsed="0.222059"/>
</kw>
<kw name="Input Text" owner="SeleniumLibrary">
<msg time="2025-06-14T16:51:00.666975" level="INFO">Typing text 'admin123' into text field 'id=password'.</msg>
<arg>id=password</arg>
<arg>${PASSWORD}</arg>
<doc>Types the given ``text`` into the text field identified by ``locator``.</doc>
<status status="PASS" start="2025-06-14T16:51:00.666975" elapsed="0.182199"/>
</kw>
<kw name="Click Button" owner="SeleniumLibrary">
<msg time="2025-06-14T16:51:00.851211" level="INFO">Clicking button 'id=login-button'.</msg>
<arg>id=login-button</arg>
<doc>Clicks the button identified by ``locator``.</doc>
<status status="PASS" start="2025-06-14T16:51:00.850201" elapsed="2.731622"/>
</kw>
<kw name="Wait Until Element Is Visible" owner="SeleniumLibrary">
<arg>id=dashboard</arg>
<arg>timeout=${WAIT_TIMEOUT}</arg>
<doc>Waits until the element ``locator`` is visible.</doc>
<status status="PASS" start="2025-06-14T16:51:03.582825" elapsed="0.036554"/>
</kw>
<kw name="Click Element" owner="SeleniumLibrary">
<msg time="2025-06-14T16:51:03.621470" level="INFO">Clicking element 'id=ruangan-link'.</msg>
<arg>id=ruangan-link</arg>
<doc>Click the element identified by ``locator``.</doc>
<status status="PASS" start="2025-06-14T16:51:03.620381" elapsed="1.539961"/>
</kw>
<kw name="Wait Until Element Is Visible" owner="SeleniumLibrary">
<arg>id=ruangan-table</arg>
<arg>timeout=${WAIT_TIMEOUT}</arg>
<doc>Waits until the element ``locator`` is visible.</doc>
<status status="PASS" start="2025-06-14T16:51:05.161374" elapsed="0.048533"/>
</kw>
<kw name="Wait Until Element Is Visible" owner="SeleniumLibrary">
<arg>css=table#ruangan-table tbody tr</arg>
<arg>timeout=${WAIT_TIMEOUT}</arg>
<doc>Waits until the element ``locator`` is visible.</doc>
<status status="PASS" start="2025-06-14T16:51:05.211998" elapsed="0.893260"/>
</kw>
<kw name="Sleep" owner="BuiltIn">
<msg time="2025-06-14T16:51:11.107622" level="INFO">Slept 5 seconds.</msg>
<arg>${LONG_WAIT}</arg>
<doc>Pauses the test executed for the given time.</doc>
<status status="PASS" start="2025-06-14T16:51:06.106264" elapsed="5.002382"/>
</kw>
<kw name="Wait Until Element Is Visible" owner="SeleniumLibrary">
<arg>css=button.bg-green-500</arg>
<arg>timeout=${WAIT_TIMEOUT}</arg>
<doc>Waits until the element ``locator`` is visible.</doc>
<status status="PASS" start="2025-06-14T16:51:11.109649" elapsed="0.035829"/>
</kw>
<kw name="Click Element" owner="SeleniumLibrary">
<msg time="2025-06-14T16:51:11.146478" level="INFO">Clicking element 'css=button.bg-green-500'.</msg>
<arg>css=button.bg-green-500</arg>
<doc>Click the element identified by ``locator``.</doc>
<status status="PASS" start="2025-06-14T16:51:11.146478" elapsed="0.214534"/>
</kw>
<kw name="Sleep" owner="BuiltIn">
<msg time="2025-06-14T16:51:13.364002" level="INFO">Slept 2 seconds.</msg>
<arg>${SHORT_WAIT}</arg>
<doc>Pauses the test executed for the given time.</doc>
<status status="PASS" start="2025-06-14T16:51:11.362113" elapsed="2.001889"/>
</kw>
<kw name="Switch Window" owner="SeleniumLibrary">
<arg>NEW</arg>
<doc>Switches to browser window matching ``locator``.</doc>
<status status="PASS" start="2025-06-14T16:51:13.365127" elapsed="0.029564"/>
</kw>
<kw name="Wait Until Location Contains" owner="SeleniumLibrary">
<arg>/qr/generate-room</arg>
<arg>timeout=${WAIT_TIMEOUT}</arg>
<doc>Waits until the current URL contains ``expected``.</doc>
<status status="PASS" start="2025-06-14T16:51:13.396700" elapsed="0.018055"/>
</kw>
<kw name="Run Keyword And Return Status" owner="BuiltIn">
<kw name="Element Should Be Visible" owner="SeleniumLibrary">
<msg time="2025-06-14T16:51:13.457835" level="INFO">Element 'xpath=//button[contains(text(), 'Print') or contains(text(), 'Cetak')]' is displayed.</msg>
<arg>xpath=//button[contains(text(), 'Print') or contains(text(), 'Cetak')]</arg>
<doc>Verifies that the element identified by ``locator`` is visible.</doc>
<status status="PASS" start="2025-06-14T16:51:13.416774" elapsed="0.041061"/>
</kw>
<msg time="2025-06-14T16:51:13.457835" level="INFO">${print_btn_present} = True</msg>
<var>${print_btn_present}</var>
<arg>Element Should Be Visible</arg>
<arg>xpath=//button[contains(text(), 'Print') or contains(text(), 'Cetak')]</arg>
<doc>Runs the given keyword with given arguments and returns the status as a Boolean value.</doc>
<status status="PASS" start="2025-06-14T16:51:13.415779" elapsed="0.043105"/>
</kw>
<kw name="Run Keyword If" owner="BuiltIn">
<kw name="Click Button" owner="SeleniumLibrary">
<msg time="2025-06-14T16:51:13.460995" level="INFO">Clicking button 'xpath=//button[contains(text(), 'Print') or contains(text(), 'Cetak')]'.</msg>
<arg>xpath=//button[contains(text(), 'Print') or contains(text(), 'Cetak')]</arg>
<doc>Clicks the button identified by ``locator``.</doc>
<status status="PASS" start="2025-06-14T16:51:13.459865" elapsed="10.501549"/>
</kw>
<arg>${print_btn_present}</arg>
<arg>Click Button</arg>
<arg>xpath=//button[contains(text(), 'Print') or contains(text(), 'Cetak')]</arg>
<doc>Runs the given keyword with the given arguments, if ``condition`` is true.</doc>
<status status="PASS" start="2025-06-14T16:51:13.459865" elapsed="10.502542"/>
</kw>
<kw name="Sleep" owner="BuiltIn">
<msg time="2025-06-14T16:51:25.968014" level="INFO">Slept 2 seconds.</msg>
<arg>${SHORT_WAIT}</arg>
<doc>Pauses the test executed for the given time.</doc>
<status status="PASS" start="2025-06-14T16:51:23.965417" elapsed="2.002597"/>
</kw>
<kw name="Close Window" owner="SeleniumLibrary">
<doc>Closes currently opened and selected browser window/tab.</doc>
<status status="PASS" start="2025-06-14T16:51:25.970030" elapsed="0.077239"/>
</kw>
<kw name="Switch Window" owner="SeleniumLibrary">
<arg>MAIN</arg>
<doc>Switches to browser window matching ``locator``.</doc>
<status status="PASS" start="2025-06-14T16:51:26.054667" elapsed="0.017226"/>
</kw>
<kw name="Close Browser" owner="SeleniumLibrary">
<doc>Closes the current browser.</doc>
<status status="PASS" start="2025-06-14T16:51:26.073298" elapsed="2.329844"/>
</kw>
<doc>Test printing QR code for a room from QR page</doc>
<status status="PASS" start="2025-06-14T16:50:57.143841" elapsed="31.260299"/>
</test>
<test id="s1-t7" name="Edit Ruangan - Validasi Nama Kosong" line="158">
<kw name="Open Browser" owner="SeleniumLibrary">
<msg time="2025-06-14T16:51:28.408912" level="INFO">Opening browser 'chrome' to base url 'http://localhost:8000/login'.</msg>
<arg>${LOGIN_URL}</arg>
<arg>${BROWSER}</arg>
<doc>Opens a new browser instance to the optional ``url``.</doc>
<status status="PASS" start="2025-06-14T16:51:28.408912" elapsed="3.291840"/>
</kw>
<kw name="Input Text" owner="SeleniumLibrary">
<msg time="2025-06-14T16:51:31.701777" level="INFO">Typing text 'admin@gmail.com' into text field 'id=email'.</msg>
<arg>id=email</arg>
<arg>${EMAIL}</arg>
<doc>Types the given ``text`` into the text field identified by ``locator``.</doc>
<status status="PASS" start="2025-06-14T16:51:31.701777" elapsed="0.223850"/>
</kw>
<kw name="Input Text" owner="SeleniumLibrary">
<msg time="2025-06-14T16:51:31.927939" level="INFO">Typing text 'admin123' into text field 'id=password'.</msg>
<arg>id=password</arg>
<arg>${PASSWORD}</arg>
<doc>Types the given ``text`` into the text field identified by ``locator``.</doc>
<status status="PASS" start="2025-06-14T16:51:31.926940" elapsed="0.174969"/>
</kw>
<kw name="Click Button" owner="SeleniumLibrary">
<msg time="2025-06-14T16:51:32.104363" level="INFO">Clicking button 'id=login-button'.</msg>
<arg>id=login-button</arg>
<doc>Clicks the button identified by ``locator``.</doc>
<status status="PASS" start="2025-06-14T16:51:32.103002" elapsed="2.591501"/>
</kw>
<kw name="Wait Until Element Is Visible" owner="SeleniumLibrary">
<arg>id=dashboard</arg>
<arg>timeout=${WAIT_TIMEOUT}</arg>
<doc>Waits until the element ``locator`` is visible.</doc>
<status status="PASS" start="2025-06-14T16:51:34.695524" elapsed="0.058282"/>
</kw>
<kw name="Click Element" owner="SeleniumLibrary">
<msg time="2025-06-14T16:51:34.755474" level="INFO">Clicking element 'id=ruangan-link'.</msg>
<arg>id=ruangan-link</arg>
<doc>Click the element identified by ``locator``.</doc>
<status status="PASS" start="2025-06-14T16:51:34.754316" elapsed="1.762379"/>
</kw>
<kw name="Wait Until Element Is Visible" owner="SeleniumLibrary">
<arg>id=ruangan-table</arg>
<arg>timeout=${WAIT_TIMEOUT}</arg>
<doc>Waits until the element ``locator`` is visible.</doc>
<status status="PASS" start="2025-06-14T16:51:36.517690" elapsed="0.041804"/>
</kw>
<kw name="Wait Until Element Is Visible" owner="SeleniumLibrary">
<arg>css=table#ruangan-table tbody tr</arg>
<arg>timeout=${WAIT_TIMEOUT}</arg>
<doc>Waits until the element ``locator`` is visible.</doc>
<status status="PASS" start="2025-06-14T16:51:36.560499" elapsed="0.896878"/>
</kw>
<kw name="Sleep" owner="BuiltIn">
<msg time="2025-06-14T16:51:42.459035" level="INFO">Slept 5 seconds.</msg>
<arg>${LONG_WAIT}</arg>
<doc>Pauses the test executed for the given time.</doc>
<status status="PASS" start="2025-06-14T16:51:37.457377" elapsed="5.001658"/>
</kw>
<kw name="Wait Until Element Is Visible" owner="SeleniumLibrary">
<arg>css=button[id^="edit-ruangan-"]</arg>
<arg>timeout=${WAIT_TIMEOUT}</arg>
<doc>Waits until the element ``locator`` is visible.</doc>
<status status="PASS" start="2025-06-14T16:51:42.460436" elapsed="0.038113"/>
</kw>
<kw name="Click Element" owner="SeleniumLibrary">
<msg time="2025-06-14T16:51:42.500057" level="INFO">Clicking element 'css=button[id^="edit-ruangan-"]'.</msg>
<arg>css=button[id^="edit-ruangan-"]</arg>
<doc>Click the element identified by ``locator``.</doc>
<status status="PASS" start="2025-06-14T16:51:42.498549" elapsed="0.126857"/>
</kw>
<kw name="Wait Until Element Is Visible" owner="SeleniumLibrary">
<arg>id=edit-ruangan-modal</arg>
<arg>timeout=${WAIT_TIMEOUT}</arg>
<doc>Waits until the element ``locator`` is visible.</doc>
<status status="PASS" start="2025-06-14T16:51:42.626619" elapsed="0.675451"/>
</kw>
<kw name="Sleep" owner="BuiltIn">
<msg time="2025-06-14T16:51:45.304422" level="INFO">Slept 2 seconds.</msg>
<arg>${SHORT_WAIT}</arg>
<doc>Pauses the test executed for the given time.</doc>
<status status="PASS" start="2025-06-14T16:51:43.304062" elapsed="2.000360"/>
</kw>
<kw name="Clear Element Text" owner="SeleniumLibrary">
<arg>css=#edit-ruangan-modal input[name="nama_ruangan"]</arg>
<doc>Clears the value of the text-input-element identified by ``locator``.</doc>
<status status="PASS" start="2025-06-14T16:51:45.306468" elapsed="0.081550"/>
</kw>
<kw name="Input Text" owner="SeleniumLibrary">
<msg time="2025-06-14T16:51:45.391021" level="INFO">Typing text 'Gedung C' into text field 'css=#edit-ruangan-modal input[name="lokasi"]'.</msg>
<arg>css=#edit-ruangan-modal input[name="lokasi"]</arg>
<arg>Gedung C</arg>
<doc>Types the given ``text`` into the text field identified by ``locator``.</doc>
<status status="PASS" start="2025-06-14T16:51:45.389012" elapsed="0.232148"/>
</kw>
<kw name="Click Button" owner="SeleniumLibrary">
<msg time="2025-06-14T16:51:45.623478" level="INFO">Clicking button 'css=#edit-ruangan-modal button[type="submit"]'.</msg>
<arg>css=#edit-ruangan-modal button[type="submit"]</arg>
<doc>Clicks the button identified by ``locator``.</doc>
<status status="PASS" start="2025-06-14T16:51:45.622359" elapsed="2.213306"/>
</kw>
<kw name="Wait Until Element Is Visible" owner="SeleniumLibrary">
<arg>xpath=//*[contains(text(), 'The nama ruangan field is required.')]</arg>
<arg>timeout=${WAIT_TIMEOUT}</arg>
<doc>Waits until the element ``locator`` is visible.</doc>
<status status="PASS" start="2025-06-14T16:51:47.837158" elapsed="0.045921"/>
</kw>
<kw name="Close Browser" owner="SeleniumLibrary">
<doc>Closes the current browser.</doc>
<status status="PASS" start="2025-06-14T16:51:47.886133" elapsed="2.350828"/>
</kw>
<doc>Test editing ruangan with empty name</doc>
<status status="PASS" start="2025-06-14T16:51:28.406492" elapsed="21.831504"/>
</test>
<test id="s1-t8" name="Edit Ruangan - Validasi Lokasi Kosong" line="191">
<kw name="Open Browser" owner="SeleniumLibrary">
<msg time="2025-06-14T16:51:50.242965" level="INFO">Opening browser 'chrome' to base url 'http://localhost:8000/login'.</msg>
<arg>${LOGIN_URL}</arg>
<arg>${BROWSER}</arg>
<doc>Opens a new browser instance to the optional ``url``.</doc>
<status status="PASS" start="2025-06-14T16:51:50.241597" elapsed="2.800980"/>
</kw>
<kw name="Input Text" owner="SeleniumLibrary">
<msg time="2025-06-14T16:51:53.051580" level="INFO">Typing text 'admin@gmail.com' into text field 'id=email'.</msg>
<arg>id=email</arg>
<arg>${EMAIL}</arg>
<doc>Types the given ``text`` into the text field identified by ``locator``.</doc>
<status status="PASS" start="2025-06-14T16:51:53.050583" elapsed="0.216811"/>
</kw>
<kw name="Input Text" owner="SeleniumLibrary">
<msg time="2025-06-14T16:51:53.269450" level="INFO">Typing text 'admin123' into text field 'id=password'.</msg>
<arg>id=password</arg>
<arg>${PASSWORD}</arg>
<doc>Types the given ``text`` into the text field identified by ``locator``.</doc>
<status status="PASS" start="2025-06-14T16:51:53.268451" elapsed="0.171726"/>
</kw>
<kw name="Click Button" owner="SeleniumLibrary">
<msg time="2025-06-14T16:51:53.443643" level="INFO">Clicking button 'id=login-button'.</msg>
<arg>id=login-button</arg>
<doc>Clicks the button identified by ``locator``.</doc>
<status status="PASS" start="2025-06-14T16:51:53.442646" elapsed="2.538504"/>
</kw>
<kw name="Wait Until Element Is Visible" owner="SeleniumLibrary">
<arg>id=dashboard</arg>
<arg>timeout=${WAIT_TIMEOUT}</arg>
<doc>Waits until the element ``locator`` is visible.</doc>
<status status="PASS" start="2025-06-14T16:51:55.982656" elapsed="0.059140"/>
</kw>
<kw name="Click Element" owner="SeleniumLibrary">
<msg time="2025-06-14T16:51:56.043248" level="INFO">Clicking element 'id=ruangan-link'.</msg>
<arg>id=ruangan-link</arg>
<doc>Click the element identified by ``locator``.</doc>
<status status="PASS" start="2025-06-14T16:51:56.043248" elapsed="1.641988"/>
</kw>
<kw name="Wait Until Element Is Visible" owner="SeleniumLibrary">
<arg>id=ruangan-table</arg>
<arg>timeout=${WAIT_TIMEOUT}</arg>
<doc>Waits until the element ``locator`` is visible.</doc>
<status status="PASS" start="2025-06-14T16:51:57.686264" elapsed="0.038616"/>
</kw>
<kw name="Wait Until Element Is Visible" owner="SeleniumLibrary">
<arg>css=table#ruangan-table tbody tr</arg>
<arg>timeout=${WAIT_TIMEOUT}</arg>
<doc>Waits until the element ``locator`` is visible.</doc>
<status status="PASS" start="2025-06-14T16:51:57.726880" elapsed="0.884755"/>
</kw>
<kw name="Sleep" owner="BuiltIn">
<msg time="2025-06-14T16:52:03.614348" level="INFO">Slept 5 seconds.</msg>
<arg>${LONG_WAIT}</arg>
<doc>Pauses the test executed for the given time.</doc>
<status status="PASS" start="2025-06-14T16:51:58.612665" elapsed="5.002219"/>
</kw>
<kw name="Wait Until Element Is Visible" owner="SeleniumLibrary">
<arg>css=button[id^="edit-ruangan-"]</arg>
<arg>timeout=${WAIT_TIMEOUT}</arg>
<doc>Waits until the element ``locator`` is visible.</doc>
<status status="PASS" start="2025-06-14T16:52:03.617899" elapsed="0.041761"/>
</kw>
<kw name="Click Element" owner="SeleniumLibrary">
<msg time="2025-06-14T16:52:03.661174" level="INFO">Clicking element 'css=button[id^="edit-ruangan-"]'.</msg>
<arg>css=button[id^="edit-ruangan-"]</arg>
<doc>Click the element identified by ``locator``.</doc>
<status status="PASS" start="2025-06-14T16:52:03.659660" elapsed="0.172566"/>
</kw>
<kw name="Wait Until Element Is Visible" owner="SeleniumLibrary">
<arg>id=edit-ruangan-modal</arg>
<arg>timeout=${WAIT_TIMEOUT}</arg>
<doc>Waits until the element ``locator`` is visible.</doc>
<status status="PASS" start="2025-06-14T16:52:03.833226" elapsed="0.683554"/>
</kw>
<kw name="Sleep" owner="BuiltIn">
<msg time="2025-06-14T16:52:06.518565" level="INFO">Slept 2 seconds.</msg>
<arg>${SHORT_WAIT}</arg>
<doc>Pauses the test executed for the given time.</doc>
<status status="PASS" start="2025-06-14T16:52:04.516780" elapsed="2.002712"/>
</kw>
<kw name="Input Text" owner="SeleniumLibrary">
<msg time="2025-06-14T16:52:06.522512" level="INFO">Typing text 'Test Edit Ruangan' into text field 'css=#edit-ruangan-modal input[name="nama_ruangan"]'.</msg>
<arg>css=#edit-ruangan-modal input[name="nama_ruangan"]</arg>
<arg>Test Edit Ruangan</arg>
<doc>Types the given ``text`` into the text field identified by ``locator``.</doc>
<status status="PASS" start="2025-06-14T16:52:06.521515" elapsed="0.222153"/>
</kw>
<kw name="Clear Element Text" owner="SeleniumLibrary">
<arg>css=#edit-ruangan-modal input[name="lokasi"]</arg>
<doc>Clears the value of the text-input-element identified by ``locator``.</doc>
<status status="PASS" start="2025-06-14T16:52:06.744670" elapsed="0.070085"/>
</kw>
<kw name="Click Button" owner="SeleniumLibrary">
<msg time="2025-06-14T16:52:06.817777" level="INFO">Clicking button 'css=#edit-ruangan-modal button[type="submit"]'.</msg>
<arg>css=#edit-ruangan-modal button[type="submit"]</arg>
<doc>Clicks the button identified by ``locator``.</doc>
<status status="PASS" start="2025-06-14T16:52:06.816146" elapsed="2.140636"/>
</kw>
<kw name="Wait Until Element Is Visible" owner="SeleniumLibrary">
<arg>xpath=//*[contains(text(), 'The lokasi field is required.')]</arg>
<arg>timeout=${WAIT_TIMEOUT}</arg>
<doc>Waits until the element ``locator`` is visible.</doc>
<status status="PASS" start="2025-06-14T16:52:08.958779" elapsed="0.037083"/>
</kw>
<kw name="Close Browser" owner="SeleniumLibrary">
<doc>Closes the current browser.</doc>
<status status="PASS" start="2025-06-14T16:52:08.996866" elapsed="2.343357"/>
</kw>
<doc>Test editing ruangan with empty location</doc>
<status status="PASS" start="2025-06-14T16:51:50.240592" elapsed="21.100631"/>
</test>
<test id="s1-t9" name="Edit Ruangan - Berhasil" line="225">
<kw name="Open Browser" owner="SeleniumLibrary">
<msg time="2025-06-14T16:52:11.347565" level="INFO">Opening browser 'chrome' to base url 'http://localhost:8000/login'.</msg>
<arg>${LOGIN_URL}</arg>
<arg>${BROWSER}</arg>
<doc>Opens a new browser instance to the optional ``url``.</doc>
<status status="PASS" start="2025-06-14T16:52:11.346566" elapsed="2.772722"/>
</kw>
<kw name="Input Text" owner="SeleniumLibrary">
<msg time="2025-06-14T16:52:14.121288" level="INFO">Typing text 'admin@gmail.com' into text field 'id=email'.</msg>
<arg>id=email</arg>
<arg>${EMAIL}</arg>
<doc>Types the given ``text`` into the text field identified by ``locator``.</doc>
<status status="PASS" start="2025-06-14T16:52:14.120288" elapsed="0.205461"/>
</kw>
<kw name="Input Text" owner="SeleniumLibrary">
<msg time="2025-06-14T16:52:14.328015" level="INFO">Typing text 'admin123' into text field 'id=password'.</msg>
<arg>id=password</arg>
<arg>${PASSWORD}</arg>
<doc>Types the given ``text`` into the text field identified by ``locator``.</doc>
<status status="PASS" start="2025-06-14T16:52:14.326768" elapsed="0.143330"/>
</kw>
<kw name="Click Button" owner="SeleniumLibrary">
<msg time="2025-06-14T16:52:14.472472" level="INFO">Clicking button 'id=login-button'.</msg>
<arg>id=login-button</arg>
<doc>Clicks the button identified by ``locator``.</doc>
<status status="PASS" start="2025-06-14T16:52:14.471482" elapsed="2.577824"/>
</kw>
<kw name="Wait Until Element Is Visible" owner="SeleniumLibrary">
<arg>id=dashboard</arg>
<arg>timeout=${WAIT_TIMEOUT}</arg>
<doc>Waits until the element ``locator`` is visible.</doc>
<status status="PASS" start="2025-06-14T16:52:17.050433" elapsed="0.064460"/>
</kw>
<kw name="Click Element" owner="SeleniumLibrary">
<msg time="2025-06-14T16:52:17.115899" level="INFO">Clicking element 'id=ruangan-link'.</msg>
<arg>id=ruangan-link</arg>
<doc>Click the element identified by ``locator``.</doc>
<status status="PASS" start="2025-06-14T16:52:17.115899" elapsed="1.658574"/>
</kw>
<kw name="Wait Until Element Is Visible" owner="SeleniumLibrary">
<arg>id=ruangan-table</arg>
<arg>timeout=${WAIT_TIMEOUT}</arg>
<doc>Waits until the element ``locator`` is visible.</doc>
<status status="PASS" start="2025-06-14T16:52:18.778488" elapsed="0.041143"/>
</kw>
<kw name="Wait Until Element Is Visible" owner="SeleniumLibrary">
<arg>css=table#ruangan-table tbody tr</arg>
<arg>timeout=${WAIT_TIMEOUT}</arg>
<doc>Waits until the element ``locator`` is visible.</doc>
<status status="PASS" start="2025-06-14T16:52:18.820631" elapsed="0.886592"/>
</kw>
<kw name="Sleep" owner="BuiltIn">
<msg time="2025-06-14T16:52:24.709418" level="INFO">Slept 5 seconds.</msg>
<arg>${LONG_WAIT}</arg>
<doc>Pauses the test executed for the given time.</doc>
<status status="PASS" start="2025-06-14T16:52:19.709207" elapsed="5.000211"/>
</kw>
<kw name="Get Text" owner="SeleniumLibrary">
<msg time="2025-06-14T16:52:24.778579" level="INFO">${original_data} = 1 Ruang Gedung 1 Gedung D4 TRPL - Lantai 3</msg>
<var>${original_data}</var>
<arg>css=table#ruangan-table tbody tr:first-child</arg>
<doc>Returns the text value of the element identified by ``locator``.</doc>
<status status="PASS" start="2025-06-14T16:52:24.711673" elapsed="0.066906"/>
</kw>
<kw name="Wait Until Element Is Visible" owner="SeleniumLibrary">
<arg>css=button[id^="edit-ruangan-"]</arg>
<arg>timeout=${WAIT_TIMEOUT}</arg>
<doc>Waits until the element ``locator`` is visible.</doc>
<status status="PASS" start="2025-06-14T16:52:24.779588" elapsed="0.039385"/>
</kw>
<kw name="Click Element" owner="SeleniumLibrary">
<msg time="2025-06-14T16:52:24.821060" level="INFO">Clicking element 'css=button[id^="edit-ruangan-"]'.</msg>
<arg>css=button[id^="edit-ruangan-"]</arg>
<doc>Click the element identified by ``locator``.</doc>
<status status="PASS" start="2025-06-14T16:52:24.820055" elapsed="0.126992"/>
</kw>
<kw name="Wait Until Element Is Visible" owner="SeleniumLibrary">
<arg>id=edit-ruangan-modal</arg>
<arg>timeout=${WAIT_TIMEOUT}</arg>
<doc>Waits until the element ``locator`` is visible.</doc>
<status status="PASS" start="2025-06-14T16:52:24.948037" elapsed="0.466301"/>
</kw>
<kw name="Sleep" owner="BuiltIn">
<msg time="2025-06-14T16:52:27.417731" level="INFO">Slept 2 seconds.</msg>
<arg>${SHORT_WAIT}</arg>
<doc>Pauses the test executed for the given time.</doc>
<status status="PASS" start="2025-06-14T16:52:25.416345" elapsed="2.001386"/>
</kw>
<kw name="Clear Element Text" owner="SeleniumLibrary">
<arg>css=#edit-ruangan-modal input[name="nama_ruangan"]</arg>
<doc>Clears the value of the text-input-element identified by ``locator``.</doc>
<status status="PASS" start="2025-06-14T16:52:27.419751" elapsed="0.068057"/>
</kw>
<kw name="Input Text" owner="SeleniumLibrary">
<msg time="2025-06-14T16:52:27.489516" level="INFO">Typing text 'Ruangan Edited Successfully' into text field 'css=#edit-ruangan-modal input[name="nama_ruangan"]'.</msg>
<arg>css=#edit-ruangan-modal input[name="nama_ruangan"]</arg>
<arg>Ruangan Edited Successfully</arg>
<doc>Types the given ``text`` into the text field identified by ``locator``.</doc>
<status status="PASS" start="2025-06-14T16:52:27.488957" elapsed="0.166701"/>
</kw>
<kw name="Clear Element Text" owner="SeleniumLibrary">
<arg>css=#edit-ruangan-modal input[name="lokasi"]</arg>
<doc>Clears the value of the text-input-element identified by ``locator``.</doc>
<status status="PASS" start="2025-06-14T16:52:27.656662" elapsed="0.086127"/>
</kw>
<kw name="Input Text" owner="SeleniumLibrary">
<msg time="2025-06-14T16:52:27.745259" level="INFO">Typing text 'Gedung D Lantai 3' into text field 'css=#edit-ruangan-modal input[name="lokasi"]'.</msg>
<arg>css=#edit-ruangan-modal input[name="lokasi"]</arg>
<arg>Gedung D Lantai 3</arg>
<doc>Types the given ``text`` into the text field identified by ``locator``.</doc>
<status status="PASS" start="2025-06-14T16:52:27.745259" elapsed="0.155142"/>
</kw>
<kw name="Click Button" owner="SeleniumLibrary">
<msg time="2025-06-14T16:52:27.902397" level="INFO">Clicking button 'css=#edit-ruangan-modal button[type="submit"]'.</msg>
<arg>css=#edit-ruangan-modal button[type="submit"]</arg>
<doc>Clicks the button identified by ``locator``.</doc>
<status status="PASS" start="2025-06-14T16:52:27.901410" elapsed="2.310272"/>
</kw>
<kw name="Wait Until Element Is Visible" owner="SeleniumLibrary">
<arg>xpath=//*[contains(text(), 'success!') or contains(text(), 'berhasil')]</arg>
<arg>timeout=${WAIT_TIMEOUT}</arg>
<doc>Waits until the element ``locator`` is visible.</doc>
<status status="PASS" start="2025-06-14T16:52:30.212758" elapsed="0.039523"/>
</kw>
<kw name="Sleep" owner="BuiltIn">
<msg time="2025-06-14T16:52:32.254488" level="INFO">Slept 2 seconds.</msg>
<arg>${SHORT_WAIT}</arg>
<doc>Pauses the test executed for the given time.</doc>
<status status="PASS" start="2025-06-14T16:52:30.253302" elapsed="2.001186"/>
</kw>
<kw name="Close Browser" owner="SeleniumLibrary">
<doc>Closes the current browser.</doc>
<status status="PASS" start="2025-06-14T16:52:32.255851" elapsed="2.315458"/>
</kw>
<doc>Test successful ruangan editing</doc>
<status status="PASS" start="2025-06-14T16:52:11.344564" elapsed="23.228743"/>
</test>
<test id="s1-t10" name="Delete Ruangan - Berhasil" line="265">
<kw name="Open Browser" owner="SeleniumLibrary">
<msg time="2025-06-14T16:52:34.577631" level="INFO">Opening browser 'chrome' to base url 'http://localhost:8000/login'.</msg>
<arg>${LOGIN_URL}</arg>
<arg>${BROWSER}</arg>
<doc>Opens a new browser instance to the optional ``url``.</doc>
<status status="PASS" start="2025-06-14T16:52:34.577631" elapsed="3.266025"/>
</kw>
<kw name="Input Text" owner="SeleniumLibrary">
<msg time="2025-06-14T16:52:37.847173" level="INFO">Typing text 'admin@gmail.com' into text field 'id=email'.</msg>
<arg>id=email</arg>
<arg>${EMAIL}</arg>
<doc>Types the given ``text`` into the text field identified by ``locator``.</doc>
<status status="PASS" start="2025-06-14T16:52:37.845656" elapsed="0.251260"/>
</kw>
<kw name="Input Text" owner="SeleniumLibrary">
<msg time="2025-06-14T16:52:38.099590" level="INFO">Typing text 'admin123' into text field 'id=password'.</msg>
<arg>id=password</arg>
<arg>${PASSWORD}</arg>
<doc>Types the given ``text`` into the text field identified by ``locator``.</doc>
<status status="PASS" start="2025-06-14T16:52:38.098281" elapsed="0.178467"/>
</kw>
<kw name="Click Button" owner="SeleniumLibrary">
<msg time="2025-06-14T16:52:38.280236" level="INFO">Clicking button 'id=login-button'.</msg>
<arg>id=login-button</arg>
<doc>Clicks the button identified by ``locator``.</doc>
<status status="PASS" start="2025-06-14T16:52:38.279748" elapsed="2.469404"/>
</kw>
<kw name="Wait Until Element Is Visible" owner="SeleniumLibrary">
<arg>id=dashboard</arg>
<arg>timeout=${WAIT_TIMEOUT}</arg>
<doc>Waits until the element ``locator`` is visible.</doc>
<status status="PASS" start="2025-06-14T16:52:40.750328" elapsed="0.060607"/>
</kw>
<kw name="Click Element" owner="SeleniumLibrary">
<msg time="2025-06-14T16:52:40.812915" level="INFO">Clicking element 'id=ruangan-link'.</msg>
<arg>id=ruangan-link</arg>
<doc>Click the element identified by ``locator``.</doc>
<status status="PASS" start="2025-06-14T16:52:40.811918" elapsed="1.684362"/>
</kw>
<kw name="Wait Until Element Is Visible" owner="SeleniumLibrary">
<arg>id=ruangan-table</arg>
<arg>timeout=${WAIT_TIMEOUT}</arg>
<doc>Waits until the element ``locator`` is visible.</doc>
<status status="PASS" start="2025-06-14T16:52:42.497575" elapsed="0.043652"/>
</kw>
<kw name="Wait Until Element Is Visible" owner="SeleniumLibrary">
<arg>css=table#ruangan-table tbody tr</arg>
<arg>timeout=${WAIT_TIMEOUT}</arg>
<doc>Waits until the element ``locator`` is visible.</doc>
<status status="PASS" start="2025-06-14T16:52:42.543221" elapsed="0.889953"/>
</kw>
<kw name="Sleep" owner="BuiltIn">
<msg time="2025-06-14T16:52:48.435279" level="INFO">Slept 5 seconds.</msg>
<arg>${LONG_WAIT}</arg>
<doc>Pauses the test executed for the given time.</doc>
<status status="PASS" start="2025-06-14T16:52:43.434276" elapsed="5.001003"/>
</kw>
<kw name="Get Element Count" owner="SeleniumLibrary">
<msg time="2025-06-14T16:52:48.453515" level="INFO">${rows_before} = 10</msg>
<var>${rows_before}</var>
<arg>css=table#ruangan-table tbody tr</arg>
<doc>Returns the number of elements matching ``locator``.</doc>
<status status="PASS" start="2025-06-14T16:52:48.438306" elapsed="0.016455"/>
</kw>
<kw name="Log" owner="BuiltIn">
<msg time="2025-06-14T16:52:48.455760" level="INFO">Rows before deletion: 10</msg>
<arg>Rows before deletion: ${rows_before}</arg>
<doc>Logs the given message with the given level.</doc>
<status status="PASS" start="2025-06-14T16:52:48.455760" elapsed="0.001225"/>
</kw>
<kw name="Wait Until Element Is Visible" owner="SeleniumLibrary">
<arg>css=button.bg-red-500</arg>
<arg>timeout=${WAIT_TIMEOUT}</arg>
<doc>Waits until the element ``locator`` is visible.</doc>
<status status="PASS" start="2025-06-14T16:52:48.458833" elapsed="0.036034"/>
</kw>
<kw name="Click Element" owner="SeleniumLibrary">
<msg time="2025-06-14T16:52:48.496983" level="INFO">Clicking element 'css=button.bg-red-500'.</msg>
<arg>css=button.bg-red-500</arg>
<doc>Click the element identified by ``locator``.</doc>
<status status="PASS" start="2025-06-14T16:52:48.495859" elapsed="0.140542"/>
</kw>
<kw name="Run Keyword And Return Status" owner="BuiltIn">
<kw name="Alert Should Be Present" owner="SeleniumLibrary">
<msg time="2025-06-14T16:52:48.639499" level="INFO">HANDLE::&lt;class 'NoneType'&gt;::None</msg>
<msg time="2025-06-14T16:52:53.861539" level="INFO" html="true">&lt;/td&gt;&lt;/tr&gt;&lt;tr&gt;&lt;td colspan="3"&gt;&lt;a href="selenium-screenshot-102.png"&gt;&lt;img src="selenium-screenshot-102.png" width="800px"&gt;&lt;/a&gt;</msg>
<msg time="2025-06-14T16:52:53.862073" level="FAIL">Alert not found in 5 seconds.</msg>
<doc>Verifies that an alert is present and by default, accepts it.</doc>
<status status="FAIL" start="2025-06-14T16:52:48.639499" elapsed="5.229961">Alert not found in 5 seconds.</status>
</kw>
<msg time="2025-06-14T16:52:53.870459" level="INFO">${alert_present} = False</msg>
<var>${alert_present}</var>
<arg>Alert Should Be Present</arg>
<doc>Runs the given keyword with given arguments and returns the status as a Boolean value.</doc>
<status status="PASS" start="2025-06-14T16:52:48.638500" elapsed="5.231959"/>
</kw>
<kw name="Run Keyword If" owner="BuiltIn">
<arg>${alert_present}</arg>
<arg>Handle Alert</arg>
<arg>action=ACCEPT</arg>
<doc>Runs the given keyword with the given arguments, if ``condition`` is true.</doc>
<status status="PASS" start="2025-06-14T16:52:53.871448" elapsed="0.000675"/>
</kw>
<kw name="Run Keyword Unless" owner="BuiltIn">
<msg time="2025-06-14T16:52:53.875161" level="WARN">Keyword 'BuiltIn.Run Keyword Unless' is deprecated. </msg>
<kw name="Run Keywords" owner="BuiltIn">
<kw name="Wait Until Element Is Visible" owner="SeleniumLibrary">
<arg>xpath=//button[contains(text(), 'Delete') or contains(text(), 'Hapus') or contains(text(), 'Ya')]</arg>
<arg>timeout=5</arg>
<doc>Waits until the element ``locator`` is visible.</doc>
<status status="PASS" start="2025-06-14T16:52:53.879681" elapsed="0.045342"/>
</kw>
<kw name="Click Button" owner="SeleniumLibrary">
<msg time="2025-06-14T16:52:53.926357" level="INFO">Clicking button 'xpath=//button[contains(text(), 'Delete') or contains(text(), 'Hapus') or contains(text(), 'Ya')]'.</msg>
<arg>xpath=//button[contains(text(), 'Delete') or contains(text(), 'Hapus') or contains(text(), 'Ya')]</arg>
<doc>Clicks the button identified by ``locator``.</doc>
<status status="PASS" start="2025-06-14T16:52:53.925023" elapsed="1.962960"/>
</kw>
<arg>Wait Until Element Is Visible</arg>
<arg>xpath=//button[contains(text(), 'Delete') or contains(text(), 'Hapus') or contains(text(), 'Ya')]</arg>
<arg>timeout=5</arg>
<arg>AND</arg>
<arg>Click Button</arg>
<arg>xpath=//button[contains(text(), 'Delete') or contains(text(), 'Hapus') or contains(text(), 'Ya')]</arg>
<doc>Executes all the given keywords in a sequence.</doc>
<status status="PASS" start="2025-06-14T16:52:53.878686" elapsed="2.009297"/>
</kw>
<arg>${alert_present}</arg>
<arg>Run Keywords</arg>
<arg>Wait Until Element Is Visible</arg>
<arg>xpath=//button[contains(text(), 'Delete') or contains(text(), 'Hapus') or contains(text(), 'Ya')]</arg>
<arg>timeout=5</arg>
<arg>AND</arg>
<arg>Click Button</arg>
<arg>xpath=//button[contains(text(), 'Delete') or contains(text(), 'Hapus') or contains(text(), 'Ya')]</arg>
<doc>*DEPRECATED since RF 5.0. Use Native IF/ELSE or `Run Keyword If` instead.*</doc>
<status status="PASS" start="2025-06-14T16:52:53.874090" elapsed="2.013893"/>
</kw>
<kw name="Wait Until Element Is Visible" owner="SeleniumLibrary">
<arg>xpath=//*[contains(text(), 'success!') or contains(text(), 'berhasil') or contains(text(), 'dihapus')]</arg>
<arg>timeout=${WAIT_TIMEOUT}</arg>
<doc>Waits until the element ``locator`` is visible.</doc>
<status status="PASS" start="2025-06-14T16:52:55.888999" elapsed="0.043797"/>
</kw>
<kw name="Sleep" owner="BuiltIn">
<msg time="2025-06-14T16:52:57.934279" level="INFO">Slept 2 seconds.</msg>
<arg>${SHORT_WAIT}</arg>
<doc>Pauses the test executed for the given time.</doc>
<status status="PASS" start="2025-06-14T16:52:55.933860" elapsed="2.000419"/>
</kw>
<kw name="Close Browser" owner="SeleniumLibrary">
<doc>Closes the current browser.</doc>
<status status="PASS" start="2025-06-14T16:52:57.935691" elapsed="2.421649"/>
</kw>
<doc>Test successful ruangan deletion</doc>
<status status="PASS" start="2025-06-14T16:52:34.575895" elapsed="25.782442"/>
</test>
<test id="s1-t11" name="Delete Ruangan - Batal" line="303">
<kw name="Open Browser" owner="SeleniumLibrary">
<msg time="2025-06-14T16:53:00.363081" level="INFO">Opening browser 'chrome' to base url 'http://localhost:8000/login'.</msg>
<arg>${LOGIN_URL}</arg>
<arg>${BROWSER}</arg>
<doc>Opens a new browser instance to the optional ``url``.</doc>
<status status="PASS" start="2025-06-14T16:53:00.362063" elapsed="3.038173"/>
</kw>
<kw name="Input Text" owner="SeleniumLibrary">
<msg time="2025-06-14T16:53:03.401939" level="INFO">Typing text 'admin@gmail.com' into text field 'id=email'.</msg>
<arg>id=email</arg>
<arg>${EMAIL}</arg>
<doc>Types the given ``text`` into the text field identified by ``locator``.</doc>
<status status="PASS" start="2025-06-14T16:53:03.401939" elapsed="0.220279"/>
</kw>
<kw name="Input Text" owner="SeleniumLibrary">
<msg time="2025-06-14T16:53:03.624279" level="INFO">Typing text 'admin123' into text field 'id=password'.</msg>
<arg>id=password</arg>
<arg>${PASSWORD}</arg>
<doc>Types the given ``text`` into the text field identified by ``locator``.</doc>
<status status="PASS" start="2025-06-14T16:53:03.623210" elapsed="0.174490"/>
</kw>
<kw name="Click Button" owner="SeleniumLibrary">
<msg time="2025-06-14T16:53:03.799731" level="INFO">Clicking button 'id=login-button'.</msg>
<arg>id=login-button</arg>
<doc>Clicks the button identified by ``locator``.</doc>
<status status="PASS" start="2025-06-14T16:53:03.798700" elapsed="2.514390"/>
</kw>
<kw name="Wait Until Element Is Visible" owner="SeleniumLibrary">
<arg>id=dashboard</arg>
<arg>timeout=${WAIT_TIMEOUT}</arg>
<doc>Waits until the element ``locator`` is visible.</doc>
<status status="PASS" start="2025-06-14T16:53:06.314099" elapsed="0.055592"/>
</kw>
<kw name="Click Element" owner="SeleniumLibrary">
<msg time="2025-06-14T16:53:06.371678" level="INFO">Clicking element 'id=ruangan-link'.</msg>
<arg>id=ruangan-link</arg>
<doc>Click the element identified by ``locator``.</doc>
<status status="PASS" start="2025-06-14T16:53:06.370675" elapsed="1.661261"/>
</kw>
<kw name="Wait Until Element Is Visible" owner="SeleniumLibrary">
<arg>id=ruangan-table</arg>
<arg>timeout=${WAIT_TIMEOUT}</arg>
<doc>Waits until the element ``locator`` is visible.</doc>
<status status="PASS" start="2025-06-14T16:53:08.033186" elapsed="0.040869"/>
</kw>
<kw name="Wait Until Element Is Visible" owner="SeleniumLibrary">
<arg>css=table#ruangan-table tbody tr</arg>
<arg>timeout=${WAIT_TIMEOUT}</arg>
<doc>Waits until the element ``locator`` is visible.</doc>
<status status="PASS" start="2025-06-14T16:53:08.075045" elapsed="0.900679"/>
</kw>
<kw name="Sleep" owner="BuiltIn">
<msg time="2025-06-14T16:53:13.977893" level="INFO">Slept 5 seconds.</msg>
<arg>${LONG_WAIT}</arg>
<doc>Pauses the test executed for the given time.</doc>
<status status="PASS" start="2025-06-14T16:53:08.977714" elapsed="5.000179"/>
</kw>
<kw name="Get Element Count" owner="SeleniumLibrary">
<msg time="2025-06-14T16:53:13.998554" level="INFO">${rows_before} = 10</msg>
<var>${rows_before}</var>
<arg>css=table#ruangan-table tbody tr</arg>
<doc>Returns the number of elements matching ``locator``.</doc>
<status status="PASS" start="2025-06-14T16:53:13.978914" elapsed="0.019640"/>
</kw>
<kw name="Log" owner="BuiltIn">
<msg time="2025-06-14T16:53:14.001017" level="INFO">Rows before deletion attempt: 10</msg>
<arg>Rows before deletion attempt: ${rows_before}</arg>
<doc>Logs the given message with the given level.</doc>
<status status="PASS" start="2025-06-14T16:53:14.000024" elapsed="0.000993"/>
</kw>
<kw name="Wait Until Element Is Visible" owner="SeleniumLibrary">
<arg>css=button.bg-red-500</arg>
<arg>timeout=${WAIT_TIMEOUT}</arg>
<doc>Waits until the element ``locator`` is visible.</doc>
<status status="PASS" start="2025-06-14T16:53:14.002026" elapsed="0.051653"/>
</kw>
<kw name="Click Element" owner="SeleniumLibrary">
<msg time="2025-06-14T16:53:14.054677" level="INFO">Clicking element 'css=button.bg-red-500'.</msg>
<arg>css=button.bg-red-500</arg>
<doc>Click the element identified by ``locator``.</doc>
<status status="PASS" start="2025-06-14T16:53:14.054677" elapsed="0.165644"/>
</kw>
<kw name="Run Keyword And Return Status" owner="BuiltIn">
<kw name="Alert Should Be Present" owner="SeleniumLibrary">
<msg time="2025-06-14T16:53:14.223317" level="INFO">HANDLE::&lt;class 'NoneType'&gt;::None</msg>
<msg time="2025-06-14T16:53:19.455096" level="INFO" html="true">&lt;/td&gt;&lt;/tr&gt;&lt;tr&gt;&lt;td colspan="3"&gt;&lt;a href="selenium-screenshot-103.png"&gt;&lt;img src="selenium-screenshot-103.png" width="800px"&gt;&lt;/a&gt;</msg>
<msg time="2025-06-14T16:53:19.455096" level="FAIL">Alert not found in 5 seconds.</msg>
<doc>Verifies that an alert is present and by default, accepts it.</doc>
<status status="FAIL" start="2025-06-14T16:53:14.222328" elapsed="5.234771">Alert not found in 5 seconds.</status>
</kw>
<msg time="2025-06-14T16:53:19.457099" level="INFO">${alert_present} = False</msg>
<var>${alert_present}</var>
<arg>Alert Should Be Present</arg>
<doc>Runs the given keyword with given arguments and returns the status as a Boolean value.</doc>
<status status="PASS" start="2025-06-14T16:53:14.222328" elapsed="5.235777"/>
</kw>
<kw name="Run Keyword If" owner="BuiltIn">
<arg>${alert_present}</arg>
<arg>Handle Alert</arg>
<arg>action=DISMISS</arg>
<doc>Runs the given keyword with the given arguments, if ``condition`` is true.</doc>
<status status="PASS" start="2025-06-14T16:53:19.459097" elapsed="0.001032"/>
</kw>
<kw name="Run Keyword Unless" owner="BuiltIn">
<msg time="2025-06-14T16:53:19.461541" level="WARN">Keyword 'BuiltIn.Run Keyword Unless' is deprecated. </msg>
<kw name="Run Keywords" owner="BuiltIn">
<kw name="Wait Until Element Is Visible" owner="SeleniumLibrary">
<arg>xpath=//button[contains(text(), 'Cancel') or contains(text(), 'Batal') or contains(text(), 'Tidak')]</arg>
<arg>timeout=5</arg>
<doc>Waits until the element ``locator`` is visible.</doc>
<status status="PASS" start="2025-06-14T16:53:19.464964" elapsed="0.037317"/>
</kw>
<kw name="Click Button" owner="SeleniumLibrary">
<msg time="2025-06-14T16:53:19.504276" level="INFO">Clicking button 'xpath=//button[contains(text(), 'Cancel') or contains(text(), 'Batal') or contains(text(), 'Tidak')]'.</msg>
<arg>xpath=//button[contains(text(), 'Cancel') or contains(text(), 'Batal') or contains(text(), 'Tidak')]</arg>
<doc>Clicks the button identified by ``locator``.</doc>
<status status="PASS" start="2025-06-14T16:53:19.503280" elapsed="0.173371"/>
</kw>
<arg>Wait Until Element Is Visible</arg>
<arg>xpath=//button[contains(text(), 'Cancel') or contains(text(), 'Batal') or contains(text(), 'Tidak')]</arg>
<arg>timeout=5</arg>
<arg>AND</arg>
<arg>Click Button</arg>
<arg>xpath=//button[contains(text(), 'Cancel') or contains(text(), 'Batal') or contains(text(), 'Tidak')]</arg>
<doc>Executes all the given keywords in a sequence.</doc>
<status status="PASS" start="2025-06-14T16:53:19.464964" elapsed="0.212693"/>
</kw>
<arg>${alert_present}</arg>
<arg>Run Keywords</arg>
<arg>Wait Until Element Is Visible</arg>
<arg>xpath=//button[contains(text(), 'Cancel') or contains(text(), 'Batal') or contains(text(), 'Tidak')]</arg>
<arg>timeout=5</arg>
<arg>AND</arg>
<arg>Click Button</arg>
<arg>xpath=//button[contains(text(), 'Cancel') or contains(text(), 'Batal') or contains(text(), 'Tidak')]</arg>
<doc>*DEPRECATED since RF 5.0. Use Native IF/ELSE or `Run Keyword If` instead.*</doc>
<status status="PASS" start="2025-06-14T16:53:19.461541" elapsed="0.216116"/>
</kw>
<kw name="Sleep" owner="BuiltIn">
<msg time="2025-06-14T16:53:21.680126" level="INFO">Slept 2 seconds.</msg>
<arg>${SHORT_WAIT}</arg>
<doc>Pauses the test executed for the given time.</doc>
<status status="PASS" start="2025-06-14T16:53:19.679948" elapsed="2.000178"/>
</kw>
<kw name="Get Element Count" owner="SeleniumLibrary">
<msg time="2025-06-14T16:53:21.697862" level="INFO">${rows_after} = 10</msg>
<var>${rows_after}</var>
<arg>css=table#ruangan-table tbody tr</arg>
<doc>Returns the number of elements matching ``locator``.</doc>
<status status="PASS" start="2025-06-14T16:53:21.681141" elapsed="0.017785"/>
</kw>
<kw name="Log" owner="BuiltIn">
<msg time="2025-06-14T16:53:21.700923" level="INFO">Rows after canceling deletion: 10</msg>
<arg>Rows after canceling deletion: ${rows_after}</arg>
<doc>Logs the given message with the given level.</doc>
<status status="PASS" start="2025-06-14T16:53:21.699928" elapsed="0.000995"/>
</kw>
<kw name="Should Be Equal As Integers" owner="BuiltIn">
<arg>${rows_before}</arg>
<arg>${rows_after}</arg>
<doc>Fails if objects are unequal after converting them to integers.</doc>
<status status="PASS" start="2025-06-14T16:53:21.702335" elapsed="0.001291"/>
</kw>
<kw name="Close Browser" owner="SeleniumLibrary">
<doc>Closes the current browser.</doc>
<status status="PASS" start="2025-06-14T16:53:21.704630" elapsed="2.345507"/>
</kw>
<kw name="Open Browser" owner="SeleniumLibrary">
<msg time="2025-06-14T16:53:24.053327" level="INFO">Opening browser 'chrome' to base url 'http://localhost:8000/login'.</msg>
<arg>${LOGIN_URL}</arg>
<arg>${BROWSER}</arg>
<doc>Opens a new browser instance to the optional ``url``.</doc>
<status status="PASS" start="2025-06-14T16:53:24.052111" elapsed="2.695308"/>
</kw>
<kw name="Input Text" owner="SeleniumLibrary">
<msg time="2025-06-14T16:53:26.749422" level="INFO">Typing text 'admin@gmail.com' into text field 'id=email'.</msg>
<arg>id=email</arg>
<arg>${EMAIL}</arg>
<doc>Types the given ``text`` into the text field identified by ``locator``.</doc>
<status status="PASS" start="2025-06-14T16:53:26.748429" elapsed="0.246704"/>
</kw>
<kw name="Input Text" owner="SeleniumLibrary">
<msg time="2025-06-14T16:53:26.997184" level="INFO">Typing text 'admin123' into text field 'id=password'.</msg>
<arg>id=password</arg>
<arg>${PASSWORD}</arg>
<doc>Types the given ``text`` into the text field identified by ``locator``.</doc>
<status status="PASS" start="2025-06-14T16:53:26.996191" elapsed="0.192942"/>
</kw>
<kw name="Click Button" owner="SeleniumLibrary">
<msg time="2025-06-14T16:53:27.191293" level="INFO">Clicking button 'id=login-button'.</msg>
<arg>id=login-button</arg>
<doc>Clicks the button identified by ``locator``.</doc>
<status status="PASS" start="2025-06-14T16:53:27.190246" elapsed="2.743491"/>
</kw>
<kw name="Wait Until Element Is Visible" owner="SeleniumLibrary">
<arg>id=dashboard</arg>
<arg>timeout=${WAIT_TIMEOUT}</arg>
<doc>Waits until the element ``locator`` is visible.</doc>
<status status="PASS" start="2025-06-14T16:53:29.934753" elapsed="0.063033"/>
</kw>
<kw name="Click Element" owner="SeleniumLibrary">
<msg time="2025-06-14T16:53:29.998761" level="INFO">Clicking element 'id=ruangan-link'.</msg>
<arg>id=ruangan-link</arg>
<doc>Click the element identified by ``locator``.</doc>
<status status="PASS" start="2025-06-14T16:53:29.998761" elapsed="1.792324"/>
</kw>
<kw name="Wait Until Element Is Visible" owner="SeleniumLibrary">
<arg>id=ruangan-table</arg>
<arg>timeout=${WAIT_TIMEOUT}</arg>
<doc>Waits until the element ``locator`` is visible.</doc>
<status status="PASS" start="2025-06-14T16:53:31.792075" elapsed="0.036029"/>
</kw>
<kw name="Sleep" owner="BuiltIn">
<msg time="2025-06-14T16:53:36.830544" level="INFO">Slept 5 seconds.</msg>
<arg>${LONG_WAIT}</arg>
<doc>Pauses the test executed for the given time.</doc>
<status status="PASS" start="2025-06-14T16:53:31.829105" elapsed="5.001956"/>
</kw>
<kw name="Run Keyword And Return Status" owner="BuiltIn">
<kw name="Element Should Be Visible" owner="SeleniumLibrary">
<msg time="2025-06-14T16:53:37.025022" level="INFO" html="true">&lt;/td&gt;&lt;/tr&gt;&lt;tr&gt;&lt;td colspan="3"&gt;&lt;a href="selenium-screenshot-104.png"&gt;&lt;img src="selenium-screenshot-104.png" width="800px"&gt;&lt;/a&gt;</msg>
<msg time="2025-06-14T16:53:37.025022" level="FAIL">Element with locator 'css=input[type="checkbox"].select-all' not found.</msg>
<arg>css=input[type="checkbox"].select-all</arg>
<doc>Verifies that the element identified by ``locator`` is visible.</doc>
<status status="FAIL" start="2025-06-14T16:53:36.835087" elapsed="0.194691">Element with locator 'css=input[type="checkbox"].select-all' not found.</status>
</kw>
<msg time="2025-06-14T16:53:37.030781" level="INFO">${bulk_checkbox_present} = False</msg>
<var>${bulk_checkbox_present}</var>
<arg>Element Should Be Visible</arg>
<arg>css=input[type="checkbox"].select-all</arg>
<doc>Runs the given keyword with given arguments and returns the status as a Boolean value.</doc>
<status status="PASS" start="2025-06-14T16:53:36.834084" elapsed="0.196697"/>
</kw>
<kw name="Run Keyword If" owner="BuiltIn">
<arg>${bulk_checkbox_present}</arg>
<arg>Run Keywords</arg>
<arg>Click Element</arg>
<arg>css=input[type="checkbox"].select-all</arg>
<arg>AND</arg>
<arg>Sleep</arg>
<arg>${SHORT_WAIT}</arg>
<arg>AND</arg>
<arg>Run Keyword And Ignore Error</arg>
<arg>Click Button</arg>
<arg>xpath=//button[contains(text(), 'Bulk Delete')]</arg>
<doc>Runs the given keyword with the given arguments, if ``condition`` is true.</doc>
<status status="PASS" start="2025-06-14T16:53:37.032787" elapsed="0.001004"/>
</kw>
<kw name="Close Browser" owner="SeleniumLibrary">
<doc>Closes the current browser.</doc>
<status status="PASS" start="2025-06-14T16:53:37.035150" elapsed="2.291756"/>
</kw>
<doc>Test canceling ruangan deletion</doc>
<status status="PASS" start="2025-06-14T16:53:00.359586" elapsed="38.968356"/>
</test>
<status status="PASS" start="2025-06-14T16:49:44.186463" elapsed="235.146693"/>
</suite>
<statistics>
<total>
<stat pass="11" fail="0" skip="0">All Tests</stat>
</total>
<tag>
</tag>
<suite>
<stat name="Ruangan" id="s1" pass="11" fail="0" skip="0">Ruangan</stat>
</suite>
</statistics>
<errors>
<msg time="2025-06-14T16:52:53.875161" level="WARN">Keyword 'BuiltIn.Run Keyword Unless' is deprecated. </msg>
<msg time="2025-06-14T16:53:19.461541" level="WARN">Keyword 'BuiltIn.Run Keyword Unless' is deprecated. </msg>
</errors>
</robot>
