<?xml version="1.0" encoding="UTF-8"?>
<robot generator="Robot 7.3 (Python 3.11.9 on win32)" generated="2025-06-14T13:55:09.704698" rpa="false" schemaversion="5">
<suite id="s1" name="Jadwal" source="c:\FIle Kerja\project-laravel11\robot\admin\jadwal.robot">
<test id="s1-t1" name="Buka Jadwal Page" line="16">
<kw name="Open Browser" owner="SeleniumLibrary">
<msg time="2025-06-14T13:55:10.303527" level="INFO">Opening browser 'chrome' to base url 'http://localhost:8000/login'.</msg>
<arg>${LOGIN_URL}</arg>
<arg>${BROWSER}</arg>
<doc>Opens a new browser instance to the optional ``url``.</doc>
<status status="PASS" start="2025-06-14T13:55:10.303527" elapsed="2.858912"/>
</kw>
<kw name="Input Text" owner="SeleniumLibrary">
<msg time="2025-06-14T13:55:13.165168" level="INFO">Typing text 'admin@gmail.com' into text field 'id=email'.</msg>
<arg>id=email</arg>
<arg>${EMAIL}</arg>
<doc>Types the given ``text`` into the text field identified by ``locator``.</doc>
<status status="PASS" start="2025-06-14T13:55:13.164147" elapsed="0.177092"/>
</kw>
<kw name="Input Text" owner="SeleniumLibrary">
<msg time="2025-06-14T13:55:13.343245" level="INFO">Typing text 'admin123' into text field 'id=password'.</msg>
<arg>id=password</arg>
<arg>${PASSWORD}</arg>
<doc>Types the given ``text`` into the text field identified by ``locator``.</doc>
<status status="PASS" start="2025-06-14T13:55:13.342236" elapsed="0.124500"/>
</kw>
<kw name="Click Button" owner="SeleniumLibrary">
<msg time="2025-06-14T13:55:13.467742" level="INFO">Clicking button 'id=login-button'.</msg>
<arg>id=login-button</arg>
<doc>Clicks the button identified by ``locator``.</doc>
<status status="PASS" start="2025-06-14T13:55:13.466736" elapsed="2.464946"/>
</kw>
<kw name="Wait Until Element Is Visible" owner="SeleniumLibrary">
<arg>id=dashboard</arg>
<arg>timeout=10</arg>
<doc>Waits until the element ``locator`` is visible.</doc>
<status status="PASS" start="2025-06-14T13:55:15.932695" elapsed="0.054096"/>
</kw>
<kw name="Element Should Be Visible" owner="SeleniumLibrary">
<msg time="2025-06-14T13:55:16.010569" level="INFO">Element 'id=dashboard' is displayed.</msg>
<arg>id=dashboard</arg>
<doc>Verifies that the element identified by ``locator`` is visible.</doc>
<status status="PASS" start="2025-06-14T13:55:15.987781" elapsed="0.023787"/>
</kw>
<kw name="Click Element" owner="SeleniumLibrary">
<msg time="2025-06-14T13:55:16.012575" level="INFO">Clicking element 'id=jadwal-link'.</msg>
<arg>id=jadwal-link</arg>
<doc>Click the element identified by ``locator``.</doc>
<status status="PASS" start="2025-06-14T13:55:16.012575" elapsed="1.442174"/>
</kw>
<kw name="Wait Until Element Is Visible" owner="SeleniumLibrary">
<arg>id=jadwal-table</arg>
<arg>timeout=10</arg>
<doc>Waits until the element ``locator`` is visible.</doc>
<status status="PASS" start="2025-06-14T13:55:17.455770" elapsed="0.033397"/>
</kw>
<kw name="Element Should Be Visible" owner="SeleniumLibrary">
<msg time="2025-06-14T13:55:17.554080" level="INFO">Element 'id=jadwal-table' is displayed.</msg>
<arg>id=jadwal-table</arg>
<doc>Verifies that the element identified by ``locator`` is visible.</doc>
<status status="PASS" start="2025-06-14T13:55:17.490167" elapsed="0.063913"/>
</kw>
<kw name="Close Browser" owner="SeleniumLibrary">
<doc>Closes the current browser.</doc>
<status status="PASS" start="2025-06-14T13:55:17.556085" elapsed="2.242005"/>
</kw>
<status status="PASS" start="2025-06-14T13:55:10.301525" elapsed="9.498542"/>
</test>
<test id="s1-t2" name="Tambah Jadwal tanpa Nama Ruangan" line="28">
<kw name="Open Browser" owner="SeleniumLibrary">
<msg time="2025-06-14T13:55:19.804065" level="INFO">Opening browser 'chrome' to base url 'http://localhost:8000/login'.</msg>
<arg>${LOGIN_URL}</arg>
<arg>${BROWSER}</arg>
<doc>Opens a new browser instance to the optional ``url``.</doc>
<status status="PASS" start="2025-06-14T13:55:19.803072" elapsed="2.579080"/>
</kw>
<kw name="Input Text" owner="SeleniumLibrary">
<msg time="2025-06-14T13:55:22.385154" level="INFO">Typing text 'admin@gmail.com' into text field 'id=email'.</msg>
<arg>id=email</arg>
<arg>${EMAIL}</arg>
<doc>Types the given ``text`` into the text field identified by ``locator``.</doc>
<status status="PASS" start="2025-06-14T13:55:22.384153" elapsed="0.233905"/>
</kw>
<kw name="Input Text" owner="SeleniumLibrary">
<msg time="2025-06-14T13:55:22.620054" level="INFO">Typing text 'admin123' into text field 'id=password'.</msg>
<arg>id=password</arg>
<arg>${PASSWORD}</arg>
<doc>Types the given ``text`` into the text field identified by ``locator``.</doc>
<status status="PASS" start="2025-06-14T13:55:22.619061" elapsed="0.145626"/>
</kw>
<kw name="Click Button" owner="SeleniumLibrary">
<msg time="2025-06-14T13:55:22.766689" level="INFO">Clicking button 'id=login-button'.</msg>
<arg>id=login-button</arg>
<doc>Clicks the button identified by ``locator``.</doc>
<status status="PASS" start="2025-06-14T13:55:22.765687" elapsed="2.579548"/>
</kw>
<kw name="Wait Until Element Is Visible" owner="SeleniumLibrary">
<arg>id=dashboard</arg>
<arg>timeout=10</arg>
<doc>Waits until the element ``locator`` is visible.</doc>
<status status="PASS" start="2025-06-14T13:55:25.346240" elapsed="0.051271"/>
</kw>
<kw name="Element Should Be Visible" owner="SeleniumLibrary">
<msg time="2025-06-14T13:55:25.419308" level="INFO">Element 'id=dashboard' is displayed.</msg>
<arg>id=dashboard</arg>
<doc>Verifies that the element identified by ``locator`` is visible.</doc>
<status status="PASS" start="2025-06-14T13:55:25.398502" elapsed="0.021790"/>
</kw>
<kw name="Click Element" owner="SeleniumLibrary">
<msg time="2025-06-14T13:55:25.422087" level="INFO">Clicking element 'id=jadwal-link'.</msg>
<arg>id=jadwal-link</arg>
<doc>Click the element identified by ``locator``.</doc>
<status status="PASS" start="2025-06-14T13:55:25.421503" elapsed="1.680158"/>
</kw>
<kw name="Wait Until Element Is Visible" owner="SeleniumLibrary">
<arg>id=jadwal-table</arg>
<arg>timeout=10</arg>
<doc>Waits until the element ``locator`` is visible.</doc>
<status status="PASS" start="2025-06-14T13:55:27.103681" elapsed="0.122715"/>
</kw>
<kw name="Element Should Be Visible" owner="SeleniumLibrary">
<msg time="2025-06-14T13:55:27.270857" level="INFO">Element 'id=jadwal-table' is displayed.</msg>
<arg>id=jadwal-table</arg>
<doc>Verifies that the element identified by ``locator`` is visible.</doc>
<status status="PASS" start="2025-06-14T13:55:27.228941" elapsed="0.041916"/>
</kw>
<kw name="Click Button" owner="SeleniumLibrary">
<msg time="2025-06-14T13:55:27.280589" level="INFO">Clicking button 'id=tambah-jadwal-button'.</msg>
<arg>id=tambah-jadwal-button</arg>
<doc>Clicks the button identified by ``locator``.</doc>
<status status="PASS" start="2025-06-14T13:55:27.277554" elapsed="0.200184"/>
</kw>
<kw name="Wait Until Element Is Visible" owner="SeleniumLibrary">
<arg>id=jadwal-modal</arg>
<arg>timeout=10</arg>
<doc>Waits until the element ``locator`` is visible.</doc>
<status status="PASS" start="2025-06-14T13:55:27.478740" elapsed="0.029719"/>
</kw>
<kw name="Element Should Be Visible" owner="SeleniumLibrary">
<msg time="2025-06-14T13:55:27.532455" level="INFO">Element 'id=jadwal-modal' is displayed.</msg>
<arg>id=jadwal-modal</arg>
<doc>Verifies that the element identified by ``locator`` is visible.</doc>
<status status="PASS" start="2025-06-14T13:55:27.510455" elapsed="0.022997"/>
</kw>
<kw name="Select From List By Label" owner="SeleniumLibrary">
<msg time="2025-06-14T13:55:27.534453" level="INFO">Selecting options from selection list 'id=id_matkul' by label Interoperabilitas.</msg>
<arg>id=id_matkul</arg>
<arg>Interoperabilitas</arg>
<doc>Selects options from selection list ``locator`` by ``labels``.</doc>
<status status="PASS" start="2025-06-14T13:55:27.534453" elapsed="0.169946"/>
</kw>
<kw name="Select From List By Label" owner="SeleniumLibrary">
<msg time="2025-06-14T13:55:27.706944" level="INFO">Selecting options from selection list 'id=hari' by label Senin.</msg>
<arg>id=hari</arg>
<arg>Senin</arg>
<doc>Selects options from selection list ``locator`` by ``labels``.</doc>
<status status="PASS" start="2025-06-14T13:55:27.705919" elapsed="0.139392"/>
</kw>
<kw name="Input Text" owner="SeleniumLibrary">
<msg time="2025-06-14T13:55:27.847313" level="INFO">Typing text '08:00' into text field 'id=jam_mulai'.</msg>
<arg>id=jam_mulai</arg>
<arg>08:00</arg>
<doc>Types the given ``text`` into the text field identified by ``locator``.</doc>
<status status="PASS" start="2025-06-14T13:55:27.847313" elapsed="0.110639"/>
</kw>
<kw name="Input Text" owner="SeleniumLibrary">
<msg time="2025-06-14T13:55:27.959961" level="INFO">Typing text '10:00' into text field 'id=jam_selesai'.</msg>
<arg>id=jam_selesai</arg>
<arg>10:00</arg>
<doc>Types the given ``text`` into the text field identified by ``locator``.</doc>
<status status="PASS" start="2025-06-14T13:55:27.958951" elapsed="0.157106"/>
</kw>
<kw name="Sleep" owner="BuiltIn">
<msg time="2025-06-14T13:55:30.118322" level="INFO">Slept 2 seconds.</msg>
<arg>2s</arg>
<doc>Pauses the test executed for the given time.</doc>
<status status="PASS" start="2025-06-14T13:55:28.117052" elapsed="2.001270"/>
</kw>
<kw name="Click Button" owner="SeleniumLibrary">
<msg time="2025-06-14T13:55:30.121341" level="INFO">Clicking button 'id=jadwal-submit-btn'.</msg>
<arg>id=jadwal-submit-btn</arg>
<doc>Clicks the button identified by ``locator``.</doc>
<status status="PASS" start="2025-06-14T13:55:30.120337" elapsed="1.691355"/>
</kw>
<kw name="Wait Until Element Is Visible" owner="SeleniumLibrary">
<arg>xpath=//*[contains(text(), 'The Nama Ruangan field is required.')]</arg>
<arg>timeout=10</arg>
<doc>Waits until the element ``locator`` is visible.</doc>
<status status="PASS" start="2025-06-14T13:55:31.812694" elapsed="0.047638"/>
</kw>
<kw name="Close Browser" owner="SeleniumLibrary">
<doc>Closes the current browser.</doc>
<status status="PASS" start="2025-06-14T13:55:31.861843" elapsed="2.207200"/>
</kw>
<status status="PASS" start="2025-06-14T13:55:19.802084" elapsed="14.267959"/>
</test>
<test id="s1-t3" name="Tambah Jadwal tanpa Mata Kuliah" line="51">
<kw name="Open Browser" owner="SeleniumLibrary">
<msg time="2025-06-14T13:55:34.073984" level="INFO">Opening browser 'chrome' to base url 'http://localhost:8000/login'.</msg>
<arg>${LOGIN_URL}</arg>
<arg>${BROWSER}</arg>
<doc>Opens a new browser instance to the optional ``url``.</doc>
<status status="PASS" start="2025-06-14T13:55:34.073984" elapsed="2.905830"/>
</kw>
<kw name="Input Text" owner="SeleniumLibrary">
<msg time="2025-06-14T13:55:36.981818" level="INFO">Typing text 'admin@gmail.com' into text field 'id=email'.</msg>
<arg>id=email</arg>
<arg>${EMAIL}</arg>
<doc>Types the given ``text`` into the text field identified by ``locator``.</doc>
<status status="PASS" start="2025-06-14T13:55:36.980815" elapsed="0.219124"/>
</kw>
<kw name="Input Text" owner="SeleniumLibrary">
<msg time="2025-06-14T13:55:37.202938" level="INFO">Typing text 'admin123' into text field 'id=password'.</msg>
<arg>id=password</arg>
<arg>${PASSWORD}</arg>
<doc>Types the given ``text`` into the text field identified by ``locator``.</doc>
<status status="PASS" start="2025-06-14T13:55:37.201936" elapsed="0.160750"/>
</kw>
<kw name="Click Button" owner="SeleniumLibrary">
<msg time="2025-06-14T13:55:37.364686" level="INFO">Clicking button 'id=login-button'.</msg>
<arg>id=login-button</arg>
<doc>Clicks the button identified by ``locator``.</doc>
<status status="PASS" start="2025-06-14T13:55:37.363681" elapsed="2.588990"/>
</kw>
<kw name="Wait Until Element Is Visible" owner="SeleniumLibrary">
<arg>id=dashboard</arg>
<arg>timeout=10</arg>
<doc>Waits until the element ``locator`` is visible.</doc>
<status status="PASS" start="2025-06-14T13:55:39.953676" elapsed="0.057675"/>
</kw>
<kw name="Element Should Be Visible" owner="SeleniumLibrary">
<msg time="2025-06-14T13:55:40.035352" level="INFO">Element 'id=dashboard' is displayed.</msg>
<arg>id=dashboard</arg>
<doc>Verifies that the element identified by ``locator`` is visible.</doc>
<status status="PASS" start="2025-06-14T13:55:40.012351" elapsed="0.023001"/>
</kw>
<kw name="Click Element" owner="SeleniumLibrary">
<msg time="2025-06-14T13:55:40.037351" level="INFO">Clicking element 'id=jadwal-link'.</msg>
<arg>id=jadwal-link</arg>
<doc>Click the element identified by ``locator``.</doc>
<status status="PASS" start="2025-06-14T13:55:40.036352" elapsed="1.622788"/>
</kw>
<kw name="Wait Until Element Is Visible" owner="SeleniumLibrary">
<arg>id=jadwal-table</arg>
<arg>timeout=10</arg>
<doc>Waits until the element ``locator`` is visible.</doc>
<status status="PASS" start="2025-06-14T13:55:41.660141" elapsed="0.034393"/>
</kw>
<kw name="Element Should Be Visible" owner="SeleniumLibrary">
<msg time="2025-06-14T13:55:41.762421" level="INFO">Element 'id=jadwal-table' is displayed.</msg>
<arg>id=jadwal-table</arg>
<doc>Verifies that the element identified by ``locator`` is visible.</doc>
<status status="PASS" start="2025-06-14T13:55:41.695538" elapsed="0.067878"/>
</kw>
<kw name="Click Button" owner="SeleniumLibrary">
<msg time="2025-06-14T13:55:41.765583" level="INFO">Clicking button 'id=tambah-jadwal-button'.</msg>
<arg>id=tambah-jadwal-button</arg>
<doc>Clicks the button identified by ``locator``.</doc>
<status status="PASS" start="2025-06-14T13:55:41.765005" elapsed="0.160638"/>
</kw>
<kw name="Wait Until Element Is Visible" owner="SeleniumLibrary">
<arg>id=jadwal-modal</arg>
<arg>timeout=10</arg>
<doc>Waits until the element ``locator`` is visible.</doc>
<status status="PASS" start="2025-06-14T13:55:41.926640" elapsed="0.034000"/>
</kw>
<kw name="Element Should Be Visible" owner="SeleniumLibrary">
<msg time="2025-06-14T13:55:41.988248" level="INFO">Element 'id=jadwal-modal' is displayed.</msg>
<arg>id=jadwal-modal</arg>
<doc>Verifies that the element identified by ``locator`` is visible.</doc>
<status status="PASS" start="2025-06-14T13:55:41.961644" elapsed="0.027596"/>
</kw>
<kw name="Select From List By Label" owner="SeleniumLibrary">
<msg time="2025-06-14T13:55:41.990259" level="INFO">Selecting options from selection list 'id=id_ruang' by label Ruang Gedung 2 - Gedung Lab EC - Lantai 2.</msg>
<arg>id=id_ruang</arg>
<arg>Ruang Gedung 2 - Gedung Lab EC - Lantai 2</arg>
<doc>Selects options from selection list ``locator`` by ``labels``.</doc>
<status status="PASS" start="2025-06-14T13:55:41.989240" elapsed="0.184124"/>
</kw>
<kw name="Select From List By Label" owner="SeleniumLibrary">
<msg time="2025-06-14T13:55:42.175356" level="INFO">Selecting options from selection list 'id=hari' by label Senin.</msg>
<arg>id=hari</arg>
<arg>Senin</arg>
<doc>Selects options from selection list ``locator`` by ``labels``.</doc>
<status status="PASS" start="2025-06-14T13:55:42.174388" elapsed="0.160037"/>
</kw>
<kw name="Input Text" owner="SeleniumLibrary">
<msg time="2025-06-14T13:55:42.336419" level="INFO">Typing text '08:00' into text field 'id=jam_mulai'.</msg>
<arg>id=jam_mulai</arg>
<arg>08:00</arg>
<doc>Types the given ``text`` into the text field identified by ``locator``.</doc>
<status status="PASS" start="2025-06-14T13:55:42.336419" elapsed="0.134646"/>
</kw>
<kw name="Input Text" owner="SeleniumLibrary">
<msg time="2025-06-14T13:55:42.473056" level="INFO">Typing text '10:00' into text field 'id=jam_selesai'.</msg>
<arg>id=jam_selesai</arg>
<arg>10:00</arg>
<doc>Types the given ``text`` into the text field identified by ``locator``.</doc>
<status status="PASS" start="2025-06-14T13:55:42.472062" elapsed="0.181372"/>
</kw>
<kw name="Sleep" owner="BuiltIn">
<msg time="2025-06-14T13:55:44.654948" level="INFO">Slept 2 seconds.</msg>
<arg>2s</arg>
<doc>Pauses the test executed for the given time.</doc>
<status status="PASS" start="2025-06-14T13:55:42.654428" elapsed="2.001038"/>
</kw>
<kw name="Click Button" owner="SeleniumLibrary">
<msg time="2025-06-14T13:55:44.657480" level="INFO">Clicking button 'id=jadwal-submit-btn'.</msg>
<arg>id=jadwal-submit-btn</arg>
<doc>Clicks the button identified by ``locator``.</doc>
<status status="PASS" start="2025-06-14T13:55:44.656490" elapsed="0.168658"/>
</kw>
<kw name="Wait Until Element Is Visible" owner="SeleniumLibrary">
<arg>xpath=//*[contains(text(), 'The Nama Mata Kuliah field is required.')]</arg>
<arg>timeout=10</arg>
<doc>Waits until the element ``locator`` is visible.</doc>
<status status="PASS" start="2025-06-14T13:55:44.826156" elapsed="2.704698"/>
</kw>
<kw name="Close Browser" owner="SeleniumLibrary">
<doc>Closes the current browser.</doc>
<status status="PASS" start="2025-06-14T13:55:47.531853" elapsed="2.248368"/>
</kw>
<status status="PASS" start="2025-06-14T13:55:34.072571" elapsed="15.708672"/>
</test>
<test id="s1-t4" name="Tambah Jadwal tanpa Hari" line="74">
<kw name="Open Browser" owner="SeleniumLibrary">
<msg time="2025-06-14T13:55:49.786224" level="INFO">Opening browser 'chrome' to base url 'http://localhost:8000/login'.</msg>
<arg>${LOGIN_URL}</arg>
<arg>${BROWSER}</arg>
<doc>Opens a new browser instance to the optional ``url``.</doc>
<status status="PASS" start="2025-06-14T13:55:49.785223" elapsed="2.805887"/>
</kw>
<kw name="Input Text" owner="SeleniumLibrary">
<msg time="2025-06-14T13:55:52.593115" level="INFO">Typing text 'admin@gmail.com' into text field 'id=email'.</msg>
<arg>id=email</arg>
<arg>${EMAIL}</arg>
<doc>Types the given ``text`` into the text field identified by ``locator``.</doc>
<status status="PASS" start="2025-06-14T13:55:52.592107" elapsed="0.187730"/>
</kw>
<kw name="Input Text" owner="SeleniumLibrary">
<msg time="2025-06-14T13:55:52.781835" level="INFO">Typing text 'admin123' into text field 'id=password'.</msg>
<arg>id=password</arg>
<arg>${PASSWORD}</arg>
<doc>Types the given ``text`` into the text field identified by ``locator``.</doc>
<status status="PASS" start="2025-06-14T13:55:52.780840" elapsed="0.144690"/>
</kw>
<kw name="Click Button" owner="SeleniumLibrary">
<msg time="2025-06-14T13:55:52.927521" level="INFO">Clicking button 'id=login-button'.</msg>
<arg>id=login-button</arg>
<doc>Clicks the button identified by ``locator``.</doc>
<status status="PASS" start="2025-06-14T13:55:52.926523" elapsed="2.692975"/>
</kw>
<kw name="Wait Until Element Is Visible" owner="SeleniumLibrary">
<arg>id=dashboard</arg>
<arg>timeout=10</arg>
<doc>Waits until the element ``locator`` is visible.</doc>
<status status="PASS" start="2025-06-14T13:55:55.620505" elapsed="0.055102"/>
</kw>
<kw name="Element Should Be Visible" owner="SeleniumLibrary">
<msg time="2025-06-14T13:55:55.699615" level="INFO">Element 'id=dashboard' is displayed.</msg>
<arg>id=dashboard</arg>
<doc>Verifies that the element identified by ``locator`` is visible.</doc>
<status status="PASS" start="2025-06-14T13:55:55.676614" elapsed="0.023001"/>
</kw>
<kw name="Click Element" owner="SeleniumLibrary">
<msg time="2025-06-14T13:55:55.702633" level="INFO">Clicking element 'id=jadwal-link'.</msg>
<arg>id=jadwal-link</arg>
<doc>Click the element identified by ``locator``.</doc>
<status status="PASS" start="2025-06-14T13:55:55.701616" elapsed="1.638238"/>
</kw>
<kw name="Wait Until Element Is Visible" owner="SeleniumLibrary">
<arg>id=jadwal-table</arg>
<arg>timeout=10</arg>
<doc>Waits until the element ``locator`` is visible.</doc>
<status status="PASS" start="2025-06-14T13:55:57.340863" elapsed="0.027706"/>
</kw>
<kw name="Element Should Be Visible" owner="SeleniumLibrary">
<msg time="2025-06-14T13:55:57.434055" level="INFO">Element 'id=jadwal-table' is displayed.</msg>
<arg>id=jadwal-table</arg>
<doc>Verifies that the element identified by ``locator`` is visible.</doc>
<status status="PASS" start="2025-06-14T13:55:57.370573" elapsed="0.063482"/>
</kw>
<kw name="Click Button" owner="SeleniumLibrary">
<msg time="2025-06-14T13:55:57.437061" level="INFO">Clicking button 'id=tambah-jadwal-button'.</msg>
<arg>id=tambah-jadwal-button</arg>
<doc>Clicks the button identified by ``locator``.</doc>
<status status="PASS" start="2025-06-14T13:55:57.435054" elapsed="0.144462"/>
</kw>
<kw name="Wait Until Element Is Visible" owner="SeleniumLibrary">
<arg>id=jadwal-modal</arg>
<arg>timeout=10</arg>
<doc>Waits until the element ``locator`` is visible.</doc>
<status status="PASS" start="2025-06-14T13:55:57.580532" elapsed="0.032584"/>
</kw>
<kw name="Element Should Be Visible" owner="SeleniumLibrary">
<msg time="2025-06-14T13:55:57.640176" level="INFO">Element 'id=jadwal-modal' is displayed.</msg>
<arg>id=jadwal-modal</arg>
<doc>Verifies that the element identified by ``locator`` is visible.</doc>
<status status="PASS" start="2025-06-14T13:55:57.615118" elapsed="0.025058"/>
</kw>
<kw name="Select From List By Label" owner="SeleniumLibrary">
<msg time="2025-06-14T13:55:57.642175" level="INFO">Selecting options from selection list 'id=id_ruang' by label Ruang Gedung 2 - Gedung Lab EC - Lantai 2.</msg>
<arg>id=id_ruang</arg>
<arg>Ruang Gedung 2 - Gedung Lab EC - Lantai 2</arg>
<doc>Selects options from selection list ``locator`` by ``labels``.</doc>
<status status="PASS" start="2025-06-14T13:55:57.641177" elapsed="0.184068"/>
</kw>
<kw name="Select From List By Label" owner="SeleniumLibrary">
<msg time="2025-06-14T13:55:57.826248" level="INFO">Selecting options from selection list 'id=id_matkul' by label Interoperabilitas.</msg>
<arg>id=id_matkul</arg>
<arg>Interoperabilitas</arg>
<doc>Selects options from selection list ``locator`` by ``labels``.</doc>
<status status="PASS" start="2025-06-14T13:55:57.826248" elapsed="0.154812"/>
</kw>
<kw name="Input Text" owner="SeleniumLibrary">
<msg time="2025-06-14T13:55:57.983061" level="INFO">Typing text '08:00' into text field 'id=jam_mulai'.</msg>
<arg>id=jam_mulai</arg>
<arg>08:00</arg>
<doc>Types the given ``text`` into the text field identified by ``locator``.</doc>
<status status="PASS" start="2025-06-14T13:55:57.982060" elapsed="0.129184"/>
</kw>
<kw name="Input Text" owner="SeleniumLibrary">
<msg time="2025-06-14T13:55:58.113248" level="INFO">Typing text '10:00' into text field 'id=jam_selesai'.</msg>
<arg>id=jam_selesai</arg>
<arg>10:00</arg>
<doc>Types the given ``text`` into the text field identified by ``locator``.</doc>
<status status="PASS" start="2025-06-14T13:55:58.112240" elapsed="0.128657"/>
</kw>
<kw name="Sleep" owner="BuiltIn">
<msg time="2025-06-14T13:56:00.243277" level="INFO">Slept 2 seconds.</msg>
<arg>2s</arg>
<doc>Pauses the test executed for the given time.</doc>
<status status="PASS" start="2025-06-14T13:55:58.241897" elapsed="2.001380"/>
</kw>
<kw name="Click Button" owner="SeleniumLibrary">
<msg time="2025-06-14T13:56:00.246299" level="INFO">Clicking button 'id=jadwal-submit-btn'.</msg>
<arg>id=jadwal-submit-btn</arg>
<doc>Clicks the button identified by ``locator``.</doc>
<status status="PASS" start="2025-06-14T13:56:00.245294" elapsed="1.927986"/>
</kw>
<kw name="Wait Until Element Is Visible" owner="SeleniumLibrary">
<arg>xpath=//*[contains(text(), 'The selected Hari is invalid')]</arg>
<arg>timeout=10</arg>
<doc>Waits until the element ``locator`` is visible.</doc>
<status status="PASS" start="2025-06-14T13:56:02.174278" elapsed="0.058659"/>
</kw>
<kw name="Close Browser" owner="SeleniumLibrary">
<doc>Closes the current browser.</doc>
<status status="PASS" start="2025-06-14T13:56:02.233946" elapsed="2.259559"/>
</kw>
<status status="PASS" start="2025-06-14T13:55:49.783228" elapsed="14.710936"/>
</test>
<test id="s1-t5" name="Tambah Jadwal tanpa Jam Mulai" line="97">
<kw name="Open Browser" owner="SeleniumLibrary">
<msg time="2025-06-14T13:56:04.499872" level="INFO">Opening browser 'chrome' to base url 'http://localhost:8000/login'.</msg>
<arg>${LOGIN_URL}</arg>
<arg>${BROWSER}</arg>
<doc>Opens a new browser instance to the optional ``url``.</doc>
<status status="PASS" start="2025-06-14T13:56:04.498855" elapsed="2.467874"/>
</kw>
<kw name="Input Text" owner="SeleniumLibrary">
<msg time="2025-06-14T13:56:06.968726" level="INFO">Typing text 'admin@gmail.com' into text field 'id=email'.</msg>
<arg>id=email</arg>
<arg>${EMAIL}</arg>
<doc>Types the given ``text`` into the text field identified by ``locator``.</doc>
<status status="PASS" start="2025-06-14T13:56:06.967724" elapsed="0.191968"/>
</kw>
<kw name="Input Text" owner="SeleniumLibrary">
<msg time="2025-06-14T13:56:07.162690" level="INFO">Typing text 'admin123' into text field 'id=password'.</msg>
<arg>id=password</arg>
<arg>${PASSWORD}</arg>
<doc>Types the given ``text`` into the text field identified by ``locator``.</doc>
<status status="PASS" start="2025-06-14T13:56:07.161692" elapsed="0.147603"/>
</kw>
<kw name="Click Button" owner="SeleniumLibrary">
<msg time="2025-06-14T13:56:07.310826" level="INFO">Clicking button 'id=login-button'.</msg>
<arg>id=login-button</arg>
<doc>Clicks the button identified by ``locator``.</doc>
<status status="PASS" start="2025-06-14T13:56:07.310314" elapsed="2.571517"/>
</kw>
<kw name="Wait Until Element Is Visible" owner="SeleniumLibrary">
<arg>id=dashboard</arg>
<arg>timeout=10</arg>
<doc>Waits until the element ``locator`` is visible.</doc>
<status status="PASS" start="2025-06-14T13:56:09.882833" elapsed="0.076109"/>
</kw>
<kw name="Element Should Be Visible" owner="SeleniumLibrary">
<msg time="2025-06-14T13:56:09.985399" level="INFO">Element 'id=dashboard' is displayed.</msg>
<arg>id=dashboard</arg>
<doc>Verifies that the element identified by ``locator`` is visible.</doc>
<status status="PASS" start="2025-06-14T13:56:09.960459" elapsed="0.025936"/>
</kw>
<kw name="Click Element" owner="SeleniumLibrary">
<msg time="2025-06-14T13:56:09.988393" level="INFO">Clicking element 'id=jadwal-link'.</msg>
<arg>id=jadwal-link</arg>
<doc>Click the element identified by ``locator``.</doc>
<status status="PASS" start="2025-06-14T13:56:09.987388" elapsed="1.640178"/>
</kw>
<kw name="Wait Until Element Is Visible" owner="SeleniumLibrary">
<arg>id=jadwal-table</arg>
<arg>timeout=10</arg>
<doc>Waits until the element ``locator`` is visible.</doc>
<status status="PASS" start="2025-06-14T13:56:11.628567" elapsed="0.032003"/>
</kw>
<kw name="Element Should Be Visible" owner="SeleniumLibrary">
<msg time="2025-06-14T13:56:11.685963" level="INFO">Element 'id=jadwal-table' is displayed.</msg>
<arg>id=jadwal-table</arg>
<doc>Verifies that the element identified by ``locator`` is visible.</doc>
<status status="PASS" start="2025-06-14T13:56:11.661566" elapsed="0.024397"/>
</kw>
<kw name="Click Button" owner="SeleniumLibrary">
<msg time="2025-06-14T13:56:11.687977" level="INFO">Clicking button 'id=tambah-jadwal-button'.</msg>
<arg>id=tambah-jadwal-button</arg>
<doc>Clicks the button identified by ``locator``.</doc>
<status status="PASS" start="2025-06-14T13:56:11.687977" elapsed="0.174766"/>
</kw>
<kw name="Wait Until Element Is Visible" owner="SeleniumLibrary">
<arg>id=jadwal-modal</arg>
<arg>timeout=10</arg>
<doc>Waits until the element ``locator`` is visible.</doc>
<status status="PASS" start="2025-06-14T13:56:11.863733" elapsed="0.027284"/>
</kw>
<kw name="Element Should Be Visible" owner="SeleniumLibrary">
<msg time="2025-06-14T13:56:11.915016" level="INFO">Element 'id=jadwal-modal' is displayed.</msg>
<arg>id=jadwal-modal</arg>
<doc>Verifies that the element identified by ``locator`` is visible.</doc>
<status status="PASS" start="2025-06-14T13:56:11.893037" elapsed="0.021979"/>
</kw>
<kw name="Select From List By Label" owner="SeleniumLibrary">
<msg time="2025-06-14T13:56:11.917014" level="INFO">Selecting options from selection list 'id=id_ruang' by label Ruang Gedung 2 - Gedung Lab EC - Lantai 2.</msg>
<arg>id=id_ruang</arg>
<arg>Ruang Gedung 2 - Gedung Lab EC - Lantai 2</arg>
<doc>Selects options from selection list ``locator`` by ``labels``.</doc>
<status status="PASS" start="2025-06-14T13:56:11.916014" elapsed="0.171936"/>
</kw>
<kw name="Select From List By Label" owner="SeleniumLibrary">
<msg time="2025-06-14T13:56:12.089943" level="INFO">Selecting options from selection list 'id=id_matkul' by label Interoperabilitas.</msg>
<arg>id=id_matkul</arg>
<arg>Interoperabilitas</arg>
<doc>Selects options from selection list ``locator`` by ``labels``.</doc>
<status status="PASS" start="2025-06-14T13:56:12.088943" elapsed="0.140961"/>
</kw>
<kw name="Select From List By Label" owner="SeleniumLibrary">
<msg time="2025-06-14T13:56:12.231907" level="INFO">Selecting options from selection list 'id=hari' by label Senin.</msg>
<arg>id=hari</arg>
<arg>Senin</arg>
<doc>Selects options from selection list ``locator`` by ``labels``.</doc>
<status status="PASS" start="2025-06-14T13:56:12.230909" elapsed="0.136602"/>
</kw>
<kw name="Input Text" owner="SeleniumLibrary">
<msg time="2025-06-14T13:56:12.369512" level="INFO">Typing text '10:00' into text field 'id=jam_selesai'.</msg>
<arg>id=jam_selesai</arg>
<arg>10:00</arg>
<doc>Types the given ``text`` into the text field identified by ``locator``.</doc>
<status status="PASS" start="2025-06-14T13:56:12.368512" elapsed="0.113660"/>
</kw>
<kw name="Sleep" owner="BuiltIn">
<msg time="2025-06-14T13:56:14.483868" level="INFO">Slept 2 seconds.</msg>
<arg>2s</arg>
<doc>Pauses the test executed for the given time.</doc>
<status status="PASS" start="2025-06-14T13:56:12.483171" elapsed="2.000697"/>
</kw>
<kw name="Click Button" owner="SeleniumLibrary">
<msg time="2025-06-14T13:56:14.485987" level="INFO">Clicking button 'id=jadwal-submit-btn'.</msg>
<arg>id=jadwal-submit-btn</arg>
<doc>Clicks the button identified by ``locator``.</doc>
<status status="PASS" start="2025-06-14T13:56:14.484975" elapsed="1.776348"/>
</kw>
<kw name="Wait Until Element Is Visible" owner="SeleniumLibrary">
<arg>xpath=//*[contains(text(), 'The Jam Mulai field is required.')]</arg>
<arg>timeout=10</arg>
<doc>Waits until the element ``locator`` is visible.</doc>
<status status="PASS" start="2025-06-14T13:56:16.262332" elapsed="0.048378"/>
</kw>
<kw name="Close Browser" owner="SeleniumLibrary">
<doc>Closes the current browser.</doc>
<status status="PASS" start="2025-06-14T13:56:16.312216" elapsed="2.231605"/>
</kw>
<status status="PASS" start="2025-06-14T13:56:04.496867" elapsed="14.047940"/>
</test>
<test id="s1-t6" name="Tambah Jadwal tanpa Jam Selesai" line="120">
<kw name="Open Browser" owner="SeleniumLibrary">
<msg time="2025-06-14T13:56:18.548817" level="INFO">Opening browser 'chrome' to base url 'http://localhost:8000/login'.</msg>
<arg>${LOGIN_URL}</arg>
<arg>${BROWSER}</arg>
<doc>Opens a new browser instance to the optional ``url``.</doc>
<status status="PASS" start="2025-06-14T13:56:18.547809" elapsed="2.493104"/>
</kw>
<kw name="Input Text" owner="SeleniumLibrary">
<msg time="2025-06-14T13:56:21.042043" level="INFO">Typing text 'admin@gmail.com' into text field 'id=email'.</msg>
<arg>id=email</arg>
<arg>${EMAIL}</arg>
<doc>Types the given ``text`` into the text field identified by ``locator``.</doc>
<status status="PASS" start="2025-06-14T13:56:21.042043" elapsed="0.184518"/>
</kw>
<kw name="Input Text" owner="SeleniumLibrary">
<msg time="2025-06-14T13:56:21.228556" level="INFO">Typing text 'admin123' into text field 'id=password'.</msg>
<arg>id=password</arg>
<arg>${PASSWORD}</arg>
<doc>Types the given ``text`` into the text field identified by ``locator``.</doc>
<status status="PASS" start="2025-06-14T13:56:21.227561" elapsed="0.129727"/>
</kw>
<kw name="Click Button" owner="SeleniumLibrary">
<msg time="2025-06-14T13:56:21.358277" level="INFO">Clicking button 'id=login-button'.</msg>
<arg>id=login-button</arg>
<doc>Clicks the button identified by ``locator``.</doc>
<status status="PASS" start="2025-06-14T13:56:21.358277" elapsed="2.566368"/>
</kw>
<kw name="Wait Until Element Is Visible" owner="SeleniumLibrary">
<arg>id=dashboard</arg>
<arg>timeout=10</arg>
<doc>Waits until the element ``locator`` is visible.</doc>
<status status="PASS" start="2025-06-14T13:56:23.925654" elapsed="0.057904"/>
</kw>
<kw name="Element Should Be Visible" owner="SeleniumLibrary">
<msg time="2025-06-14T13:56:24.007889" level="INFO">Element 'id=dashboard' is displayed.</msg>
<arg>id=dashboard</arg>
<doc>Verifies that the element identified by ``locator`` is visible.</doc>
<status status="PASS" start="2025-06-14T13:56:23.984074" elapsed="0.023815"/>
</kw>
<kw name="Click Element" owner="SeleniumLibrary">
<msg time="2025-06-14T13:56:24.009895" level="INFO">Clicking element 'id=jadwal-link'.</msg>
<arg>id=jadwal-link</arg>
<doc>Click the element identified by ``locator``.</doc>
<status status="PASS" start="2025-06-14T13:56:24.009895" elapsed="1.653242"/>
</kw>
<kw name="Wait Until Element Is Visible" owner="SeleniumLibrary">
<arg>id=jadwal-table</arg>
<arg>timeout=10</arg>
<doc>Waits until the element ``locator`` is visible.</doc>
<status status="PASS" start="2025-06-14T13:56:25.665138" elapsed="0.033008"/>
</kw>
<kw name="Element Should Be Visible" owner="SeleniumLibrary">
<msg time="2025-06-14T13:56:25.763811" level="INFO">Element 'id=jadwal-table' is displayed.</msg>
<arg>id=jadwal-table</arg>
<doc>Verifies that the element identified by ``locator`` is visible.</doc>
<status status="PASS" start="2025-06-14T13:56:25.700138" elapsed="0.064669"/>
</kw>
<kw name="Click Button" owner="SeleniumLibrary">
<msg time="2025-06-14T13:56:25.767811" level="INFO">Clicking button 'id=tambah-jadwal-button'.</msg>
<arg>id=tambah-jadwal-button</arg>
<doc>Clicks the button identified by ``locator``.</doc>
<status status="PASS" start="2025-06-14T13:56:25.766809" elapsed="0.151175"/>
</kw>
<kw name="Wait Until Element Is Visible" owner="SeleniumLibrary">
<arg>id=jadwal-modal</arg>
<arg>timeout=10</arg>
<doc>Waits until the element ``locator`` is visible.</doc>
<status status="PASS" start="2025-06-14T13:56:25.919996" elapsed="0.035104"/>
</kw>
<kw name="Element Should Be Visible" owner="SeleniumLibrary">
<msg time="2025-06-14T13:56:25.979233" level="INFO">Element 'id=jadwal-modal' is displayed.</msg>
<arg>id=jadwal-modal</arg>
<doc>Verifies that the element identified by ``locator`` is visible.</doc>
<status status="PASS" start="2025-06-14T13:56:25.957095" elapsed="0.023134"/>
</kw>
<kw name="Select From List By Label" owner="SeleniumLibrary">
<msg time="2025-06-14T13:56:25.983228" level="INFO">Selecting options from selection list 'id=id_ruang' by label Ruang Gedung 2 - Gedung Lab EC - Lantai 2.</msg>
<arg>id=id_ruang</arg>
<arg>Ruang Gedung 2 - Gedung Lab EC - Lantai 2</arg>
<doc>Selects options from selection list ``locator`` by ``labels``.</doc>
<status status="PASS" start="2025-06-14T13:56:25.982239" elapsed="0.208219"/>
</kw>
<kw name="Select From List By Label" owner="SeleniumLibrary">
<msg time="2025-06-14T13:56:26.192457" level="INFO">Selecting options from selection list 'id=id_matkul' by label Interoperabilitas.</msg>
<arg>id=id_matkul</arg>
<arg>Interoperabilitas</arg>
<doc>Selects options from selection list ``locator`` by ``labels``.</doc>
<status status="PASS" start="2025-06-14T13:56:26.191458" elapsed="0.170043"/>
</kw>
<kw name="Select From List By Label" owner="SeleniumLibrary">
<msg time="2025-06-14T13:56:26.364504" level="INFO">Selecting options from selection list 'id=hari' by label Senin.</msg>
<arg>id=hari</arg>
<arg>Senin</arg>
<doc>Selects options from selection list ``locator`` by ``labels``.</doc>
<status status="PASS" start="2025-06-14T13:56:26.363504" elapsed="0.157745"/>
</kw>
<kw name="Input Text" owner="SeleniumLibrary">
<msg time="2025-06-14T13:56:26.523259" level="INFO">Typing text '08:00' into text field 'id=jam_mulai'.</msg>
<arg>id=jam_mulai</arg>
<arg>08:00</arg>
<doc>Types the given ``text`` into the text field identified by ``locator``.</doc>
<status status="PASS" start="2025-06-14T13:56:26.522252" elapsed="0.181121"/>
</kw>
<kw name="Sleep" owner="BuiltIn">
<msg time="2025-06-14T13:56:28.705389" level="INFO">Slept 2 seconds.</msg>
<arg>2s</arg>
<doc>Pauses the test executed for the given time.</doc>
<status status="PASS" start="2025-06-14T13:56:26.704884" elapsed="2.000505"/>
</kw>
<kw name="Click Button" owner="SeleniumLibrary">
<msg time="2025-06-14T13:56:28.708425" level="INFO">Clicking button 'id=jadwal-submit-btn'.</msg>
<arg>id=jadwal-submit-btn</arg>
<doc>Clicks the button identified by ``locator``.</doc>
<status status="PASS" start="2025-06-14T13:56:28.707409" elapsed="1.917982"/>
</kw>
<kw name="Wait Until Element Is Visible" owner="SeleniumLibrary">
<arg>xpath=//*[contains(text(), 'The Jam Selesai field is required.')]</arg>
<arg>timeout=10</arg>
<doc>Waits until the element ``locator`` is visible.</doc>
<status status="PASS" start="2025-06-14T13:56:30.626385" elapsed="0.065447"/>
</kw>
<kw name="Close Browser" owner="SeleniumLibrary">
<doc>Closes the current browser.</doc>
<status status="PASS" start="2025-06-14T13:56:30.692843" elapsed="2.247963"/>
</kw>
<status status="PASS" start="2025-06-14T13:56:18.546812" elapsed="14.395986"/>
</test>
<test id="s1-t7" name="Tambah Jadwal Jam Tidak Valid" line="143">
<kw name="Open Browser" owner="SeleniumLibrary">
<msg time="2025-06-14T13:56:32.946807" level="INFO">Opening browser 'chrome' to base url 'http://localhost:8000/login'.</msg>
<arg>${LOGIN_URL}</arg>
<arg>${BROWSER}</arg>
<doc>Opens a new browser instance to the optional ``url``.</doc>
<status status="PASS" start="2025-06-14T13:56:32.945811" elapsed="3.118941"/>
</kw>
<kw name="Input Text" owner="SeleniumLibrary">
<msg time="2025-06-14T13:56:36.066745" level="INFO">Typing text 'admin@gmail.com' into text field 'id=email'.</msg>
<arg>id=email</arg>
<arg>${EMAIL}</arg>
<doc>Types the given ``text`` into the text field identified by ``locator``.</doc>
<status status="PASS" start="2025-06-14T13:56:36.066745" elapsed="0.194048"/>
</kw>
<kw name="Input Text" owner="SeleniumLibrary">
<msg time="2025-06-14T13:56:36.262785" level="INFO">Typing text 'admin123' into text field 'id=password'.</msg>
<arg>id=password</arg>
<arg>${PASSWORD}</arg>
<doc>Types the given ``text`` into the text field identified by ``locator``.</doc>
<status status="PASS" start="2025-06-14T13:56:36.261783" elapsed="0.181425"/>
</kw>
<kw name="Click Button" owner="SeleniumLibrary">
<msg time="2025-06-14T13:56:36.445219" level="INFO">Clicking button 'id=login-button'.</msg>
<arg>id=login-button</arg>
<doc>Clicks the button identified by ``locator``.</doc>
<status status="PASS" start="2025-06-14T13:56:36.444220" elapsed="2.555799"/>
</kw>
<kw name="Wait Until Element Is Visible" owner="SeleniumLibrary">
<arg>id=dashboard</arg>
<arg>timeout=10</arg>
<doc>Waits until the element ``locator`` is visible.</doc>
<status status="PASS" start="2025-06-14T13:56:39.002561" elapsed="0.058655"/>
</kw>
<kw name="Element Should Be Visible" owner="SeleniumLibrary">
<msg time="2025-06-14T13:56:39.087248" level="INFO">Element 'id=dashboard' is displayed.</msg>
<arg>id=dashboard</arg>
<doc>Verifies that the element identified by ``locator`` is visible.</doc>
<status status="PASS" start="2025-06-14T13:56:39.062214" elapsed="0.026019"/>
</kw>
<kw name="Click Element" owner="SeleniumLibrary">
<msg time="2025-06-14T13:56:39.090227" level="INFO">Clicking element 'id=jadwal-link'.</msg>
<arg>id=jadwal-link</arg>
<doc>Click the element identified by ``locator``.</doc>
<status status="PASS" start="2025-06-14T13:56:39.089230" elapsed="1.742749"/>
</kw>
<kw name="Wait Until Element Is Visible" owner="SeleniumLibrary">
<arg>id=jadwal-table</arg>
<arg>timeout=10</arg>
<doc>Waits until the element ``locator`` is visible.</doc>
<status status="PASS" start="2025-06-14T13:56:40.832978" elapsed="0.088320"/>
</kw>
<kw name="Element Should Be Visible" owner="SeleniumLibrary">
<msg time="2025-06-14T13:56:40.950294" level="INFO">Element 'id=jadwal-table' is displayed.</msg>
<arg>id=jadwal-table</arg>
<doc>Verifies that the element identified by ``locator`` is visible.</doc>
<status status="PASS" start="2025-06-14T13:56:40.922296" elapsed="0.027998"/>
</kw>
<kw name="Click Button" owner="SeleniumLibrary">
<msg time="2025-06-14T13:56:40.954295" level="INFO">Clicking button 'id=tambah-jadwal-button'.</msg>
<arg>id=tambah-jadwal-button</arg>
<doc>Clicks the button identified by ``locator``.</doc>
<status status="PASS" start="2025-06-14T13:56:40.952306" elapsed="0.161556"/>
</kw>
<kw name="Wait Until Element Is Visible" owner="SeleniumLibrary">
<arg>id=jadwal-modal</arg>
<arg>timeout=10</arg>
<doc>Waits until the element ``locator`` is visible.</doc>
<status status="PASS" start="2025-06-14T13:56:41.114868" elapsed="0.037686"/>
</kw>
<kw name="Element Should Be Visible" owner="SeleniumLibrary">
<msg time="2025-06-14T13:56:41.177559" level="INFO">Element 'id=jadwal-modal' is displayed.</msg>
<arg>id=jadwal-modal</arg>
<doc>Verifies that the element identified by ``locator`` is visible.</doc>
<status status="PASS" start="2025-06-14T13:56:41.153547" elapsed="0.025011"/>
</kw>
<kw name="Select From List By Label" owner="SeleniumLibrary">
<msg time="2025-06-14T13:56:41.179572" level="INFO">Selecting options from selection list 'id=id_ruang' by label Ruang Gedung 2 - Gedung Lab EC - Lantai 2.</msg>
<arg>id=id_ruang</arg>
<arg>Ruang Gedung 2 - Gedung Lab EC - Lantai 2</arg>
<doc>Selects options from selection list ``locator`` by ``labels``.</doc>
<status status="PASS" start="2025-06-14T13:56:41.179572" elapsed="0.210199"/>
</kw>
<kw name="Select From List By Label" owner="SeleniumLibrary">
<msg time="2025-06-14T13:56:41.391765" level="INFO">Selecting options from selection list 'id=id_matkul' by label Interoperabilitas.</msg>
<arg>id=id_matkul</arg>
<arg>Interoperabilitas</arg>
<doc>Selects options from selection list ``locator`` by ``labels``.</doc>
<status status="PASS" start="2025-06-14T13:56:41.390762" elapsed="0.175432"/>
</kw>
<kw name="Select From List By Label" owner="SeleniumLibrary">
<msg time="2025-06-14T13:56:41.569189" level="INFO">Selecting options from selection list 'id=hari' by label Senin.</msg>
<arg>id=hari</arg>
<arg>Senin</arg>
<doc>Selects options from selection list ``locator`` by ``labels``.</doc>
<status status="PASS" start="2025-06-14T13:56:41.567195" elapsed="0.166836"/>
</kw>
<kw name="Input Text" owner="SeleniumLibrary">
<msg time="2025-06-14T13:56:41.737036" level="INFO">Typing text '08:00' into text field 'id=jam_mulai'.</msg>
<arg>id=jam_mulai</arg>
<arg>08:00</arg>
<doc>Types the given ``text`` into the text field identified by ``locator``.</doc>
<status status="PASS" start="2025-06-14T13:56:41.736020" elapsed="0.184311"/>
</kw>
<kw name="Input Text" owner="SeleniumLibrary">
<msg time="2025-06-14T13:56:41.922325" level="INFO">Typing text '07:00' into text field 'id=jam_selesai'.</msg>
<arg>id=jam_selesai</arg>
<arg>07:00</arg>
<doc>Types the given ``text`` into the text field identified by ``locator``.</doc>
<status status="PASS" start="2025-06-14T13:56:41.921326" elapsed="0.134115"/>
</kw>
<kw name="Sleep" owner="BuiltIn">
<msg time="2025-06-14T13:56:44.057841" level="INFO">Slept 2 seconds.</msg>
<arg>2s</arg>
<doc>Pauses the test executed for the given time.</doc>
<status status="PASS" start="2025-06-14T13:56:42.057439" elapsed="2.000915"/>
</kw>
<kw name="Click Button" owner="SeleniumLibrary">
<msg time="2025-06-14T13:56:44.059375" level="INFO">Clicking button 'id=jadwal-submit-btn'.</msg>
<arg>id=jadwal-submit-btn</arg>
<doc>Clicks the button identified by ``locator``.</doc>
<status status="PASS" start="2025-06-14T13:56:44.059375" elapsed="2.690793"/>
</kw>
<kw name="Wait Until Element Is Visible" owner="SeleniumLibrary">
<arg>xpath=//*[contains(text(), 'must be')]</arg>
<arg>timeout=10</arg>
<doc>Waits until the element ``locator`` is visible.</doc>
<status status="PASS" start="2025-06-14T13:56:46.751195" elapsed="0.057758"/>
</kw>
<kw name="Close Browser" owner="SeleniumLibrary">
<doc>Closes the current browser.</doc>
<status status="PASS" start="2025-06-14T13:56:46.810955" elapsed="2.230183"/>
</kw>
<status status="PASS" start="2025-06-14T13:56:32.944790" elapsed="16.097339"/>
</test>
<test id="s1-t8" name="Tambah Jadwal" line="166">
<kw name="Open Browser" owner="SeleniumLibrary">
<msg time="2025-06-14T13:56:49.046130" level="INFO">Opening browser 'chrome' to base url 'http://localhost:8000/login'.</msg>
<arg>${LOGIN_URL}</arg>
<arg>${BROWSER}</arg>
<doc>Opens a new browser instance to the optional ``url``.</doc>
<status status="PASS" start="2025-06-14T13:56:49.046130" elapsed="2.467657"/>
</kw>
<kw name="Input Text" owner="SeleniumLibrary">
<msg time="2025-06-14T13:56:51.515792" level="INFO">Typing text 'admin@gmail.com' into text field 'id=email'.</msg>
<arg>id=email</arg>
<arg>${EMAIL}</arg>
<doc>Types the given ``text`` into the text field identified by ``locator``.</doc>
<status status="PASS" start="2025-06-14T13:56:51.514792" elapsed="0.190034"/>
</kw>
<kw name="Input Text" owner="SeleniumLibrary">
<msg time="2025-06-14T13:56:51.707830" level="INFO">Typing text 'admin123' into text field 'id=password'.</msg>
<arg>id=password</arg>
<arg>${PASSWORD}</arg>
<doc>Types the given ``text`` into the text field identified by ``locator``.</doc>
<status status="PASS" start="2025-06-14T13:56:51.706824" elapsed="0.162182"/>
</kw>
<kw name="Click Button" owner="SeleniumLibrary">
<msg time="2025-06-14T13:56:51.871004" level="INFO">Clicking button 'id=login-button'.</msg>
<arg>id=login-button</arg>
<doc>Clicks the button identified by ``locator``.</doc>
<status status="PASS" start="2025-06-14T13:56:51.870005" elapsed="2.511631"/>
</kw>
<kw name="Wait Until Element Is Visible" owner="SeleniumLibrary">
<arg>id=dashboard</arg>
<arg>timeout=10</arg>
<doc>Waits until the element ``locator`` is visible.</doc>
<status status="PASS" start="2025-06-14T13:56:54.382633" elapsed="0.052526"/>
</kw>
<kw name="Element Should Be Visible" owner="SeleniumLibrary">
<msg time="2025-06-14T13:56:54.459684" level="INFO">Element 'id=dashboard' is displayed.</msg>
<arg>id=dashboard</arg>
<doc>Verifies that the element identified by ``locator`` is visible.</doc>
<status status="PASS" start="2025-06-14T13:56:54.436159" elapsed="0.023525"/>
</kw>
<kw name="Click Element" owner="SeleniumLibrary">
<msg time="2025-06-14T13:56:54.461945" level="INFO">Clicking element 'id=jadwal-link'.</msg>
<arg>id=jadwal-link</arg>
<doc>Click the element identified by ``locator``.</doc>
<status status="PASS" start="2025-06-14T13:56:54.461433" elapsed="1.599991"/>
</kw>
<kw name="Wait Until Element Is Visible" owner="SeleniumLibrary">
<arg>id=jadwal-table</arg>
<arg>timeout=10</arg>
<doc>Waits until the element ``locator`` is visible.</doc>
<status status="PASS" start="2025-06-14T13:56:56.062422" elapsed="0.032884"/>
</kw>
<kw name="Element Should Be Visible" owner="SeleniumLibrary">
<msg time="2025-06-14T13:56:56.158338" level="INFO">Element 'id=jadwal-table' is displayed.</msg>
<arg>id=jadwal-table</arg>
<doc>Verifies that the element identified by ``locator`` is visible.</doc>
<status status="PASS" start="2025-06-14T13:56:56.096307" elapsed="0.062031"/>
</kw>
<kw name="Click Button" owner="SeleniumLibrary">
<msg time="2025-06-14T13:56:56.160335" level="INFO">Clicking button 'id=tambah-jadwal-button'.</msg>
<arg>id=tambah-jadwal-button</arg>
<doc>Clicks the button identified by ``locator``.</doc>
<status status="PASS" start="2025-06-14T13:56:56.159334" elapsed="0.136364"/>
</kw>
<kw name="Wait Until Element Is Visible" owner="SeleniumLibrary">
<arg>id=jadwal-modal</arg>
<arg>timeout=10</arg>
<doc>Waits until the element ``locator`` is visible.</doc>
<status status="PASS" start="2025-06-14T13:56:56.296707" elapsed="0.035219"/>
</kw>
<kw name="Element Should Be Visible" owner="SeleniumLibrary">
<msg time="2025-06-14T13:56:56.356589" level="INFO">Element 'id=jadwal-modal' is displayed.</msg>
<arg>id=jadwal-modal</arg>
<doc>Verifies that the element identified by ``locator`` is visible.</doc>
<status status="PASS" start="2025-06-14T13:56:56.333929" elapsed="0.023665"/>
</kw>
<kw name="Select From List By Label" owner="SeleniumLibrary">
<msg time="2025-06-14T13:56:56.359586" level="INFO">Selecting options from selection list 'id=id_ruang' by label Ruang Gedung 2 - Gedung Lab EC - Lantai 2.</msg>
<arg>id=id_ruang</arg>
<arg>Ruang Gedung 2 - Gedung Lab EC - Lantai 2</arg>
<doc>Selects options from selection list ``locator`` by ``labels``.</doc>
<status status="PASS" start="2025-06-14T13:56:56.358585" elapsed="0.176382"/>
</kw>
<kw name="Select From List By Label" owner="SeleniumLibrary">
<msg time="2025-06-14T13:56:56.536974" level="INFO">Selecting options from selection list 'id=id_matkul' by label Interoperabilitas.</msg>
<arg>id=id_matkul</arg>
<arg>Interoperabilitas</arg>
<doc>Selects options from selection list ``locator`` by ``labels``.</doc>
<status status="PASS" start="2025-06-14T13:56:56.535963" elapsed="0.141727"/>
</kw>
<kw name="Select From List By Label" owner="SeleniumLibrary">
<msg time="2025-06-14T13:56:56.679694" level="INFO">Selecting options from selection list 'id=hari' by label Senin.</msg>
<arg>id=hari</arg>
<arg>Senin</arg>
<doc>Selects options from selection list ``locator`` by ``labels``.</doc>
<status status="PASS" start="2025-06-14T13:56:56.678700" elapsed="0.136998"/>
</kw>
<kw name="Input Text" owner="SeleniumLibrary">
<msg time="2025-06-14T13:56:56.817696" level="INFO">Typing text '08:00' into text field 'id=jam_mulai'.</msg>
<arg>id=jam_mulai</arg>
<arg>08:00</arg>
<doc>Types the given ``text`` into the text field identified by ``locator``.</doc>
<status status="PASS" start="2025-06-14T13:56:56.816696" elapsed="0.115891"/>
</kw>
<kw name="Input Text" owner="SeleniumLibrary">
<msg time="2025-06-14T13:56:56.934583" level="INFO">Typing text '10:00' into text field 'id=jam_selesai'.</msg>
<arg>id=jam_selesai</arg>
<arg>10:00</arg>
<doc>Types the given ``text`` into the text field identified by ``locator``.</doc>
<status status="PASS" start="2025-06-14T13:56:56.933583" elapsed="0.166635"/>
</kw>
<kw name="Sleep" owner="BuiltIn">
<msg time="2025-06-14T13:56:59.102458" level="INFO">Slept 2 seconds.</msg>
<arg>2s</arg>
<doc>Pauses the test executed for the given time.</doc>
<status status="PASS" start="2025-06-14T13:56:57.102215" elapsed="2.000243"/>
</kw>
<kw name="Click Button" owner="SeleniumLibrary">
<msg time="2025-06-14T13:56:59.104485" level="INFO">Clicking button 'id=jadwal-submit-btn'.</msg>
<arg>id=jadwal-submit-btn</arg>
<doc>Clicks the button identified by ``locator``.</doc>
<status status="PASS" start="2025-06-14T13:56:59.103478" elapsed="0.151499"/>
</kw>
<kw name="Wait Until Element Is Visible" owner="SeleniumLibrary">
<arg>xpath=//*[contains(text(), 'success!')]</arg>
<arg>timeout=10</arg>
<doc>Waits until the element ``locator`` is visible.</doc>
<status status="PASS" start="2025-06-14T13:56:59.255974" elapsed="2.522782"/>
</kw>
<kw name="Close Browser" owner="SeleniumLibrary">
<doc>Closes the current browser.</doc>
<status status="PASS" start="2025-06-14T13:57:01.779760" elapsed="2.219102"/>
</kw>
<status status="PASS" start="2025-06-14T13:56:49.044133" elapsed="14.956267"/>
</test>
<test id="s1-t9" name="Jadwal Konflik" line="189">
<kw name="Open Browser" owner="SeleniumLibrary">
<msg time="2025-06-14T13:57:04.004392" level="INFO">Opening browser 'chrome' to base url 'http://localhost:8000/login'.</msg>
<arg>${LOGIN_URL}</arg>
<arg>${BROWSER}</arg>
<doc>Opens a new browser instance to the optional ``url``.</doc>
<status status="PASS" start="2025-06-14T13:57:04.003398" elapsed="3.106525"/>
</kw>
<kw name="Input Text" owner="SeleniumLibrary">
<msg time="2025-06-14T13:57:07.111939" level="INFO">Typing text 'admin@gmail.com' into text field 'id=email'.</msg>
<arg>id=email</arg>
<arg>${EMAIL}</arg>
<doc>Types the given ``text`` into the text field identified by ``locator``.</doc>
<status status="PASS" start="2025-06-14T13:57:07.110941" elapsed="0.215899"/>
</kw>
<kw name="Input Text" owner="SeleniumLibrary">
<msg time="2025-06-14T13:57:07.328818" level="INFO">Typing text 'admin123' into text field 'id=password'.</msg>
<arg>id=password</arg>
<arg>${PASSWORD}</arg>
<doc>Types the given ``text`` into the text field identified by ``locator``.</doc>
<status status="PASS" start="2025-06-14T13:57:07.327833" elapsed="0.190361"/>
</kw>
<kw name="Click Button" owner="SeleniumLibrary">
<msg time="2025-06-14T13:57:07.520202" level="INFO">Clicking button 'id=login-button'.</msg>
<arg>id=login-button</arg>
<doc>Clicks the button identified by ``locator``.</doc>
<status status="PASS" start="2025-06-14T13:57:07.519203" elapsed="2.538574"/>
</kw>
<kw name="Wait Until Element Is Visible" owner="SeleniumLibrary">
<arg>id=dashboard</arg>
<arg>timeout=10</arg>
<doc>Waits until the element ``locator`` is visible.</doc>
<status status="PASS" start="2025-06-14T13:57:10.058776" elapsed="0.063549"/>
</kw>
<kw name="Click Element" owner="SeleniumLibrary">
<msg time="2025-06-14T13:57:10.124328" level="INFO">Clicking element 'id=jadwal-link'.</msg>
<arg>id=jadwal-link</arg>
<doc>Click the element identified by ``locator``.</doc>
<status status="PASS" start="2025-06-14T13:57:10.123324" elapsed="1.645679"/>
</kw>
<kw name="Wait Until Element Is Visible" owner="SeleniumLibrary">
<arg>id=jadwal-table</arg>
<arg>timeout=10</arg>
<doc>Waits until the element ``locator`` is visible.</doc>
<status status="PASS" start="2025-06-14T13:57:11.770005" elapsed="0.076291"/>
</kw>
<kw name="Click Button" owner="SeleniumLibrary">
<msg time="2025-06-14T13:57:11.848292" level="INFO">Clicking button 'id=tambah-jadwal-button'.</msg>
<arg>id=tambah-jadwal-button</arg>
<doc>Clicks the button identified by ``locator``.</doc>
<status status="PASS" start="2025-06-14T13:57:11.847297" elapsed="0.134679"/>
</kw>
<kw name="Wait Until Element Is Visible" owner="SeleniumLibrary">
<arg>id=jadwal-modal</arg>
<arg>timeout=10</arg>
<doc>Waits until the element ``locator`` is visible.</doc>
<status status="PASS" start="2025-06-14T13:57:11.982975" elapsed="0.030839"/>
</kw>
<kw name="Select From List By Label" owner="SeleniumLibrary">
<msg time="2025-06-14T13:57:12.015801" level="INFO">Selecting options from selection list 'id=id_ruang' by label Ruang Gedung 2 - Gedung Lab EC - Lantai 2.</msg>
<arg>id=id_ruang</arg>
<arg>Ruang Gedung 2 - Gedung Lab EC - Lantai 2</arg>
<doc>Selects options from selection list ``locator`` by ``labels``.</doc>
<status status="PASS" start="2025-06-14T13:57:12.014802" elapsed="0.175053"/>
</kw>
<kw name="Select From List By Label" owner="SeleniumLibrary">
<msg time="2025-06-14T13:57:12.191853" level="INFO">Selecting options from selection list 'id=id_matkul' by label Interoperabilitas.</msg>
<arg>id=id_matkul</arg>
<arg>Interoperabilitas</arg>
<doc>Selects options from selection list ``locator`` by ``labels``.</doc>
<status status="PASS" start="2025-06-14T13:57:12.190856" elapsed="0.162247"/>
</kw>
<kw name="Select From List By Label" owner="SeleniumLibrary">
<msg time="2025-06-14T13:57:12.355104" level="INFO">Selecting options from selection list 'id=hari' by label Selasa.</msg>
<arg>id=hari</arg>
<arg>Selasa</arg>
<doc>Selects options from selection list ``locator`` by ``labels``.</doc>
<status status="PASS" start="2025-06-14T13:57:12.354105" elapsed="0.156268"/>
</kw>
<kw name="Input Text" owner="SeleniumLibrary">
<msg time="2025-06-14T13:57:12.512364" level="INFO">Typing text '09:00' into text field 'id=jam_mulai'.</msg>
<arg>id=jam_mulai</arg>
<arg>09:00</arg>
<doc>Types the given ``text`` into the text field identified by ``locator``.</doc>
<status status="PASS" start="2025-06-14T13:57:12.511363" elapsed="0.146377"/>
</kw>
<kw name="Input Text" owner="SeleniumLibrary">
<msg time="2025-06-14T13:57:12.659737" level="INFO">Typing text '11:00' into text field 'id=jam_selesai'.</msg>
<arg>id=jam_selesai</arg>
<arg>11:00</arg>
<doc>Types the given ``text`` into the text field identified by ``locator``.</doc>
<status status="PASS" start="2025-06-14T13:57:12.658732" elapsed="0.173141"/>
</kw>
<kw name="Sleep" owner="BuiltIn">
<msg time="2025-06-14T13:57:14.834148" level="INFO">Slept 2 seconds.</msg>
<arg>2s</arg>
<doc>Pauses the test executed for the given time.</doc>
<status status="PASS" start="2025-06-14T13:57:12.832878" elapsed="2.001270"/>
</kw>
<kw name="Click Button" owner="SeleniumLibrary">
<msg time="2025-06-14T13:57:14.836167" level="INFO">Clicking button 'id=jadwal-submit-btn'.</msg>
<arg>id=jadwal-submit-btn</arg>
<doc>Clicks the button identified by ``locator``.</doc>
<status status="PASS" start="2025-06-14T13:57:14.835171" elapsed="2.931170"/>
</kw>
<kw name="Wait Until Element Is Visible" owner="SeleniumLibrary">
<arg>xpath=//*[contains(text(), 'success!')]</arg>
<arg>timeout=10</arg>
<doc>Waits until the element ``locator`` is visible.</doc>
<status status="PASS" start="2025-06-14T13:57:17.768983" elapsed="0.050582"/>
</kw>
<kw name="Click Button" owner="SeleniumLibrary">
<msg time="2025-06-14T13:57:17.821570" level="INFO">Clicking button 'id=tambah-jadwal-button'.</msg>
<arg>id=tambah-jadwal-button</arg>
<doc>Clicks the button identified by ``locator``.</doc>
<status status="PASS" start="2025-06-14T13:57:17.820585" elapsed="0.132462"/>
</kw>
<kw name="Wait Until Element Is Visible" owner="SeleniumLibrary">
<arg>id=jadwal-modal</arg>
<arg>timeout=10</arg>
<doc>Waits until the element ``locator`` is visible.</doc>
<status status="PASS" start="2025-06-14T13:57:17.954051" elapsed="0.028466"/>
</kw>
<kw name="Select From List By Label" owner="SeleniumLibrary">
<msg time="2025-06-14T13:57:17.984523" level="INFO">Selecting options from selection list 'id=id_ruang' by label Ruang Gedung 2 - Gedung Lab EC - Lantai 2.</msg>
<arg>id=id_ruang</arg>
<arg>Ruang Gedung 2 - Gedung Lab EC - Lantai 2</arg>
<doc>Selects options from selection list ``locator`` by ``labels``.</doc>
<status status="PASS" start="2025-06-14T13:57:17.983512" elapsed="0.142816"/>
</kw>
<kw name="Select From List By Label" owner="SeleniumLibrary">
<msg time="2025-06-14T13:57:18.129326" level="INFO">Selecting options from selection list 'id=id_matkul' by label Kecerdasan Buatan.</msg>
<arg>id=id_matkul</arg>
<arg>Kecerdasan Buatan</arg>
<doc>Selects options from selection list ``locator`` by ``labels``.</doc>
<status status="PASS" start="2025-06-14T13:57:18.128332" elapsed="0.167954"/>
</kw>
<kw name="Select From List By Label" owner="SeleniumLibrary">
<msg time="2025-06-14T13:57:18.298286" level="INFO">Selecting options from selection list 'id=hari' by label Selasa.</msg>
<arg>id=hari</arg>
<arg>Selasa</arg>
<doc>Selects options from selection list ``locator`` by ``labels``.</doc>
<status status="PASS" start="2025-06-14T13:57:18.298286" elapsed="0.149424"/>
</kw>
<kw name="Input Text" owner="SeleniumLibrary">
<msg time="2025-06-14T13:57:18.449707" level="INFO">Typing text '10:30' into text field 'id=jam_mulai'.</msg>
<arg>id=jam_mulai</arg>
<arg>10:30</arg>
<doc>Types the given ``text`` into the text field identified by ``locator``.</doc>
<status status="PASS" start="2025-06-14T13:57:18.448707" elapsed="0.162844"/>
</kw>
<kw name="Input Text" owner="SeleniumLibrary">
<msg time="2025-06-14T13:57:18.615066" level="INFO">Typing text '12:00' into text field 'id=jam_selesai'.</msg>
<arg>id=jam_selesai</arg>
<arg>12:00</arg>
<doc>Types the given ``text`` into the text field identified by ``locator``.</doc>
<status status="PASS" start="2025-06-14T13:57:18.613559" elapsed="0.207072"/>
</kw>
<kw name="Sleep" owner="BuiltIn">
<msg time="2025-06-14T13:57:20.823044" level="INFO">Slept 2 seconds.</msg>
<arg>2s</arg>
<doc>Pauses the test executed for the given time.</doc>
<status status="PASS" start="2025-06-14T13:57:18.821639" elapsed="2.001405"/>
</kw>
<kw name="Wait Until Element Is Visible" owner="SeleniumLibrary">
<arg>xpath=//*[contains(text(), 'Konflik')]</arg>
<arg>timeout=10</arg>
<doc>Waits until the element ``locator`` is visible.</doc>
<status status="PASS" start="2025-06-14T13:57:20.824103" elapsed="0.033974"/>
</kw>
<kw name="Click Button" owner="SeleniumLibrary">
<msg time="2025-06-14T13:57:20.859077" level="INFO">Clicking button 'id=jadwal-submit-btn'.</msg>
<arg>id=jadwal-submit-btn</arg>
<doc>Clicks the button identified by ``locator``.</doc>
<status status="PASS" start="2025-06-14T13:57:20.859077" elapsed="0.119684"/>
</kw>
<kw name="Sleep" owner="BuiltIn">
<msg time="2025-06-14T13:57:22.981195" level="INFO">Slept 2 seconds.</msg>
<arg>2s</arg>
<doc>Pauses the test executed for the given time.</doc>
<status status="PASS" start="2025-06-14T13:57:20.979760" elapsed="2.001435"/>
</kw>
<kw name="Wait Until Element Is Not Visible" owner="SeleniumLibrary">
<arg>xpath=//*[contains(text(), 'success!')]</arg>
<arg>timeout=10</arg>
<doc>Waits until the element ``locator`` is not visible.</doc>
<status status="PASS" start="2025-06-14T13:57:22.983229" elapsed="0.028897"/>
</kw>
<kw name="Close Browser" owner="SeleniumLibrary">
<doc>Closes the current browser.</doc>
<status status="PASS" start="2025-06-14T13:57:23.013159" elapsed="2.279030"/>
</kw>
<status status="PASS" start="2025-06-14T13:57:04.002387" elapsed="21.290786"/>
</test>
<test id="s1-t10" name="Edit Jadwal - Validasi Waktu Invalid" line="233">
<kw name="Open Browser" owner="SeleniumLibrary">
<msg time="2025-06-14T13:57:25.297193" level="INFO">Opening browser 'chrome' to base url 'http://localhost:8000/login'.</msg>
<arg>${LOGIN_URL}</arg>
<arg>${BROWSER}</arg>
<doc>Opens a new browser instance to the optional ``url``.</doc>
<status status="PASS" start="2025-06-14T13:57:25.297193" elapsed="3.320253"/>
</kw>
<kw name="Input Text" owner="SeleniumLibrary">
<msg time="2025-06-14T13:57:28.619451" level="INFO">Typing text 'admin@gmail.com' into text field 'id=email'.</msg>
<arg>id=email</arg>
<arg>${EMAIL}</arg>
<doc>Types the given ``text`` into the text field identified by ``locator``.</doc>
<status status="PASS" start="2025-06-14T13:57:28.618442" elapsed="0.190620"/>
</kw>
<kw name="Input Text" owner="SeleniumLibrary">
<msg time="2025-06-14T13:57:28.811055" level="INFO">Typing text 'admin123' into text field 'id=password'.</msg>
<arg>id=password</arg>
<arg>${PASSWORD}</arg>
<doc>Types the given ``text`` into the text field identified by ``locator``.</doc>
<status status="PASS" start="2025-06-14T13:57:28.810055" elapsed="0.152028"/>
</kw>
<kw name="Click Button" owner="SeleniumLibrary">
<msg time="2025-06-14T13:57:28.965103" level="INFO">Clicking button 'id=login-button'.</msg>
<arg>id=login-button</arg>
<doc>Clicks the button identified by ``locator``.</doc>
<status status="PASS" start="2025-06-14T13:57:28.964082" elapsed="0.143550"/>
</kw>
<kw name="Wait Until Element Is Visible" owner="SeleniumLibrary">
<arg>id=dashboard</arg>
<arg>timeout=${WAIT_TIMEOUT}</arg>
<doc>Waits until the element ``locator`` is visible.</doc>
<status status="PASS" start="2025-06-14T13:57:29.108632" elapsed="2.585369"/>
</kw>
<kw name="Click Element" owner="SeleniumLibrary">
<msg time="2025-06-14T13:57:31.695530" level="INFO">Clicking element 'id=jadwal-link'.</msg>
<arg>id=jadwal-link</arg>
<doc>Click the element identified by ``locator``.</doc>
<status status="PASS" start="2025-06-14T13:57:31.695530" elapsed="1.546119"/>
</kw>
<kw name="Wait Until Element Is Visible" owner="SeleniumLibrary">
<arg>id=jadwal-table</arg>
<arg>timeout=${WAIT_TIMEOUT}</arg>
<doc>Waits until the element ``locator`` is visible.</doc>
<status status="PASS" start="2025-06-14T13:57:33.242643" elapsed="0.029538"/>
</kw>
<kw name="Wait Until Element Is Visible" owner="SeleniumLibrary">
<arg>css=table#jadwal-table tbody tr</arg>
<arg>timeout=${WAIT_TIMEOUT}</arg>
<doc>Waits until the element ``locator`` is visible.</doc>
<status status="PASS" start="2025-06-14T13:57:33.273177" elapsed="0.927539"/>
</kw>
<kw name="Sleep" owner="BuiltIn">
<msg time="2025-06-14T13:57:39.203169" level="INFO">Slept 5 seconds.</msg>
<arg>${LONG_WAIT}</arg>
<doc>Pauses the test executed for the given time.</doc>
<status status="PASS" start="2025-06-14T13:57:34.201710" elapsed="5.001459"/>
</kw>
<kw name="Wait Until Element Is Visible" owner="SeleniumLibrary">
<arg>css=button[id^="edit-jadwal-"]</arg>
<arg>timeout=${WAIT_TIMEOUT}</arg>
<doc>Waits until the element ``locator`` is visible.</doc>
<status status="PASS" start="2025-06-14T13:57:39.204189" elapsed="0.033231"/>
</kw>
<kw name="Click Element" owner="SeleniumLibrary">
<msg time="2025-06-14T13:57:39.238418" level="INFO">Clicking element 'css=button[id^="edit-jadwal-"]'.</msg>
<arg>css=button[id^="edit-jadwal-"]</arg>
<doc>Click the element identified by ``locator``.</doc>
<status status="PASS" start="2025-06-14T13:57:39.237420" elapsed="0.100744"/>
</kw>
<kw name="Wait Until Element Is Visible" owner="SeleniumLibrary">
<arg>id=edit-jadwal-modal</arg>
<arg>timeout=${WAIT_TIMEOUT}</arg>
<doc>Waits until the element ``locator`` is visible.</doc>
<status status="PASS" start="2025-06-14T13:57:39.340167" elapsed="0.474570"/>
</kw>
<kw name="Sleep" owner="BuiltIn">
<msg time="2025-06-14T13:57:41.816140" level="INFO">Slept 2 seconds.</msg>
<arg>${SHORT_WAIT}</arg>
<doc>Pauses the test executed for the given time.</doc>
<status status="PASS" start="2025-06-14T13:57:39.815743" elapsed="2.000909"/>
</kw>
<kw name="Select From List By Label" owner="SeleniumLibrary">
<msg time="2025-06-14T13:57:41.818686" level="INFO">Selecting options from selection list 'css=#edit-jadwal-modal select[name="id_ruang"]' by label Ruang Gedung 2 - Gedung Lab EC - Lantai 2.</msg>
<arg>css=#edit-jadwal-modal select[name="id_ruang"]</arg>
<arg>Ruang Gedung 2 - Gedung Lab EC - Lantai 2</arg>
<doc>Selects options from selection list ``locator`` by ``labels``.</doc>
<status status="PASS" start="2025-06-14T13:57:41.817668" elapsed="0.114213"/>
</kw>
<kw name="Select From List By Label" owner="SeleniumLibrary">
<msg time="2025-06-14T13:57:41.932868" level="INFO">Selecting options from selection list 'css=#edit-jadwal-modal select[name="id_matkul"]' by label Interoperabilitas.</msg>
<arg>css=#edit-jadwal-modal select[name="id_matkul"]</arg>
<arg>Interoperabilitas</arg>
<doc>Selects options from selection list ``locator`` by ``labels``.</doc>
<status status="PASS" start="2025-06-14T13:57:41.932868" elapsed="0.103505"/>
</kw>
<kw name="Select From List By Label" owner="SeleniumLibrary">
<msg time="2025-06-14T13:57:42.037868" level="INFO">Selecting options from selection list 'css=#edit-jadwal-modal select[name="hari"]' by label Senin.</msg>
<arg>css=#edit-jadwal-modal select[name="hari"]</arg>
<arg>Senin</arg>
<doc>Selects options from selection list ``locator`` by ``labels``.</doc>
<status status="PASS" start="2025-06-14T13:57:42.037356" elapsed="0.101705"/>
</kw>
<kw name="Clear Element Text" owner="SeleniumLibrary">
<arg>css=#edit-jadwal-modal input[name="jam_mulai"]</arg>
<doc>Clears the value of the text-input-element identified by ``locator``.</doc>
<status status="PASS" start="2025-06-14T13:57:42.140061" elapsed="0.064472"/>
</kw>
<kw name="Input Text" owner="SeleniumLibrary">
<msg time="2025-06-14T13:57:42.207536" level="INFO">Typing text '14:00' into text field 'css=#edit-jadwal-modal input[name="jam_mulai"]'.</msg>
<arg>css=#edit-jadwal-modal input[name="jam_mulai"]</arg>
<arg>14:00</arg>
<doc>Types the given ``text`` into the text field identified by ``locator``.</doc>
<status status="PASS" start="2025-06-14T13:57:42.206541" elapsed="0.104748"/>
</kw>
<kw name="Clear Element Text" owner="SeleniumLibrary">
<arg>css=#edit-jadwal-modal input[name="jam_selesai"]</arg>
<doc>Clears the value of the text-input-element identified by ``locator``.</doc>
<status status="PASS" start="2025-06-14T13:57:42.312298" elapsed="0.055614"/>
</kw>
<kw name="Input Text" owner="SeleniumLibrary">
<msg time="2025-06-14T13:57:42.368914" level="INFO">Typing text '12:00' into text field 'css=#edit-jadwal-modal input[name="jam_selesai"]'.</msg>
<arg>css=#edit-jadwal-modal input[name="jam_selesai"]</arg>
<arg>12:00</arg>
<doc>Types the given ``text`` into the text field identified by ``locator``.</doc>
<status status="PASS" start="2025-06-14T13:57:42.368914" elapsed="0.105815"/>
</kw>
<kw name="Click Button" owner="SeleniumLibrary">
<msg time="2025-06-14T13:57:42.476737" level="INFO">Clicking button 'css=#edit-jadwal-modal button[type="submit"]'.</msg>
<arg>css=#edit-jadwal-modal button[type="submit"]</arg>
<doc>Clicks the button identified by ``locator``.</doc>
<status status="PASS" start="2025-06-14T13:57:42.475738" elapsed="1.558166"/>
</kw>
<kw name="Wait Until Element Is Visible" owner="SeleniumLibrary">
<arg>xpath=//*[contains(text(), 'after') or contains(text(), 'must be')]</arg>
<arg>timeout=${WAIT_TIMEOUT}</arg>
<doc>Waits until the element ``locator`` is visible.</doc>
<status status="PASS" start="2025-06-14T13:57:44.034493" elapsed="0.051918"/>
</kw>
<kw name="Close Browser" owner="SeleniumLibrary">
<doc>Closes the current browser.</doc>
<status status="PASS" start="2025-06-14T13:57:44.087411" elapsed="2.384986"/>
</kw>
<doc>Test editing jadwal with invalid time (end time before start time)</doc>
<status status="PASS" start="2025-06-14T13:57:25.295176" elapsed="21.178229"/>
</test>
<test id="s1-t11" name="Edit Jadwal - Konflik Waktu" line="272">
<kw name="Open Browser" owner="SeleniumLibrary">
<msg time="2025-06-14T13:57:46.477402" level="INFO">Opening browser 'chrome' to base url 'http://localhost:8000/login'.</msg>
<arg>${LOGIN_URL}</arg>
<arg>${BROWSER}</arg>
<doc>Opens a new browser instance to the optional ``url``.</doc>
<status status="PASS" start="2025-06-14T13:57:46.476402" elapsed="2.964338"/>
</kw>
<kw name="Input Text" owner="SeleniumLibrary">
<msg time="2025-06-14T13:57:49.441736" level="INFO">Typing text 'admin@gmail.com' into text field 'id=email'.</msg>
<arg>id=email</arg>
<arg>${EMAIL}</arg>
<doc>Types the given ``text`` into the text field identified by ``locator``.</doc>
<status status="PASS" start="2025-06-14T13:57:49.441736" elapsed="0.204938"/>
</kw>
<kw name="Input Text" owner="SeleniumLibrary">
<msg time="2025-06-14T13:57:49.648676" level="INFO">Typing text 'admin123' into text field 'id=password'.</msg>
<arg>id=password</arg>
<arg>${PASSWORD}</arg>
<doc>Types the given ``text`` into the text field identified by ``locator``.</doc>
<status status="PASS" start="2025-06-14T13:57:49.647673" elapsed="0.143925"/>
</kw>
<kw name="Click Button" owner="SeleniumLibrary">
<msg time="2025-06-14T13:57:49.793687" level="INFO">Clicking button 'id=login-button'.</msg>
<arg>id=login-button</arg>
<doc>Clicks the button identified by ``locator``.</doc>
<status status="PASS" start="2025-06-14T13:57:49.792673" elapsed="2.373691"/>
</kw>
<kw name="Wait Until Element Is Visible" owner="SeleniumLibrary">
<arg>id=dashboard</arg>
<arg>timeout=${WAIT_TIMEOUT}</arg>
<doc>Waits until the element ``locator`` is visible.</doc>
<status status="PASS" start="2025-06-14T13:57:52.167363" elapsed="0.064431"/>
</kw>
<kw name="Click Element" owner="SeleniumLibrary">
<msg time="2025-06-14T13:57:52.232797" level="INFO">Clicking element 'id=jadwal-link'.</msg>
<arg>id=jadwal-link</arg>
<doc>Click the element identified by ``locator``.</doc>
<status status="PASS" start="2025-06-14T13:57:52.232797" elapsed="1.586322"/>
</kw>
<kw name="Wait Until Element Is Visible" owner="SeleniumLibrary">
<arg>id=jadwal-table</arg>
<arg>timeout=${WAIT_TIMEOUT}</arg>
<doc>Waits until the element ``locator`` is visible.</doc>
<status status="PASS" start="2025-06-14T13:57:53.820550" elapsed="0.032130"/>
</kw>
<kw name="Click Button" owner="SeleniumLibrary">
<msg time="2025-06-14T13:57:53.855677" level="INFO">Clicking button 'id=tambah-jadwal-button'.</msg>
<arg>id=tambah-jadwal-button</arg>
<doc>Clicks the button identified by ``locator``.</doc>
<status status="PASS" start="2025-06-14T13:57:53.854675" elapsed="0.190452"/>
</kw>
<kw name="Wait Until Element Is Visible" owner="SeleniumLibrary">
<arg>id=jadwal-modal</arg>
<arg>timeout=${WAIT_TIMEOUT}</arg>
<doc>Waits until the element ``locator`` is visible.</doc>
<status status="PASS" start="2025-06-14T13:57:54.046036" elapsed="0.030112"/>
</kw>
<kw name="Select From List By Label" owner="SeleniumLibrary">
<msg time="2025-06-14T13:57:54.078161" level="INFO">Selecting options from selection list 'id=id_ruang' by label Ruang Gedung 2 - Gedung Lab EC - Lantai 2.</msg>
<arg>id=id_ruang</arg>
<arg>Ruang Gedung 2 - Gedung Lab EC - Lantai 2</arg>
<doc>Selects options from selection list ``locator`` by ``labels``.</doc>
<status status="PASS" start="2025-06-14T13:57:54.077148" elapsed="0.181664"/>
</kw>
<kw name="Select From List By Label" owner="SeleniumLibrary">
<msg time="2025-06-14T13:57:54.260813" level="INFO">Selecting options from selection list 'id=id_matkul' by label Interoperabilitas.</msg>
<arg>id=id_matkul</arg>
<arg>Interoperabilitas</arg>
<doc>Selects options from selection list ``locator`` by ``labels``.</doc>
<status status="PASS" start="2025-06-14T13:57:54.259812" elapsed="0.137529"/>
</kw>
<kw name="Select From List By Label" owner="SeleniumLibrary">
<msg time="2025-06-14T13:57:54.399345" level="INFO">Selecting options from selection list 'id=hari' by label Kamis.</msg>
<arg>id=hari</arg>
<arg>Kamis</arg>
<doc>Selects options from selection list ``locator`` by ``labels``.</doc>
<status status="PASS" start="2025-06-14T13:57:54.398338" elapsed="0.131422"/>
</kw>
<kw name="Input Text" owner="SeleniumLibrary">
<msg time="2025-06-14T13:57:54.531764" level="INFO">Typing text '08:00' into text field 'id=jam_mulai'.</msg>
<arg>id=jam_mulai</arg>
<arg>08:00</arg>
<doc>Types the given ``text`` into the text field identified by ``locator``.</doc>
<status status="PASS" start="2025-06-14T13:57:54.531764" elapsed="0.109421"/>
</kw>
<kw name="Input Text" owner="SeleniumLibrary">
<msg time="2025-06-14T13:57:54.642183" level="INFO">Typing text '10:00' into text field 'id=jam_selesai'.</msg>
<arg>id=jam_selesai</arg>
<arg>10:00</arg>
<doc>Types the given ``text`` into the text field identified by ``locator``.</doc>
<status status="PASS" start="2025-06-14T13:57:54.642183" elapsed="0.164596"/>
</kw>
<kw name="Click Button" owner="SeleniumLibrary">
<msg time="2025-06-14T13:57:54.808771" level="INFO">Clicking button 'id=jadwal-submit-btn'.</msg>
<arg>id=jadwal-submit-btn</arg>
<doc>Clicks the button identified by ``locator``.</doc>
<status status="PASS" start="2025-06-14T13:57:54.807774" elapsed="1.489473"/>
</kw>
<kw name="Wait Until Element Is Visible" owner="SeleniumLibrary">
<arg>xpath=//*[contains(text(), 'success!')]</arg>
<arg>timeout=${WAIT_TIMEOUT}</arg>
<doc>Waits until the element ``locator`` is visible.</doc>
<status status="PASS" start="2025-06-14T13:57:56.298249" elapsed="0.048525"/>
</kw>
<kw name="Sleep" owner="BuiltIn">
<msg time="2025-06-14T13:58:01.349319" level="INFO">Slept 5 seconds.</msg>
<arg>${LONG_WAIT}</arg>
<doc>Pauses the test executed for the given time.</doc>
<status status="PASS" start="2025-06-14T13:57:56.347769" elapsed="5.001550"/>
</kw>
<kw name="Wait Until Element Is Visible" owner="SeleniumLibrary">
<arg>css=table#jadwal-table tbody tr</arg>
<arg>timeout=${WAIT_TIMEOUT}</arg>
<doc>Waits until the element ``locator`` is visible.</doc>
<status status="PASS" start="2025-06-14T13:58:01.350756" elapsed="0.032054"/>
</kw>
<kw name="Get WebElements" owner="SeleniumLibrary">
<msg time="2025-06-14T13:58:01.403529" level="INFO">${edit_buttons} = [&lt;selenium.webdriver.remote.webelement.WebElement (session="f986d7062f9e5df369192618cda4fd89", element="f.D147A988C49437E6C3C263330BFAC07C.d.099FEB2F4F7F18B7EAB4EDE674C9765E.e.112")&gt;, &lt;selenium.webdri...</msg>
<var>${edit_buttons}</var>
<arg>css=button[id^="edit-jadwal-"]</arg>
<doc>Returns a list of WebElement objects matching the ``locator``.</doc>
<status status="PASS" start="2025-06-14T13:58:01.383807" elapsed="0.019722"/>
</kw>
<kw name="Get Length" owner="BuiltIn">
<msg time="2025-06-14T13:58:01.406531" level="INFO">Length is 3.</msg>
<msg time="2025-06-14T13:58:01.406531" level="INFO">${button_count} = 3</msg>
<var>${button_count}</var>
<arg>${edit_buttons}</arg>
<doc>Returns and logs the length of the given item as an integer.</doc>
<status status="PASS" start="2025-06-14T13:58:01.405526" elapsed="0.001005"/>
</kw>
<kw name="Log" owner="BuiltIn">
<msg time="2025-06-14T13:58:01.409528" level="INFO">Found 3 edit buttons</msg>
<arg>Found ${button_count} edit buttons</arg>
<doc>Logs the given message with the given level.</doc>
<status status="PASS" start="2025-06-14T13:58:01.408564" elapsed="0.000964"/>
</kw>
<kw name="Run Keyword If" owner="BuiltIn">
<kw name="Click Element" owner="SeleniumLibrary">
<msg time="2025-06-14T13:58:01.412077" level="INFO">Clicking element 'xpath=(//button[starts-with(@id, 'edit-jadwal-')])[2]'.</msg>
<arg>xpath=(//button[starts-with(@id, 'edit-jadwal-')])[2]</arg>
<doc>Click the element identified by ``locator``.</doc>
<status status="PASS" start="2025-06-14T13:58:01.412077" elapsed="0.108690"/>
</kw>
<arg>${button_count} &gt;= 2</arg>
<arg>Click Element</arg>
<arg>xpath=(//button[starts-with(@id, 'edit-jadwal-')])[2]</arg>
<arg>ELSE</arg>
<arg>Click Element</arg>
<arg>xpath=(//button[starts-with(@id, 'edit-jadwal-')])[1]</arg>
<doc>Runs the given keyword with the given arguments, if ``condition`` is true.</doc>
<status status="PASS" start="2025-06-14T13:58:01.411051" elapsed="0.110700"/>
</kw>
<kw name="Wait Until Element Is Visible" owner="SeleniumLibrary">
<arg>id=edit-jadwal-modal</arg>
<arg>timeout=${WAIT_TIMEOUT}</arg>
<doc>Waits until the element ``locator`` is visible.</doc>
<status status="PASS" start="2025-06-14T13:58:01.522749" elapsed="0.460837"/>
</kw>
<kw name="Sleep" owner="BuiltIn">
<msg time="2025-06-14T13:58:03.986157" level="INFO">Slept 2 seconds.</msg>
<arg>${SHORT_WAIT}</arg>
<doc>Pauses the test executed for the given time.</doc>
<status status="PASS" start="2025-06-14T13:58:01.984585" elapsed="2.001572"/>
</kw>
<kw name="Select From List By Label" owner="SeleniumLibrary">
<msg time="2025-06-14T13:58:03.988448" level="INFO">Selecting options from selection list 'css=#edit-jadwal-modal select[name="id_ruang"]' by label Ruang Gedung 2 - Gedung Lab EC - Lantai 2.</msg>
<arg>css=#edit-jadwal-modal select[name="id_ruang"]</arg>
<arg>Ruang Gedung 2 - Gedung Lab EC - Lantai 2</arg>
<doc>Selects options from selection list ``locator`` by ``labels``.</doc>
<status status="PASS" start="2025-06-14T13:58:03.987440" elapsed="0.114610"/>
</kw>
<kw name="Select From List By Label" owner="SeleniumLibrary">
<msg time="2025-06-14T13:58:04.104051" level="INFO">Selecting options from selection list 'css=#edit-jadwal-modal select[name="id_matkul"]' by label Kecerdasan Buatan.</msg>
<arg>css=#edit-jadwal-modal select[name="id_matkul"]</arg>
<arg>Kecerdasan Buatan</arg>
<doc>Selects options from selection list ``locator`` by ``labels``.</doc>
<status status="PASS" start="2025-06-14T13:58:04.103049" elapsed="0.155866"/>
</kw>
<kw name="Select From List By Label" owner="SeleniumLibrary">
<msg time="2025-06-14T13:58:04.260918" level="INFO">Selecting options from selection list 'css=#edit-jadwal-modal select[name="hari"]' by label Kamis.</msg>
<arg>css=#edit-jadwal-modal select[name="hari"]</arg>
<arg>Kamis</arg>
<doc>Selects options from selection list ``locator`` by ``labels``.</doc>
<status status="PASS" start="2025-06-14T13:58:04.259917" elapsed="0.151307"/>
</kw>
<kw name="Clear Element Text" owner="SeleniumLibrary">
<arg>css=#edit-jadwal-modal input[name="jam_mulai"]</arg>
<doc>Clears the value of the text-input-element identified by ``locator``.</doc>
<status status="PASS" start="2025-06-14T13:58:04.412228" elapsed="0.065102"/>
</kw>
<kw name="Input Text" owner="SeleniumLibrary">
<msg time="2025-06-14T13:58:04.479336" level="INFO">Typing text '09:00' into text field 'css=#edit-jadwal-modal input[name="jam_mulai"]'.</msg>
<arg>css=#edit-jadwal-modal input[name="jam_mulai"]</arg>
<arg>09:00</arg>
<doc>Types the given ``text`` into the text field identified by ``locator``.</doc>
<status status="PASS" start="2025-06-14T13:58:04.479336" elapsed="0.135101"/>
</kw>
<kw name="Clear Element Text" owner="SeleniumLibrary">
<arg>css=#edit-jadwal-modal input[name="jam_selesai"]</arg>
<doc>Clears the value of the text-input-element identified by ``locator``.</doc>
<status status="PASS" start="2025-06-14T13:58:04.615442" elapsed="0.064223"/>
</kw>
[...]
<doc>Waits until the element ``locator`` is visible.</doc>
<status status="PASS" start="2025-06-14T13:58:29.150314" elapsed="1.535313"/>
</kw>
<kw name="Sleep" owner="BuiltIn">
<msg time="2025-06-14T13:58:32.687119" level="INFO">Slept 2 seconds.</msg>
<arg>${SHORT_WAIT}</arg>
<doc>Pauses the test executed for the given time.</doc>
<status status="PASS" start="2025-06-14T13:58:30.686628" elapsed="2.000491"/>
</kw>
<kw name="Close Browser" owner="SeleniumLibrary">
<doc>Closes the current browser.</doc>
<status status="PASS" start="2025-06-14T13:58:32.688134" elapsed="2.268942"/>
</kw>
<doc>Test successful jadwal editing</doc>
<status status="PASS" start="2025-06-14T13:58:12.241197" elapsed="22.717906"/>
</test>
<test id="s1-t13" name="Delete Jadwal - Berhasil" line="374">
<kw name="Open Browser" owner="SeleniumLibrary">
<msg time="2025-06-14T13:58:34.962092" level="INFO">Opening browser 'chrome' to base url 'http://localhost:8000/login'.</msg>
<arg>${LOGIN_URL}</arg>
<arg>${BROWSER}</arg>
<doc>Opens a new browser instance to the optional ``url``.</doc>
<status status="PASS" start="2025-06-14T13:58:34.961113" elapsed="2.438493"/>
</kw>
<kw name="Input Text" owner="SeleniumLibrary">
<msg time="2025-06-14T13:58:37.401607" level="INFO">Typing text 'admin@gmail.com' into text field 'id=email'.</msg>
<arg>id=email</arg>
<arg>${EMAIL}</arg>
<doc>Types the given ``text`` into the text field identified by ``locator``.</doc>
<status status="PASS" start="2025-06-14T13:58:37.401607" elapsed="0.203801"/>
</kw>
<kw name="Input Text" owner="SeleniumLibrary">
<msg time="2025-06-14T13:58:37.607355" level="INFO">Typing text 'admin123' into text field 'id=password'.</msg>
<arg>id=password</arg>
<arg>${PASSWORD}</arg>
<doc>Types the given ``text`` into the text field identified by ``locator``.</doc>
<status status="PASS" start="2025-06-14T13:58:37.606776" elapsed="0.143220"/>
</kw>
<kw name="Click Button" owner="SeleniumLibrary">
<msg time="2025-06-14T13:58:37.751000" level="INFO">Clicking button 'id=login-button'.</msg>
<arg>id=login-button</arg>
<doc>Clicks the button identified by ``locator``.</doc>
<status status="PASS" start="2025-06-14T13:58:37.749996" elapsed="2.392509"/>
</kw>
<kw name="Wait Until Element Is Visible" owner="SeleniumLibrary">
<arg>id=dashboard</arg>
<arg>timeout=${WAIT_TIMEOUT}</arg>
<doc>Waits until the element ``locator`` is visible.</doc>
<status status="PASS" start="2025-06-14T13:58:40.143502" elapsed="0.063103"/>
</kw>
<kw name="Click Element" owner="SeleniumLibrary">
<msg time="2025-06-14T13:58:40.208610" level="INFO">Clicking element 'id=jadwal-link'.</msg>
<arg>id=jadwal-link</arg>
<doc>Click the element identified by ``locator``.</doc>
<status status="PASS" start="2025-06-14T13:58:40.207604" elapsed="1.574702"/>
</kw>
<kw name="Wait Until Element Is Visible" owner="SeleniumLibrary">
<arg>id=jadwal-table</arg>
<arg>timeout=${WAIT_TIMEOUT}</arg>
<doc>Waits until the element ``locator`` is visible.</doc>
<status status="PASS" start="2025-06-14T13:58:41.783300" elapsed="0.104899"/>
</kw>
<kw name="Wait Until Element Is Visible" owner="SeleniumLibrary">
<arg>css=table#jadwal-table tbody tr</arg>
<arg>timeout=${WAIT_TIMEOUT}</arg>
<doc>Waits until the element ``locator`` is visible.</doc>
<status status="PASS" start="2025-06-14T13:58:41.889218" elapsed="0.882896"/>
</kw>
<kw name="Sleep" owner="BuiltIn">
<msg time="2025-06-14T13:58:47.773236" level="INFO">Slept 5 seconds.</msg>
<arg>${LONG_WAIT}</arg>
<doc>Pauses the test executed for the given time.</doc>
<status status="PASS" start="2025-06-14T13:58:42.772114" elapsed="5.001122"/>
</kw>
<kw name="Get Element Count" owner="SeleniumLibrary">
<msg time="2025-06-14T13:58:47.790261" level="INFO">${rows_before} = 3</msg>
<var>${rows_before}</var>
<arg>css=table#jadwal-table tbody tr</arg>
<doc>Returns the number of elements matching ``locator``.</doc>
<status status="PASS" start="2025-06-14T13:58:47.774250" elapsed="0.016011"/>
</kw>
<kw name="Log" owner="BuiltIn">
<msg time="2025-06-14T13:58:47.791248" level="INFO">Rows before deletion: 3</msg>
<arg>Rows before deletion: ${rows_before}</arg>
<doc>Logs the given message with the given level.</doc>
<status status="PASS" start="2025-06-14T13:58:47.791248" elapsed="0.001001"/>
</kw>
<kw name="Wait Until Element Is Visible" owner="SeleniumLibrary">
<arg>css=button.bg-red-500</arg>
<arg>timeout=${WAIT_TIMEOUT}</arg>
<doc>Waits until the element ``locator`` is visible.</doc>
<status status="PASS" start="2025-06-14T13:58:47.793252" elapsed="0.032106"/>
</kw>
<kw name="Click Element" owner="SeleniumLibrary">
<msg time="2025-06-14T13:58:47.827357" level="INFO">Clicking element 'css=button.bg-red-500'.</msg>
<arg>css=button.bg-red-500</arg>
<doc>Click the element identified by ``locator``.</doc>
<status status="PASS" start="2025-06-14T13:58:47.826356" elapsed="0.121576"/>
</kw>
<kw name="Run Keyword And Return Status" owner="BuiltIn">
<kw name="Alert Should Be Present" owner="SeleniumLibrary">
<msg time="2025-06-14T13:58:47.950922" level="INFO">HANDLE::&lt;class 'NoneType'&gt;::None</msg>
<msg time="2025-06-14T13:58:53.172048" level="INFO" html="true">&lt;/td&gt;&lt;/tr&gt;&lt;tr&gt;&lt;td colspan="3"&gt;&lt;a href="selenium-screenshot-55.png"&gt;&lt;img src="selenium-screenshot-55.png" width="800px"&gt;&lt;/a&gt;</msg>
<msg time="2025-06-14T13:58:53.172048" level="FAIL">Alert not found in 5 seconds.</msg>
<doc>Verifies that an alert is present and by default, accepts it.</doc>
<status status="FAIL" start="2025-06-14T13:58:47.949911" elapsed="5.228132">Alert not found in 5 seconds.</status>
</kw>
<msg time="2025-06-14T13:58:53.179066" level="INFO">${alert_present} = False</msg>
<var>${alert_present}</var>
<arg>Alert Should Be Present</arg>
<doc>Runs the given keyword with given arguments and returns the status as a Boolean value.</doc>
<status status="PASS" start="2025-06-14T13:58:47.949911" elapsed="5.229155"/>
</kw>
<kw name="Run Keyword If" owner="BuiltIn">
<arg>${alert_present}</arg>
<arg>Handle Alert</arg>
<arg>action=ACCEPT</arg>
<doc>Runs the given keyword with the given arguments, if ``condition`` is true.</doc>
<status status="PASS" start="2025-06-14T13:58:53.180050" elapsed="0.001018"/>
</kw>
<kw name="Run Keyword Unless" owner="BuiltIn">
<msg time="2025-06-14T13:58:53.182052" level="WARN">Keyword 'BuiltIn.Run Keyword Unless' is deprecated. </msg>
<kw name="Run Keywords" owner="BuiltIn">
<kw name="Wait Until Element Is Visible" owner="SeleniumLibrary">
<arg>xpath=//button[contains(text(), 'Delete') or contains(text(), 'Hapus') or contains(text(), 'Ya')]</arg>
<arg>timeout=5</arg>
<doc>Waits until the element ``locator`` is visible.</doc>
<status status="PASS" start="2025-06-14T13:58:53.185054" elapsed="0.038993"/>
</kw>
<kw name="Click Button" owner="SeleniumLibrary">
<msg time="2025-06-14T13:58:53.226045" level="INFO">Clicking button 'xpath=//button[contains(text(), 'Delete') or contains(text(), 'Hapus') or contains(text(), 'Ya')]'.</msg>
<arg>xpath=//button[contains(text(), 'Delete') or contains(text(), 'Hapus') or contains(text(), 'Ya')]</arg>
<doc>Clicks the button identified by ``locator``.</doc>
<status status="PASS" start="2025-06-14T13:58:53.225043" elapsed="1.896171"/>
</kw>
<arg>Wait Until Element Is Visible</arg>
<arg>xpath=//button[contains(text(), 'Delete') or contains(text(), 'Hapus') or contains(text(), 'Ya')]</arg>
<arg>timeout=5</arg>
<arg>AND</arg>
<arg>Click Button</arg>
<arg>xpath=//button[contains(text(), 'Delete') or contains(text(), 'Hapus') or contains(text(), 'Ya')]</arg>
<doc>Executes all the given keywords in a sequence.</doc>
<status status="PASS" start="2025-06-14T13:58:53.184043" elapsed="1.937754"/>
</kw>
<arg>${alert_present}</arg>
<arg>Run Keywords</arg>
<arg>Wait Until Element Is Visible</arg>
<arg>xpath=//button[contains(text(), 'Delete') or contains(text(), 'Hapus') or contains(text(), 'Ya')]</arg>
<arg>timeout=5</arg>
<arg>AND</arg>
<arg>Click Button</arg>
<arg>xpath=//button[contains(text(), 'Delete') or contains(text(), 'Hapus') or contains(text(), 'Ya')]</arg>
<doc>*DEPRECATED since RF 5.0. Use Native IF/ELSE or `Run Keyword If` instead.*</doc>
<status status="PASS" start="2025-06-14T13:58:53.182052" elapsed="1.939745"/>
</kw>
<kw name="Wait Until Element Is Visible" owner="SeleniumLibrary">
<arg>xpath=//*[contains(text(), 'success!') or contains(text(), 'berhasil') or contains(text(), 'dihapus')]</arg>
<arg>timeout=${WAIT_TIMEOUT}</arg>
<doc>Waits until the element ``locator`` is visible.</doc>
<status status="PASS" start="2025-06-14T13:58:55.122817" elapsed="0.075276"/>
</kw>
<kw name="Sleep" owner="BuiltIn">
<msg time="2025-06-14T13:58:57.199663" level="INFO">Slept 2 seconds.</msg>
<arg>${SHORT_WAIT}</arg>
<doc>Pauses the test executed for the given time.</doc>
<status status="PASS" start="2025-06-14T13:58:55.198093" elapsed="2.002082"/>
</kw>
<kw name="Get Element Count" owner="SeleniumLibrary">
<msg time="2025-06-14T13:58:57.215868" level="INFO">${rows_after} = 2</msg>
<var>${rows_after}</var>
<arg>css=table#jadwal-table tbody tr</arg>
<doc>Returns the number of elements matching ``locator``.</doc>
<status status="PASS" start="2025-06-14T13:58:57.201190" elapsed="0.015680"/>
</kw>
<kw name="Log" owner="BuiltIn">
<msg time="2025-06-14T13:58:57.218870" level="INFO">Rows after deletion: 2</msg>
<arg>Rows after deletion: ${rows_after}</arg>
<doc>Logs the given message with the given level.</doc>
<status status="PASS" start="2025-06-14T13:58:57.217872" elapsed="0.000998"/>
</kw>
<kw name="Evaluate" owner="BuiltIn">
<msg time="2025-06-14T13:58:57.220874" level="INFO">${expected_rows} = 2</msg>
<var>${expected_rows}</var>
<arg>${rows_before} - 1</arg>
<doc>Evaluates the given expression in Python and returns the result.</doc>
<status status="PASS" start="2025-06-14T13:58:57.219873" elapsed="0.001001"/>
</kw>
<kw name="Should Be Equal As Integers" owner="BuiltIn">
<arg>${rows_after}</arg>
<arg>${expected_rows}</arg>
<doc>Fails if objects are unequal after converting them to integers.</doc>
<status status="PASS" start="2025-06-14T13:58:57.221875" elapsed="0.001001"/>
</kw>
<kw name="Close Browser" owner="SeleniumLibrary">
<doc>Closes the current browser.</doc>
<status status="PASS" start="2025-06-14T13:58:57.224870" elapsed="2.330027"/>
</kw>
<doc>Test successful jadwal deletion</doc>
<status status="PASS" start="2025-06-14T13:58:34.960115" elapsed="24.595797"/>
</test>
<test id="s1-t14" name="Delete Jadwal - Batal" line="418">
<kw name="Open Browser" owner="SeleniumLibrary">
<msg time="2025-06-14T13:58:59.558895" level="INFO">Opening browser 'chrome' to base url 'http://localhost:8000/login'.</msg>
<arg>${LOGIN_URL}</arg>
<arg>${BROWSER}</arg>
<doc>Opens a new browser instance to the optional ``url``.</doc>
<status status="PASS" start="2025-06-14T13:58:59.557927" elapsed="2.828135"/>
</kw>
<kw name="Input Text" owner="SeleniumLibrary">
<msg time="2025-06-14T13:59:02.388073" level="INFO">Typing text 'admin@gmail.com' into text field 'id=email'.</msg>
<arg>id=email</arg>
<arg>${EMAIL}</arg>
<doc>Types the given ``text`` into the text field identified by ``locator``.</doc>
<status status="PASS" start="2025-06-14T13:59:02.387065" elapsed="0.173980"/>
</kw>
<kw name="Input Text" owner="SeleniumLibrary">
<msg time="2025-06-14T13:59:02.563048" level="INFO">Typing text 'admin123' into text field 'id=password'.</msg>
<arg>id=password</arg>
<arg>${PASSWORD}</arg>
<doc>Types the given ``text`` into the text field identified by ``locator``.</doc>
<status status="PASS" start="2025-06-14T13:59:02.562047" elapsed="0.123033"/>
</kw>
<kw name="Click Button" owner="SeleniumLibrary">
<msg time="2025-06-14T13:59:02.686068" level="INFO">Clicking button 'id=login-button'.</msg>
<arg>id=login-button</arg>
<doc>Clicks the button identified by ``locator``.</doc>
<status status="PASS" start="2025-06-14T13:59:02.686068" elapsed="2.611769"/>
</kw>
<kw name="Wait Until Element Is Visible" owner="SeleniumLibrary">
<arg>id=dashboard</arg>
<arg>timeout=${WAIT_TIMEOUT}</arg>
<doc>Waits until the element ``locator`` is visible.</doc>
<status status="PASS" start="2025-06-14T13:59:05.298831" elapsed="0.056670"/>
</kw>
<kw name="Click Element" owner="SeleniumLibrary">
<msg time="2025-06-14T13:59:05.357510" level="INFO">Clicking element 'id=jadwal-link'.</msg>
<arg>id=jadwal-link</arg>
<doc>Click the element identified by ``locator``.</doc>
<status status="PASS" start="2025-06-14T13:59:05.356517" elapsed="1.624074"/>
</kw>
<kw name="Wait Until Element Is Visible" owner="SeleniumLibrary">
<arg>id=jadwal-table</arg>
<arg>timeout=${WAIT_TIMEOUT}</arg>
<doc>Waits until the element ``locator`` is visible.</doc>
<status status="PASS" start="2025-06-14T13:59:06.981588" elapsed="0.073290"/>
</kw>
<kw name="Wait Until Element Is Visible" owner="SeleniumLibrary">
<arg>css=table#jadwal-table tbody tr</arg>
<arg>timeout=${WAIT_TIMEOUT}</arg>
<doc>Waits until the element ``locator`` is visible.</doc>
<status status="PASS" start="2025-06-14T13:59:07.055869" elapsed="0.905529"/>
</kw>
<kw name="Sleep" owner="BuiltIn">
<msg time="2025-06-14T13:59:12.963936" level="INFO">Slept 5 seconds.</msg>
<arg>${LONG_WAIT}</arg>
<doc>Pauses the test executed for the given time.</doc>
<status status="PASS" start="2025-06-14T13:59:07.962397" elapsed="5.001539"/>
</kw>
<kw name="Get Element Count" owner="SeleniumLibrary">
<msg time="2025-06-14T13:59:12.980150" level="INFO">${rows_before} = 2</msg>
<var>${rows_before}</var>
<arg>css=table#jadwal-table tbody tr</arg>
<doc>Returns the number of elements matching ``locator``.</doc>
<status status="PASS" start="2025-06-14T13:59:12.965963" elapsed="0.014187"/>
</kw>
<kw name="Log" owner="BuiltIn">
<msg time="2025-06-14T13:59:12.982125" level="INFO">Rows before deletion attempt: 2</msg>
<arg>Rows before deletion attempt: ${rows_before}</arg>
<doc>Logs the given message with the given level.</doc>
<status status="PASS" start="2025-06-14T13:59:12.982125" elapsed="0.001016"/>
</kw>
<kw name="Wait Until Element Is Visible" owner="SeleniumLibrary">
<arg>css=button.bg-red-500</arg>
<arg>timeout=${WAIT_TIMEOUT}</arg>
<doc>Waits until the element ``locator`` is visible.</doc>
<status status="PASS" start="2025-06-14T13:59:12.984119" elapsed="0.033732"/>
</kw>
<kw name="Click Element" owner="SeleniumLibrary">
<msg time="2025-06-14T13:59:13.018852" level="INFO">Clicking element 'css=button.bg-red-500'.</msg>
<arg>css=button.bg-red-500</arg>
<doc>Click the element identified by ``locator``.</doc>
<status status="PASS" start="2025-06-14T13:59:13.018852" elapsed="0.142510"/>
</kw>
<kw name="Run Keyword And Return Status" owner="BuiltIn">
<kw name="Alert Should Be Present" owner="SeleniumLibrary">
<msg time="2025-06-14T13:59:13.163387" level="INFO">HANDLE::&lt;class 'NoneType'&gt;::None</msg>
<msg time="2025-06-14T13:59:18.389788" level="INFO" html="true">&lt;/td&gt;&lt;/tr&gt;&lt;tr&gt;&lt;td colspan="3"&gt;&lt;a href="selenium-screenshot-56.png"&gt;&lt;img src="selenium-screenshot-56.png" width="800px"&gt;&lt;/a&gt;</msg>
<msg time="2025-06-14T13:59:18.390806" level="FAIL">Alert not found in 5 seconds.</msg>
<doc>Verifies that an alert is present and by default, accepts it.</doc>
<status status="FAIL" start="2025-06-14T13:59:13.163387" elapsed="5.229419">Alert not found in 5 seconds.</status>
</kw>
<msg time="2025-06-14T13:59:18.394804" level="INFO">${alert_present} = False</msg>
<var>${alert_present}</var>
<arg>Alert Should Be Present</arg>
<doc>Runs the given keyword with given arguments and returns the status as a Boolean value.</doc>
<status status="PASS" start="2025-06-14T13:59:13.162366" elapsed="5.232438"/>
</kw>
<kw name="Run Keyword If" owner="BuiltIn">
<arg>${alert_present}</arg>
<arg>Handle Alert</arg>
<arg>action=DISMISS</arg>
<doc>Runs the given keyword with the given arguments, if ``condition`` is true.</doc>
<status status="PASS" start="2025-06-14T13:59:18.397806" elapsed="0.001000"/>
</kw>
<kw name="Run Keyword Unless" owner="BuiltIn">
<msg time="2025-06-14T13:59:18.400815" level="WARN">Keyword 'BuiltIn.Run Keyword Unless' is deprecated. </msg>
<kw name="Run Keywords" owner="BuiltIn">
<kw name="Wait Until Element Is Visible" owner="SeleniumLibrary">
<arg>xpath=//button[contains(text(), 'Cancel') or contains(text(), 'Batal') or contains(text(), 'Tidak')]</arg>
<arg>timeout=5</arg>
<doc>Waits until the element ``locator`` is visible.</doc>
<status status="PASS" start="2025-06-14T13:59:18.404344" elapsed="0.037994"/>
</kw>
<kw name="Click Button" owner="SeleniumLibrary">
<msg time="2025-06-14T13:59:18.445343" level="INFO">Clicking button 'xpath=//button[contains(text(), 'Cancel') or contains(text(), 'Batal') or contains(text(), 'Tidak')]'.</msg>
<arg>xpath=//button[contains(text(), 'Cancel') or contains(text(), 'Batal') or contains(text(), 'Tidak')]</arg>
<doc>Clicks the button identified by ``locator``.</doc>
<status status="PASS" start="2025-06-14T13:59:18.444347" elapsed="0.163870"/>
</kw>
<arg>Wait Until Element Is Visible</arg>
<arg>xpath=//button[contains(text(), 'Cancel') or contains(text(), 'Batal') or contains(text(), 'Tidak')]</arg>
<arg>timeout=5</arg>
<arg>AND</arg>
<arg>Click Button</arg>
<arg>xpath=//button[contains(text(), 'Cancel') or contains(text(), 'Batal') or contains(text(), 'Tidak')]</arg>
<doc>Executes all the given keywords in a sequence.</doc>
<status status="PASS" start="2025-06-14T13:59:18.403324" elapsed="0.204893"/>
</kw>
<arg>${alert_present}</arg>
<arg>Run Keywords</arg>
<arg>Wait Until Element Is Visible</arg>
<arg>xpath=//button[contains(text(), 'Cancel') or contains(text(), 'Batal') or contains(text(), 'Tidak')]</arg>
<arg>timeout=5</arg>
<arg>AND</arg>
<arg>Click Button</arg>
<arg>xpath=//button[contains(text(), 'Cancel') or contains(text(), 'Batal') or contains(text(), 'Tidak')]</arg>
<doc>*DEPRECATED since RF 5.0. Use Native IF/ELSE or `Run Keyword If` instead.*</doc>
<status status="PASS" start="2025-06-14T13:59:18.400815" elapsed="0.208395"/>
</kw>
<kw name="Sleep" owner="BuiltIn">
<msg time="2025-06-14T13:59:20.611622" level="INFO">Slept 2 seconds.</msg>
<arg>${SHORT_WAIT}</arg>
<doc>Pauses the test executed for the given time.</doc>
<status status="PASS" start="2025-06-14T13:59:18.610215" elapsed="2.001407"/>
</kw>
<kw name="Get Element Count" owner="SeleniumLibrary">
<msg time="2025-06-14T13:59:20.628922" level="INFO">${rows_after} = 2</msg>
<var>${rows_after}</var>
<arg>css=table#jadwal-table tbody tr</arg>
<doc>Returns the number of elements matching ``locator``.</doc>
<status status="PASS" start="2025-06-14T13:59:20.612715" elapsed="0.016207"/>
</kw>
<kw name="Log" owner="BuiltIn">
<msg time="2025-06-14T13:59:20.630940" level="INFO">Rows after canceling deletion: 2</msg>
<arg>Rows after canceling deletion: ${rows_after}</arg>
<doc>Logs the given message with the given level.</doc>
<status status="PASS" start="2025-06-14T13:59:20.629939" elapsed="0.001001"/>
</kw>
<kw name="Should Be Equal As Integers" owner="BuiltIn">
<arg>${rows_before}</arg>
<arg>${rows_after}</arg>
<doc>Fails if objects are unequal after converting them to integers.</doc>
<status status="PASS" start="2025-06-14T13:59:20.631933" elapsed="0.000990"/>
</kw>
<kw name="Close Browser" owner="SeleniumLibrary">
<doc>Closes the current browser.</doc>
<status status="PASS" start="2025-06-14T13:59:20.633934" elapsed="2.274798"/>
</kw>
<doc>Test canceling jadwal deletion</doc>
<status status="PASS" start="2025-06-14T13:58:59.556913" elapsed="23.352809"/>
</test>
<status status="PASS" start="2025-06-14T13:55:09.713702" elapsed="253.199018"/>
</suite>
<statistics>
<total>
<stat pass="14" fail="0" skip="0">All Tests</stat>
</total>
<tag>
</tag>
<suite>
<stat name="Jadwal" id="s1" pass="14" fail="0" skip="0">Jadwal</stat>
</suite>
</statistics>
<errors>
<msg time="2025-06-14T13:58:53.182052" level="WARN">Keyword 'BuiltIn.Run Keyword Unless' is deprecated. </msg>
<msg time="2025-06-14T13:59:18.400815" level="WARN">Keyword 'BuiltIn.Run Keyword Unless' is deprecated. </msg>
</errors>
</robot>
