<?xml version="1.0" encoding="UTF-8"?>
<robot generator="Robot 7.3 (Python 3.11.9 on win32)" generated="2025-06-18T11:39:25.482460" rpa="false" schemaversion="5">
<suite id="s1" name="Peminjam" source="c:\FIle Kerja\project-laravel11\robot\admin\peminjam.robot">
<test id="s1-t1" name="Test Conflict Detection" line="253">
<kw name="Open Browser" owner="SeleniumLibrary">
<msg time="2025-06-18T11:39:26.104035" level="INFO">Opening browser 'chrome' to base url 'http://localhost:8000/login'.</msg>
<arg>${LOGIN_URL}</arg>
<arg>${BROWSER}</arg>
<doc>Opens a new browser instance to the optional ``url``.</doc>
<status status="PASS" start="2025-06-18T11:39:26.104035" elapsed="2.448668"/>
</kw>
<kw name="Input Text" owner="SeleniumLibrary">
<msg time="2025-06-18T11:39:28.556713" level="INFO">Typing text 'admin@gmail.com' into text field 'id=email'.</msg>
<arg>id=email</arg>
<arg>${EMAIL}</arg>
<doc>Types the given ``text`` into the text field identified by ``locator``.</doc>
<status status="PASS" start="2025-06-18T11:39:28.555058" elapsed="0.234527"/>
</kw>
<kw name="Input Text" owner="SeleniumLibrary">
<msg time="2025-06-18T11:39:28.792398" level="INFO">Typing text 'admin123' into text field 'id=password'.</msg>
<arg>id=password</arg>
<arg>${PASSWORD}</arg>
<doc>Types the given ``text`` into the text field identified by ``locator``.</doc>
<status status="PASS" start="2025-06-18T11:39:28.791385" elapsed="0.138413"/>
</kw>
<kw name="Click Button" owner="SeleniumLibrary">
<msg time="2025-06-18T11:39:28.930812" level="INFO">Clicking button 'id=login-button'.</msg>
<arg>id=login-button</arg>
<doc>Clicks the button identified by ``locator``.</doc>
<status status="PASS" start="2025-06-18T11:39:28.929798" elapsed="2.391068"/>
</kw>
<kw name="Wait Until Element Is Visible" owner="SeleniumLibrary">
<arg>id=dashboard</arg>
<arg>timeout=10</arg>
<doc>Waits until the element ``locator`` is visible.</doc>
<status status="PASS" start="2025-06-18T11:39:31.321868" elapsed="0.057093"/>
</kw>
<kw name="Element Should Be Visible" owner="SeleniumLibrary">
<msg time="2025-06-18T11:39:31.404510" level="INFO">Element 'id=dashboard' is displayed.</msg>
<arg>id=dashboard</arg>
<doc>Verifies that the element identified by ``locator`` is visible.</doc>
<status status="PASS" start="2025-06-18T11:39:31.379960" elapsed="0.025161"/>
</kw>
<kw name="Click Element" owner="SeleniumLibrary">
<msg time="2025-06-18T11:39:31.406930" level="INFO">Clicking element 'id=peminjam-link'.</msg>
<arg>id=peminjam-link</arg>
<doc>Click the element identified by ``locator``.</doc>
<status status="PASS" start="2025-06-18T11:39:31.406143" elapsed="1.602027"/>
</kw>
<kw name="Wait Until Element Is Visible" owner="SeleniumLibrary">
<arg>id=peminjam-table</arg>
<arg>timeout=10</arg>
<doc>Waits until the element ``locator`` is visible.</doc>
<status status="PASS" start="2025-06-18T11:39:33.010170" elapsed="0.032186"/>
</kw>
<kw name="Element Should Be Visible" owner="SeleniumLibrary">
<msg time="2025-06-18T11:39:33.103212" level="INFO">Element 'id=peminjam-table' is displayed.</msg>
<arg>id=peminjam-table</arg>
<doc>Verifies that the element identified by ``locator`` is visible.</doc>
<status status="PASS" start="2025-06-18T11:39:33.043486" elapsed="0.059726"/>
</kw>
<kw name="Click Button" owner="SeleniumLibrary">
<msg time="2025-06-18T11:39:33.106208" level="INFO">Clicking button 'xpath=//button[contains(text(), 'Tambah') or @data-modal-target='authentication-modal']'.</msg>
<arg>xpath=//button[contains(text(), 'Tambah') or @data-modal-target='authentication-modal']</arg>
<doc>Clicks the button identified by ``locator``.</doc>
<status status="PASS" start="2025-06-18T11:39:33.105220" elapsed="0.160262"/>
</kw>
<kw name="Wait Until Element Is Visible" owner="SeleniumLibrary">
<arg>id=authentication-modal</arg>
<arg>timeout=10</arg>
<doc>Waits until the element ``locator`` is visible.</doc>
<status status="PASS" start="2025-06-18T11:39:33.266483" elapsed="0.036933"/>
</kw>
<kw name="Element Should Be Visible" owner="SeleniumLibrary">
<msg time="2025-06-18T11:39:33.329439" level="INFO">Element 'id=authentication-modal' is displayed.</msg>
<arg>id=authentication-modal</arg>
<doc>Verifies that the element identified by ``locator`` is visible.</doc>
<status status="PASS" start="2025-06-18T11:39:33.304414" elapsed="0.025025"/>
</kw>
<kw name="Select From List By Value" owner="SeleniumLibrary">
<msg time="2025-06-18T11:39:33.331438" level="INFO">Selecting options from selection list 'id=id_pengguna' by value 2.</msg>
<arg>id=id_pengguna</arg>
<arg>2</arg>
<doc>Selects options from selection list ``locator`` by ``values``.</doc>
<status status="PASS" start="2025-06-18T11:39:33.331438" elapsed="0.130601"/>
</kw>
<kw name="Select From List By Value" owner="SeleniumLibrary">
<msg time="2025-06-18T11:39:33.464048" level="INFO">Selecting options from selection list 'id=id_ruang' by value 3.</msg>
<arg>id=id_ruang</arg>
<arg>3</arg>
<doc>Selects options from selection list ``locator`` by ``values``.</doc>
<status status="PASS" start="2025-06-18T11:39:33.464048" elapsed="0.133077"/>
</kw>
<kw name="Input Text" owner="SeleniumLibrary">
<msg time="2025-06-18T11:39:33.598711" level="INFO">Typing text '2025-06-19' into text field 'id=tanggal_pinjam'.</msg>
<arg>id=tanggal_pinjam</arg>
<arg>2025-06-19</arg>
<doc>Types the given ``text`` into the text field identified by ``locator``.</doc>
<status status="PASS" start="2025-06-18T11:39:33.597697" elapsed="0.128922"/>
</kw>
<kw name="Input Text" owner="SeleniumLibrary">
<msg time="2025-06-18T11:39:33.728636" level="INFO">Typing text '09:00' into text field 'id=waktu_mulai'.</msg>
<arg>id=waktu_mulai</arg>
<arg>09:00</arg>
<doc>Types the given ``text`` into the text field identified by ``locator``.</doc>
<status status="PASS" start="2025-06-18T11:39:33.727631" elapsed="0.123842"/>
</kw>
<kw name="Input Text" owner="SeleniumLibrary">
<msg time="2025-06-18T11:39:33.853479" level="INFO">Typing text '12:00' into text field 'id=waktu_selesai'.</msg>
<arg>id=waktu_selesai</arg>
<arg>12:00</arg>
<doc>Types the given ``text`` into the text field identified by ``locator``.</doc>
<status status="PASS" start="2025-06-18T11:39:33.852477" elapsed="0.249202"/>
</kw>
<kw name="Sleep" owner="BuiltIn">
<msg time="2025-06-18T11:39:37.103901" level="INFO">Slept 3 seconds.</msg>
<arg>3s</arg>
<doc>Pauses the test executed for the given time.</doc>
<status status="PASS" start="2025-06-18T11:39:34.102671" elapsed="3.001230"/>
</kw>
<kw name="Element Should Be Visible" owner="SeleniumLibrary">
<msg time="2025-06-18T11:39:37.139828" level="INFO">Element 'id=peminjaman-conflict-status' is displayed.</msg>
<arg>id=peminjaman-conflict-status</arg>
<doc>Verifies that the element identified by ``locator`` is visible.</doc>
<status status="PASS" start="2025-06-18T11:39:37.105922" elapsed="0.033906"/>
</kw>
<kw name="Close Browser" owner="SeleniumLibrary">
<doc>Closes the current browser.</doc>
<status status="PASS" start="2025-06-18T11:39:37.140828" elapsed="2.262509"/>
</kw>
<doc>Test room booking conflict detection feature</doc>
<status status="PASS" start="2025-06-18T11:39:26.101296" elapsed="13.303721"/>
</test>
<status status="PASS" start="2025-06-18T11:39:25.493397" elapsed="13.913617"/>
</suite>
<statistics>
<total>
<stat pass="1" fail="0" skip="0">All Tests</stat>
</total>
<tag>
</tag>
<suite>
<stat name="Peminjam" id="s1" pass="1" fail="0" skip="0">Peminjam</stat>
</suite>
</statistics>
<errors>
</errors>
</robot>
