<?xml version="1.0" encoding="UTF-8"?>
<robot generator="Robot 7.3 (Python 3.11.9 on win32)" generated="2025-06-14T16:05:30.091133" rpa="false" schemaversion="5">
<suite id="s1" name="Matkul" source="c:\FIle Kerja\project-laravel11\robot\admin\matkul.robot">
<test id="s1-t1" name="Buka Matkul Page" line="16">
<kw name="Open Browser" owner="SeleniumLibrary">
<msg time="2025-06-14T16:05:30.666369" level="INFO">Opening browser 'chrome' to base url 'http://localhost:8000/login'.</msg>
<arg>${LOGIN_URL}</arg>
<arg>${BROWSER}</arg>
<doc>Opens a new browser instance to the optional ``url``.</doc>
<status status="PASS" start="2025-06-14T16:05:30.665373" elapsed="2.805981"/>
</kw>
<kw name="Input Text" owner="SeleniumLibrary">
<msg time="2025-06-14T16:05:33.473362" level="INFO">Typing text 'admin@gmail.com' into text field 'id=email'.</msg>
<arg>id=email</arg>
<arg>${EMAIL}</arg>
<doc>Types the given ``text`` into the text field identified by ``locator``.</doc>
<status status="PASS" start="2025-06-14T16:05:33.472347" elapsed="0.184130"/>
</kw>
<kw name="Input Text" owner="SeleniumLibrary">
<msg time="2025-06-14T16:05:33.658479" level="INFO">Typing text 'admin123' into text field 'id=password'.</msg>
<arg>id=password</arg>
<arg>${PASSWORD}</arg>
<doc>Types the given ``text`` into the text field identified by ``locator``.</doc>
<status status="PASS" start="2025-06-14T16:05:33.657476" elapsed="0.126275"/>
</kw>
<kw name="Click Button" owner="SeleniumLibrary">
<msg time="2025-06-14T16:05:33.785760" level="INFO">Clicking button 'id=login-button'.</msg>
<arg>id=login-button</arg>
<doc>Clicks the button identified by ``locator``.</doc>
<status status="PASS" start="2025-06-14T16:05:33.784755" elapsed="2.721448"/>
</kw>
<kw name="Wait Until Element Is Visible" owner="SeleniumLibrary">
<arg>id=dashboard</arg>
<arg>timeout=10</arg>
<doc>Waits until the element ``locator`` is visible.</doc>
<status status="PASS" start="2025-06-14T16:05:36.507197" elapsed="0.035700"/>
</kw>
<kw name="Element Should Be Visible" owner="SeleniumLibrary">
<msg time="2025-06-14T16:05:36.568450" level="INFO">Element 'id=dashboard' is displayed.</msg>
<arg>id=dashboard</arg>
<doc>Verifies that the element identified by ``locator`` is visible.</doc>
<status status="PASS" start="2025-06-14T16:05:36.543898" elapsed="0.025551"/>
</kw>
<kw name="Click Element" owner="SeleniumLibrary">
<msg time="2025-06-14T16:05:36.570446" level="INFO">Clicking element 'id=matkul-link'.</msg>
<arg>id=matkul-link</arg>
<doc>Click the element identified by ``locator``.</doc>
<status status="PASS" start="2025-06-14T16:05:36.570446" elapsed="1.406980"/>
</kw>
<kw name="Wait Until Element Is Visible" owner="SeleniumLibrary">
<arg>id=matkul-table</arg>
<arg>timeout=10</arg>
<doc>Waits until the element ``locator`` is visible.</doc>
<status status="PASS" start="2025-06-14T16:05:37.978408" elapsed="0.033997"/>
</kw>
<kw name="Element Should Be Visible" owner="SeleniumLibrary">
<msg time="2025-06-14T16:05:38.072507" level="INFO">Element 'id=matkul-table' is displayed.</msg>
<arg>id=matkul-table</arg>
<doc>Verifies that the element identified by ``locator`` is visible.</doc>
<status status="PASS" start="2025-06-14T16:05:38.013406" elapsed="0.060102"/>
</kw>
<kw name="Close Browser" owner="SeleniumLibrary">
<doc>Closes the current browser.</doc>
<status status="PASS" start="2025-06-14T16:05:38.074504" elapsed="2.222540"/>
</kw>
<status status="PASS" start="2025-06-14T16:05:30.663362" elapsed="9.634657"/>
</test>
<test id="s1-t2" name="Tambah Matkul tanpa Nama" line="29">
<kw name="Open Browser" owner="SeleniumLibrary">
<msg time="2025-06-14T16:05:40.302035" level="INFO">Opening browser 'chrome' to base url 'http://localhost:8000/login'.</msg>
<arg>${LOGIN_URL}</arg>
<arg>${BROWSER}</arg>
<doc>Opens a new browser instance to the optional ``url``.</doc>
<status status="PASS" start="2025-06-14T16:05:40.302035" elapsed="2.579644"/>
</kw>
<kw name="Input Text" owner="SeleniumLibrary">
<msg time="2025-06-14T16:05:42.883682" level="INFO">Typing text 'admin@gmail.com' into text field 'id=email'.</msg>
<arg>id=email</arg>
<arg>${EMAIL}</arg>
<doc>Types the given ``text`` into the text field identified by ``locator``.</doc>
<status status="PASS" start="2025-06-14T16:05:42.882679" elapsed="0.208702"/>
</kw>
<kw name="Input Text" owner="SeleniumLibrary">
<msg time="2025-06-14T16:05:43.092967" level="INFO">Typing text 'admin123' into text field 'id=password'.</msg>
<arg>id=password</arg>
<arg>${PASSWORD}</arg>
<doc>Types the given ``text`` into the text field identified by ``locator``.</doc>
<status status="PASS" start="2025-06-14T16:05:43.091949" elapsed="0.134257"/>
</kw>
<kw name="Click Button" owner="SeleniumLibrary">
<msg time="2025-06-14T16:05:43.228208" level="INFO">Clicking button 'id=login-button'.</msg>
<arg>id=login-button</arg>
<doc>Clicks the button identified by ``locator``.</doc>
<status status="PASS" start="2025-06-14T16:05:43.227202" elapsed="2.743374"/>
</kw>
<kw name="Wait Until Element Is Visible" owner="SeleniumLibrary">
<arg>id=dashboard</arg>
<arg>timeout=10</arg>
<doc>Waits until the element ``locator`` is visible.</doc>
<status status="PASS" start="2025-06-14T16:05:45.971581" elapsed="0.054664"/>
</kw>
<kw name="Element Should Be Visible" owner="SeleniumLibrary">
<msg time="2025-06-14T16:05:46.050894" level="INFO">Element 'id=dashboard' is displayed.</msg>
<arg>id=dashboard</arg>
<doc>Verifies that the element identified by ``locator`` is visible.</doc>
<status status="PASS" start="2025-06-14T16:05:46.027244" elapsed="0.024646"/>
</kw>
<kw name="Click Element" owner="SeleniumLibrary">
<msg time="2025-06-14T16:05:46.053897" level="INFO">Clicking element 'id=matkul-link'.</msg>
<arg>id=matkul-link</arg>
<doc>Click the element identified by ``locator``.</doc>
<status status="PASS" start="2025-06-14T16:05:46.052893" elapsed="1.643634"/>
</kw>
<kw name="Wait Until Element Is Visible" owner="SeleniumLibrary">
<arg>id=matkul-table</arg>
<arg>timeout=10</arg>
<doc>Waits until the element ``locator`` is visible.</doc>
<status status="PASS" start="2025-06-14T16:05:47.698537" elapsed="0.068904"/>
</kw>
<kw name="Element Should Be Visible" owner="SeleniumLibrary">
<msg time="2025-06-14T16:05:47.794689" level="INFO">Element 'id=matkul-table' is displayed.</msg>
<arg>id=matkul-table</arg>
<doc>Verifies that the element identified by ``locator`` is visible.</doc>
<status status="PASS" start="2025-06-14T16:05:47.769162" elapsed="0.025527"/>
</kw>
<kw name="Click Button" owner="SeleniumLibrary">
<msg time="2025-06-14T16:05:47.796690" level="INFO">Clicking button 'xpath=//button[contains(text(), 'Tambah') or @data-modal-target='matkul-modal']'.</msg>
<arg>xpath=//button[contains(text(), 'Tambah') or @data-modal-target='matkul-modal']</arg>
<doc>Clicks the button identified by ``locator``.</doc>
<status status="PASS" start="2025-06-14T16:05:47.795692" elapsed="0.136768"/>
</kw>
<kw name="Wait Until Element Is Visible" owner="SeleniumLibrary">
<arg>id=matkul-modal</arg>
<arg>timeout=10</arg>
<doc>Waits until the element ``locator`` is visible.</doc>
<status status="PASS" start="2025-06-14T16:05:47.933477" elapsed="0.032373"/>
</kw>
<kw name="Element Should Be Visible" owner="SeleniumLibrary">
<msg time="2025-06-14T16:05:47.988850" level="INFO">Element 'id=matkul-modal' is displayed.</msg>
<arg>id=matkul-modal</arg>
<doc>Verifies that the element identified by ``locator`` is visible.</doc>
<status status="PASS" start="2025-06-14T16:05:47.966872" elapsed="0.021978"/>
</kw>
<kw name="Input Text" owner="SeleniumLibrary">
<msg time="2025-06-14T16:05:47.991859" level="INFO">Typing text 'TES001' into text field 'id=kode_matkul'.</msg>
<arg>id=kode_matkul</arg>
<arg>TES001</arg>
<doc>Types the given ``text`` into the text field identified by ``locator``.</doc>
<status status="PASS" start="2025-06-14T16:05:47.990855" elapsed="0.131355"/>
</kw>
<kw name="Input Text" owner="SeleniumLibrary">
<msg time="2025-06-14T16:05:48.125206" level="INFO">Typing text '3' into text field 'id=semester'.</msg>
<arg>id=semester</arg>
<arg>3</arg>
<doc>Types the given ``text`` into the text field identified by ``locator``.</doc>
<status status="PASS" start="2025-06-14T16:05:48.124210" elapsed="0.130035"/>
</kw>
<kw name="Sleep" owner="BuiltIn">
<msg time="2025-06-14T16:05:50.255773" level="INFO">Slept 2 seconds.</msg>
<arg>2s</arg>
<doc>Pauses the test executed for the given time.</doc>
<status status="PASS" start="2025-06-14T16:05:48.255239" elapsed="2.001043"/>
</kw>
<kw name="Click Button" owner="SeleniumLibrary">
<msg time="2025-06-14T16:05:50.257297" level="INFO">Clicking button 'id=matkul-submit-btn'.</msg>
<arg>id=matkul-submit-btn</arg>
<doc>Clicks the button identified by ``locator``.</doc>
<status status="PASS" start="2025-06-14T16:05:50.257297" elapsed="1.863353"/>
</kw>
<kw name="Wait Until Element Is Visible" owner="SeleniumLibrary">
<arg>xpath=//*[contains(text(), 'The mata kuliah field is required.')]</arg>
<arg>timeout=10</arg>
<doc>Waits until the element ``locator`` is visible.</doc>
<status status="PASS" start="2025-06-14T16:05:52.121670" elapsed="0.072010"/>
</kw>
<kw name="Close Browser" owner="SeleniumLibrary">
<doc>Closes the current browser.</doc>
<status status="PASS" start="2025-06-14T16:05:52.194673" elapsed="2.293548"/>
</kw>
<status status="PASS" start="2025-06-14T16:05:40.300034" elapsed="14.189170"/>
</test>
<test id="s1-t3" name="Tambah Matkul tanpa Kode" line="51">
<kw name="Open Browser" owner="SeleniumLibrary">
<msg time="2025-06-14T16:05:54.493736" level="INFO">Opening browser 'chrome' to base url 'http://localhost:8000/login'.</msg>
<arg>${LOGIN_URL}</arg>
<arg>${BROWSER}</arg>
<doc>Opens a new browser instance to the optional ``url``.</doc>
<status status="PASS" start="2025-06-14T16:05:54.492738" elapsed="2.501024"/>
</kw>
<kw name="Input Text" owner="SeleniumLibrary">
<msg time="2025-06-14T16:05:56.998994" level="INFO">Typing text 'admin@gmail.com' into text field 'id=email'.</msg>
<arg>id=email</arg>
<arg>${EMAIL}</arg>
<doc>Types the given ``text`` into the text field identified by ``locator``.</doc>
<status status="PASS" start="2025-06-14T16:05:56.997993" elapsed="0.200682"/>
</kw>
<kw name="Input Text" owner="SeleniumLibrary">
<msg time="2025-06-14T16:05:57.200679" level="INFO">Typing text 'admin123' into text field 'id=password'.</msg>
<arg>id=password</arg>
<arg>${PASSWORD}</arg>
<doc>Types the given ``text`` into the text field identified by ``locator``.</doc>
<status status="PASS" start="2025-06-14T16:05:57.199678" elapsed="0.171127"/>
</kw>
<kw name="Click Button" owner="SeleniumLibrary">
<msg time="2025-06-14T16:05:57.371800" level="INFO">Clicking button 'id=login-button'.</msg>
<arg>id=login-button</arg>
<doc>Clicks the button identified by ``locator``.</doc>
<status status="PASS" start="2025-06-14T16:05:57.371800" elapsed="2.732331"/>
</kw>
<kw name="Wait Until Element Is Visible" owner="SeleniumLibrary">
<arg>id=dashboard</arg>
<arg>timeout=10</arg>
<doc>Waits until the element ``locator`` is visible.</doc>
<status status="PASS" start="2025-06-14T16:06:00.105133" elapsed="0.056002"/>
</kw>
<kw name="Element Should Be Visible" owner="SeleniumLibrary">
<msg time="2025-06-14T16:06:00.188620" level="INFO">Element 'id=dashboard' is displayed.</msg>
<arg>id=dashboard</arg>
<doc>Verifies that the element identified by ``locator`` is visible.</doc>
<status status="PASS" start="2025-06-14T16:06:00.162134" elapsed="0.026486"/>
</kw>
<kw name="Click Element" owner="SeleniumLibrary">
<msg time="2025-06-14T16:06:00.191152" level="INFO">Clicking element 'id=matkul-link'.</msg>
<arg>id=matkul-link</arg>
<doc>Click the element identified by ``locator``.</doc>
<status status="PASS" start="2025-06-14T16:06:00.190135" elapsed="1.697208"/>
</kw>
<kw name="Wait Until Element Is Visible" owner="SeleniumLibrary">
<arg>id=matkul-table</arg>
<arg>timeout=10</arg>
<doc>Waits until the element ``locator`` is visible.</doc>
<status status="PASS" start="2025-06-14T16:06:01.889350" elapsed="0.102933"/>
</kw>
<kw name="Element Should Be Visible" owner="SeleniumLibrary">
<msg time="2025-06-14T16:06:02.029816" level="INFO">Element 'id=matkul-table' is displayed.</msg>
<arg>id=matkul-table</arg>
<doc>Verifies that the element identified by ``locator`` is visible.</doc>
<status status="PASS" start="2025-06-14T16:06:01.994286" elapsed="0.036540"/>
</kw>
<kw name="Click Button" owner="SeleniumLibrary">
<msg time="2025-06-14T16:06:02.033819" level="INFO">Clicking button 'xpath=//button[contains(text(), 'Tambah') or @data-modal-target='matkul-modal']'.</msg>
<arg>xpath=//button[contains(text(), 'Tambah') or @data-modal-target='matkul-modal']</arg>
<doc>Clicks the button identified by ``locator``.</doc>
<status status="PASS" start="2025-06-14T16:06:02.032816" elapsed="0.185817"/>
</kw>
<kw name="Wait Until Element Is Visible" owner="SeleniumLibrary">
<arg>id=matkul-modal</arg>
<arg>timeout=10</arg>
<doc>Waits until the element ``locator`` is visible.</doc>
<status status="PASS" start="2025-06-14T16:06:02.219635" elapsed="0.033886"/>
</kw>
<kw name="Element Should Be Visible" owner="SeleniumLibrary">
<msg time="2025-06-14T16:06:02.301496" level="INFO">Element 'id=matkul-modal' is displayed.</msg>
<arg>id=matkul-modal</arg>
<doc>Verifies that the element identified by ``locator`` is visible.</doc>
<status status="PASS" start="2025-06-14T16:06:02.254521" elapsed="0.046975"/>
</kw>
<kw name="Input Text" owner="SeleniumLibrary">
<msg time="2025-06-14T16:06:02.303495" level="INFO">Typing text 'Test Mata Kuliah' into text field 'id=mata_kuliah'.</msg>
<arg>id=mata_kuliah</arg>
<arg>Test Mata Kuliah</arg>
<doc>Types the given ``text`` into the text field identified by ``locator``.</doc>
<status status="PASS" start="2025-06-14T16:06:02.302499" elapsed="0.172531"/>
</kw>
<kw name="Input Text" owner="SeleniumLibrary">
<msg time="2025-06-14T16:06:02.477035" level="INFO">Typing text '3' into text field 'id=semester'.</msg>
<arg>id=semester</arg>
<arg>3</arg>
<doc>Types the given ``text`` into the text field identified by ``locator``.</doc>
<status status="PASS" start="2025-06-14T16:06:02.476027" elapsed="0.186048"/>
</kw>
<kw name="Sleep" owner="BuiltIn">
<msg time="2025-06-14T16:06:04.664426" level="INFO">Slept 2 seconds.</msg>
<arg>2s</arg>
<doc>Pauses the test executed for the given time.</doc>
<status status="PASS" start="2025-06-14T16:06:02.664076" elapsed="2.000350"/>
</kw>
<kw name="Click Button" owner="SeleniumLibrary">
<msg time="2025-06-14T16:06:04.666445" level="INFO">Clicking button 'id=matkul-submit-btn'.</msg>
<arg>id=matkul-submit-btn</arg>
<doc>Clicks the button identified by ``locator``.</doc>
<status status="PASS" start="2025-06-14T16:06:04.665442" elapsed="2.438110"/>
</kw>
<kw name="Wait Until Element Is Visible" owner="SeleniumLibrary">
<arg>xpath=//*[contains(text(), 'The kode matkul field is required.')]</arg>
<arg>timeout=10</arg>
<doc>Waits until the element ``locator`` is visible.</doc>
<status status="PASS" start="2025-06-14T16:06:07.105551" elapsed="0.078164"/>
</kw>
<kw name="Close Browser" owner="SeleniumLibrary">
<doc>Closes the current browser.</doc>
<status status="PASS" start="2025-06-14T16:06:07.186721" elapsed="3.920745"/>
</kw>
<status status="PASS" start="2025-06-14T16:05:54.491740" elapsed="16.616710"/>
</test>
<test id="s1-t4" name="Tambah Matkul tanpa Semester" line="73">
<kw name="Open Browser" owner="SeleniumLibrary">
<msg time="2025-06-14T16:06:11.112472" level="INFO">Opening browser 'chrome' to base url 'http://localhost:8000/login'.</msg>
<arg>${LOGIN_URL}</arg>
<arg>${BROWSER}</arg>
<doc>Opens a new browser instance to the optional ``url``.</doc>
<status status="PASS" start="2025-06-14T16:06:11.111457" elapsed="3.352830"/>
</kw>
<kw name="Input Text" owner="SeleniumLibrary">
<msg time="2025-06-14T16:06:14.465862" level="INFO">Typing text 'admin@gmail.com' into text field 'id=email'.</msg>
<arg>id=email</arg>
<arg>${EMAIL}</arg>
<doc>Types the given ``text`` into the text field identified by ``locator``.</doc>
<status status="PASS" start="2025-06-14T16:06:14.464287" elapsed="0.184537"/>
</kw>
<kw name="Input Text" owner="SeleniumLibrary">
<msg time="2025-06-14T16:06:14.651082" level="INFO">Typing text 'admin123' into text field 'id=password'.</msg>
<arg>id=password</arg>
<arg>${PASSWORD}</arg>
<doc>Types the given ``text`` into the text field identified by ``locator``.</doc>
<status status="PASS" start="2025-06-14T16:06:14.649944" elapsed="0.164430"/>
</kw>
<kw name="Click Button" owner="SeleniumLibrary">
<msg time="2025-06-14T16:06:14.815375" level="INFO">Clicking button 'id=login-button'.</msg>
<arg>id=login-button</arg>
<doc>Clicks the button identified by ``locator``.</doc>
<status status="PASS" start="2025-06-14T16:06:14.815375" elapsed="3.419112"/>
</kw>
<kw name="Wait Until Element Is Visible" owner="SeleniumLibrary">
<arg>id=dashboard</arg>
<arg>timeout=10</arg>
<doc>Waits until the element ``locator`` is visible.</doc>
<status status="PASS" start="2025-06-14T16:06:18.236527" elapsed="0.050796"/>
</kw>
<kw name="Element Should Be Visible" owner="SeleniumLibrary">
<msg time="2025-06-14T16:06:18.311912" level="INFO">Element 'id=dashboard' is displayed.</msg>
<arg>id=dashboard</arg>
<doc>Verifies that the element identified by ``locator`` is visible.</doc>
<status status="PASS" start="2025-06-14T16:06:18.288322" elapsed="0.024593"/>
</kw>
<kw name="Click Element" owner="SeleniumLibrary">
<msg time="2025-06-14T16:06:18.314669" level="INFO">Clicking element 'id=matkul-link'.</msg>
<arg>id=matkul-link</arg>
<doc>Click the element identified by ``locator``.</doc>
<status status="PASS" start="2025-06-14T16:06:18.314095" elapsed="1.719645"/>
</kw>
<kw name="Wait Until Element Is Visible" owner="SeleniumLibrary">
<arg>id=matkul-table</arg>
<arg>timeout=10</arg>
<doc>Waits until the element ``locator`` is visible.</doc>
<status status="PASS" start="2025-06-14T16:06:20.034741" elapsed="0.069132"/>
</kw>
<kw name="Element Should Be Visible" owner="SeleniumLibrary">
<msg time="2025-06-14T16:06:20.128547" level="INFO">Element 'id=matkul-table' is displayed.</msg>
<arg>id=matkul-table</arg>
<doc>Verifies that the element identified by ``locator`` is visible.</doc>
<status status="PASS" start="2025-06-14T16:06:20.104986" elapsed="0.024554"/>
</kw>
<kw name="Click Button" owner="SeleniumLibrary">
<msg time="2025-06-14T16:06:20.131542" level="INFO">Clicking button 'xpath=//button[contains(text(), 'Tambah') or @data-modal-target='matkul-modal']'.</msg>
<arg>xpath=//button[contains(text(), 'Tambah') or @data-modal-target='matkul-modal']</arg>
<doc>Clicks the button identified by ``locator``.</doc>
<status status="PASS" start="2025-06-14T16:06:20.130540" elapsed="0.155927"/>
</kw>
<kw name="Wait Until Element Is Visible" owner="SeleniumLibrary">
<arg>id=matkul-modal</arg>
<arg>timeout=10</arg>
<doc>Waits until the element ``locator`` is visible.</doc>
<status status="PASS" start="2025-06-14T16:06:20.287472" elapsed="0.031721"/>
</kw>
<kw name="Element Should Be Visible" owner="SeleniumLibrary">
<msg time="2025-06-14T16:06:20.343261" level="INFO">Element 'id=matkul-modal' is displayed.</msg>
<arg>id=matkul-modal</arg>
<doc>Verifies that the element identified by ``locator`` is visible.</doc>
<status status="PASS" start="2025-06-14T16:06:20.320193" elapsed="0.024069"/>
</kw>
<kw name="Input Text" owner="SeleniumLibrary">
<msg time="2025-06-14T16:06:20.346262" level="INFO">Typing text 'Test Mata Kuliah' into text field 'id=mata_kuliah'.</msg>
<arg>id=mata_kuliah</arg>
<arg>Test Mata Kuliah</arg>
<doc>Types the given ``text`` into the text field identified by ``locator``.</doc>
<status status="PASS" start="2025-06-14T16:06:20.345262" elapsed="0.157549"/>
</kw>
<kw name="Input Text" owner="SeleniumLibrary">
<msg time="2025-06-14T16:06:20.503810" level="INFO">Typing text 'TES001' into text field 'id=kode_matkul'.</msg>
<arg>id=kode_matkul</arg>
<arg>TES001</arg>
<doc>Types the given ``text`` into the text field identified by ``locator``.</doc>
<status status="PASS" start="2025-06-14T16:06:20.503810" elapsed="0.211399"/>
</kw>
<kw name="Sleep" owner="BuiltIn">
<msg time="2025-06-14T16:06:22.717438" level="INFO">Slept 2 seconds.</msg>
<arg>2s</arg>
<doc>Pauses the test executed for the given time.</doc>
<status status="PASS" start="2025-06-14T16:06:20.716212" elapsed="2.001745"/>
</kw>
<kw name="Click Button" owner="SeleniumLibrary">
<msg time="2025-06-14T16:06:22.719985" level="INFO">Clicking button 'id=matkul-submit-btn'.</msg>
<arg>id=matkul-submit-btn</arg>
<doc>Clicks the button identified by ``locator``.</doc>
<status status="PASS" start="2025-06-14T16:06:22.718970" elapsed="0.149463"/>
</kw>
<kw name="Wait Until Element Is Visible" owner="SeleniumLibrary">
<arg>xpath=//*[contains(text(), 'The semester field is required.')]</arg>
<arg>timeout=10</arg>
<doc>Waits until the element ``locator`` is visible.</doc>
<status status="PASS" start="2025-06-14T16:06:22.869463" elapsed="1.983550"/>
</kw>
<kw name="Close Browser" owner="SeleniumLibrary">
<doc>Closes the current browser.</doc>
<status status="PASS" start="2025-06-14T16:06:24.854013" elapsed="2.459108"/>
</kw>
<status status="PASS" start="2025-06-14T16:06:11.110452" elapsed="16.203699"/>
</test>
<test id="s1-t5" name="Tambah Matkul dengan Semester Invalid" line="95">
<kw name="Open Browser" owner="SeleniumLibrary">
<msg time="2025-06-14T16:06:27.318141" level="INFO">Opening browser 'chrome' to base url 'http://localhost:8000/login'.</msg>
<arg>${LOGIN_URL}</arg>
<arg>${BROWSER}</arg>
<doc>Opens a new browser instance to the optional ``url``.</doc>
<status status="PASS" start="2025-06-14T16:06:27.317141" elapsed="3.430820"/>
</kw>
<kw name="Input Text" owner="SeleniumLibrary">
<msg time="2025-06-14T16:06:30.749966" level="INFO">Typing text 'admin@gmail.com' into text field 'id=email'.</msg>
<arg>id=email</arg>
<arg>${EMAIL}</arg>
<doc>Types the given ``text`` into the text field identified by ``locator``.</doc>
<status status="PASS" start="2025-06-14T16:06:30.748954" elapsed="0.190007"/>
</kw>
<kw name="Input Text" owner="SeleniumLibrary">
<msg time="2025-06-14T16:06:30.941967" level="INFO">Typing text 'admin123' into text field 'id=password'.</msg>
<arg>id=password</arg>
<arg>${PASSWORD}</arg>
<doc>Types the given ``text`` into the text field identified by ``locator``.</doc>
<status status="PASS" start="2025-06-14T16:06:30.939963" elapsed="0.157537"/>
</kw>
<kw name="Click Button" owner="SeleniumLibrary">
<msg time="2025-06-14T16:06:31.099498" level="INFO">Clicking button 'id=login-button'.</msg>
<arg>id=login-button</arg>
<doc>Clicks the button identified by ``locator``.</doc>
<status status="PASS" start="2025-06-14T16:06:31.098496" elapsed="3.070138"/>
</kw>
<kw name="Wait Until Element Is Visible" owner="SeleniumLibrary">
<arg>id=dashboard</arg>
<arg>timeout=10</arg>
<doc>Waits until the element ``locator`` is visible.</doc>
<status status="PASS" start="2025-06-14T16:06:34.169628" elapsed="0.051112"/>
</kw>
<kw name="Element Should Be Visible" owner="SeleniumLibrary">
<msg time="2025-06-14T16:06:34.250198" level="INFO">Element 'id=dashboard' is displayed.</msg>
<arg>id=dashboard</arg>
<doc>Verifies that the element identified by ``locator`` is visible.</doc>
<status status="PASS" start="2025-06-14T16:06:34.221743" elapsed="0.028455"/>
</kw>
<kw name="Click Element" owner="SeleniumLibrary">
<msg time="2025-06-14T16:06:34.251193" level="INFO">Clicking element 'id=matkul-link'.</msg>
<arg>id=matkul-link</arg>
<doc>Click the element identified by ``locator``.</doc>
<status status="PASS" start="2025-06-14T16:06:34.251193" elapsed="1.734384"/>
</kw>
<kw name="Wait Until Element Is Visible" owner="SeleniumLibrary">
<arg>id=matkul-table</arg>
<arg>timeout=10</arg>
<doc>Waits until the element ``locator`` is visible.</doc>
<status status="PASS" start="2025-06-14T16:06:35.987217" elapsed="0.034884"/>
</kw>
<kw name="Element Should Be Visible" owner="SeleniumLibrary">
<msg time="2025-06-14T16:06:36.084899" level="INFO">Element 'id=matkul-table' is displayed.</msg>
<arg>id=matkul-table</arg>
<doc>Verifies that the element identified by ``locator`` is visible.</doc>
<status status="PASS" start="2025-06-14T16:06:36.024105" elapsed="0.062799"/>
</kw>
<kw name="Click Button" owner="SeleniumLibrary">
<msg time="2025-06-14T16:06:36.088902" level="INFO">Clicking button 'xpath=//button[contains(text(), 'Tambah') or @data-modal-target='matkul-modal']'.</msg>
<arg>xpath=//button[contains(text(), 'Tambah') or @data-modal-target='matkul-modal']</arg>
<doc>Clicks the button identified by ``locator``.</doc>
<status status="PASS" start="2025-06-14T16:06:36.087907" elapsed="0.148470"/>
</kw>
<kw name="Wait Until Element Is Visible" owner="SeleniumLibrary">
<arg>id=matkul-modal</arg>
<arg>timeout=10</arg>
<doc>Waits until the element ``locator`` is visible.</doc>
<status status="PASS" start="2025-06-14T16:06:36.237376" elapsed="0.033641"/>
</kw>
<kw name="Element Should Be Visible" owner="SeleniumLibrary">
<msg time="2025-06-14T16:06:36.298026" level="INFO">Element 'id=matkul-modal' is displayed.</msg>
<arg>id=matkul-modal</arg>
<doc>Verifies that the element identified by ``locator`` is visible.</doc>
<status status="PASS" start="2025-06-14T16:06:36.272024" elapsed="0.027001"/>
</kw>
<kw name="Input Text" owner="SeleniumLibrary">
<msg time="2025-06-14T16:06:36.300023" level="INFO">Typing text 'Test Mata Kuliah' into text field 'id=mata_kuliah'.</msg>
<arg>id=mata_kuliah</arg>
<arg>Test Mata Kuliah</arg>
<doc>Types the given ``text`` into the text field identified by ``locator``.</doc>
<status status="PASS" start="2025-06-14T16:06:36.300023" elapsed="0.180864"/>
</kw>
<kw name="Input Text" owner="SeleniumLibrary">
<msg time="2025-06-14T16:06:36.482891" level="INFO">Typing text 'TES001' into text field 'id=kode_matkul'.</msg>
<arg>id=kode_matkul</arg>
<arg>TES001</arg>
<doc>Types the given ``text`` into the text field identified by ``locator``.</doc>
<status status="PASS" start="2025-06-14T16:06:36.481883" elapsed="0.159009"/>
</kw>
<kw name="Input Text" owner="SeleniumLibrary">
<msg time="2025-06-14T16:06:36.642895" level="INFO">Typing text '0' into text field 'id=semester'.</msg>
<arg>id=semester</arg>
<arg>0</arg>
<doc>Types the given ``text`` into the text field identified by ``locator``.</doc>
<status status="PASS" start="2025-06-14T16:06:36.641893" elapsed="0.194498"/>
</kw>
<kw name="Sleep" owner="BuiltIn">
<msg time="2025-06-14T16:06:38.838692" level="INFO">Slept 2 seconds.</msg>
<arg>2s</arg>
<doc>Pauses the test executed for the given time.</doc>
<status status="PASS" start="2025-06-14T16:06:36.837377" elapsed="2.001315"/>
</kw>
<kw name="Click Button" owner="SeleniumLibrary">
<msg time="2025-06-14T16:06:38.840726" level="INFO">Clicking button 'id=matkul-submit-btn'.</msg>
<arg>id=matkul-submit-btn</arg>
<doc>Clicks the button identified by ``locator``.</doc>
<status status="PASS" start="2025-06-14T16:06:38.839719" elapsed="2.191592"/>
</kw>
<kw name="Wait Until Element Is Visible" owner="SeleniumLibrary">
<arg>xpath=//*[contains(text(), 'must be') or contains(text(), 'invalid')]</arg>
<arg>timeout=10</arg>
<doc>Waits until the element ``locator`` is visible.</doc>
<status status="PASS" start="2025-06-14T16:06:41.033312" elapsed="0.060486"/>
</kw>
<kw name="Close Browser" owner="SeleniumLibrary">
<doc>Closes the current browser.</doc>
<status status="PASS" start="2025-06-14T16:06:41.094796" elapsed="2.234180"/>
</kw>
<status status="PASS" start="2025-06-14T16:06:27.316135" elapsed="16.013828"/>
</test>
<test id="s1-t6" name="Tambah Matkul" line="149">
<kw name="Open Browser" owner="SeleniumLibrary">
<msg time="2025-06-14T16:06:43.334980" level="INFO">Opening browser 'chrome' to base url 'http://localhost:8000/login'.</msg>
<arg>${LOGIN_URL}</arg>
<arg>${BROWSER}</arg>
<doc>Opens a new browser instance to the optional ``url``.</doc>
<status status="PASS" start="2025-06-14T16:06:43.333967" elapsed="2.758696"/>
</kw>
<kw name="Input Text" owner="SeleniumLibrary">
<msg time="2025-06-14T16:06:46.095659" level="INFO">Typing text 'admin@gmail.com' into text field 'id=email'.</msg>
<arg>id=email</arg>
<arg>${EMAIL}</arg>
<doc>Types the given ``text`` into the text field identified by ``locator``.</doc>
<status status="PASS" start="2025-06-14T16:06:46.094650" elapsed="0.176506"/>
</kw>
<kw name="Input Text" owner="SeleniumLibrary">
<msg time="2025-06-14T16:06:46.273157" level="INFO">Typing text 'admin123' into text field 'id=password'.</msg>
<arg>id=password</arg>
<arg>${PASSWORD}</arg>
<doc>Types the given ``text`` into the text field identified by ``locator``.</doc>
<status status="PASS" start="2025-06-14T16:06:46.272155" elapsed="0.132108"/>
</kw>
<kw name="Click Button" owner="SeleniumLibrary">
<msg time="2025-06-14T16:06:46.406262" level="INFO">Clicking button 'id=login-button'.</msg>
<arg>id=login-button</arg>
<doc>Clicks the button identified by ``locator``.</doc>
<status status="PASS" start="2025-06-14T16:06:46.405261" elapsed="2.827509"/>
</kw>
<kw name="Wait Until Element Is Visible" owner="SeleniumLibrary">
<arg>id=dashboard</arg>
<arg>timeout=10</arg>
<doc>Waits until the element ``locator`` is visible.</doc>
<status status="PASS" start="2025-06-14T16:06:49.233769" elapsed="0.054223"/>
</kw>
<kw name="Element Should Be Visible" owner="SeleniumLibrary">
<msg time="2025-06-14T16:06:49.314594" level="INFO">Element 'id=dashboard' is displayed.</msg>
<arg>id=dashboard</arg>
<doc>Verifies that the element identified by ``locator`` is visible.</doc>
<status status="PASS" start="2025-06-14T16:06:49.288578" elapsed="0.026016"/>
</kw>
<kw name="Click Element" owner="SeleniumLibrary">
<msg time="2025-06-14T16:06:49.316592" level="INFO">Clicking element 'id=matkul-link'.</msg>
<arg>id=matkul-link</arg>
<doc>Click the element identified by ``locator``.</doc>
<status status="PASS" start="2025-06-14T16:06:49.315592" elapsed="1.823667"/>
</kw>
<kw name="Wait Until Element Is Visible" owner="SeleniumLibrary">
<arg>id=matkul-table</arg>
<arg>timeout=10</arg>
<doc>Waits until the element ``locator`` is visible.</doc>
<status status="PASS" start="2025-06-14T16:06:51.140263" elapsed="0.035741"/>
</kw>
<kw name="Element Should Be Visible" owner="SeleniumLibrary">
<msg time="2025-06-14T16:06:51.242774" level="INFO">Element 'id=matkul-table' is displayed.</msg>
<arg>id=matkul-table</arg>
<doc>Verifies that the element identified by ``locator`` is visible.</doc>
<status status="PASS" start="2025-06-14T16:06:51.177143" elapsed="0.065631"/>
</kw>
<kw name="Click Button" owner="SeleniumLibrary">
<msg time="2025-06-14T16:06:51.244777" level="INFO">Clicking button 'xpath=//button[contains(text(), 'Tambah') or @data-modal-target='matkul-modal']'.</msg>
<arg>xpath=//button[contains(text(), 'Tambah') or @data-modal-target='matkul-modal']</arg>
<doc>Clicks the button identified by ``locator``.</doc>
<status status="PASS" start="2025-06-14T16:06:51.243774" elapsed="0.134537"/>
</kw>
<kw name="Wait Until Element Is Visible" owner="SeleniumLibrary">
<arg>id=matkul-modal</arg>
<arg>timeout=10</arg>
<doc>Waits until the element ``locator`` is visible.</doc>
<status status="PASS" start="2025-06-14T16:06:51.379309" elapsed="0.048013"/>
</kw>
<kw name="Element Should Be Visible" owner="SeleniumLibrary">
<msg time="2025-06-14T16:06:51.453591" level="INFO">Element 'id=matkul-modal' is displayed.</msg>
<arg>id=matkul-modal</arg>
<doc>Verifies that the element identified by ``locator`` is visible.</doc>
<status status="PASS" start="2025-06-14T16:06:51.428326" elapsed="0.025265"/>
</kw>
<kw name="Input Text" owner="SeleniumLibrary">
<msg time="2025-06-14T16:06:51.455591" level="INFO">Typing text 'Pemrograman Web' into text field 'id=mata_kuliah'.</msg>
<arg>id=mata_kuliah</arg>
<arg>Pemrograman Web</arg>
<doc>Types the given ``text`` into the text field identified by ``locator``.</doc>
<status status="PASS" start="2025-06-14T16:06:51.454589" elapsed="0.154922"/>
</kw>
<kw name="Input Text" owner="SeleniumLibrary">
<msg time="2025-06-14T16:06:51.611529" level="INFO">Typing text 'PWB001' into text field 'id=kode_matkul'.</msg>
<arg>id=kode_matkul</arg>
<arg>PWB001</arg>
<doc>Types the given ``text`` into the text field identified by ``locator``.</doc>
<status status="PASS" start="2025-06-14T16:06:51.610514" elapsed="0.166094"/>
</kw>
<kw name="Input Text" owner="SeleniumLibrary">
<msg time="2025-06-14T16:06:51.778612" level="INFO">Typing text '3' into text field 'id=semester'.</msg>
<arg>id=semester</arg>
<arg>3</arg>
<doc>Types the given ``text`` into the text field identified by ``locator``.</doc>
<status status="PASS" start="2025-06-14T16:06:51.777611" elapsed="0.131618"/>
</kw>
<kw name="Sleep" owner="BuiltIn">
<msg time="2025-06-14T16:06:53.911816" level="INFO">Slept 2 seconds.</msg>
<arg>2s</arg>
<doc>Pauses the test executed for the given time.</doc>
<status status="PASS" start="2025-06-14T16:06:51.910227" elapsed="2.001589"/>
</kw>
<kw name="Click Button" owner="SeleniumLibrary">
<msg time="2025-06-14T16:06:53.913863" level="INFO">Clicking button 'id=matkul-submit-btn'.</msg>
<arg>id=matkul-submit-btn</arg>
<doc>Clicks the button identified by ``locator``.</doc>
<status status="PASS" start="2025-06-14T16:06:53.912861" elapsed="0.153809"/>
</kw>
<kw name="Wait Until Element Is Visible" owner="SeleniumLibrary">
<arg>xpath=//*[contains(text(), 'success!')]</arg>
<arg>timeout=10</arg>
<doc>Waits until the element ``locator`` is visible.</doc>
<status status="PASS" start="2025-06-14T16:06:54.068668" elapsed="2.026681"/>
</kw>
<kw name="Close Browser" owner="SeleniumLibrary">
<doc>Closes the current browser.</doc>
<status status="PASS" start="2025-06-14T16:06:56.096350" elapsed="2.246993"/>
</kw>
<status status="PASS" start="2025-06-14T16:06:43.332988" elapsed="15.011382"/>
</test>
<test id="s1-t7" name="Edit Matkul - Validasi Nama Kosong" line="171">
<kw name="Open Browser" owner="SeleniumLibrary">
<msg time="2025-06-14T16:06:58.348384" level="INFO">Opening browser 'chrome' to base url 'http://localhost:8000/login'.</msg>
<arg>${LOGIN_URL}</arg>
<arg>${BROWSER}</arg>
<doc>Opens a new browser instance to the optional ``url``.</doc>
<status status="PASS" start="2025-06-14T16:06:58.347387" elapsed="2.756623"/>
</kw>
<kw name="Input Text" owner="SeleniumLibrary">
<msg time="2025-06-14T16:07:01.104992" level="INFO">Typing text 'admin@gmail.com' into text field 'id=email'.</msg>
<arg>id=email</arg>
<arg>${EMAIL}</arg>
<doc>Types the given ``text`` into the text field identified by ``locator``.</doc>
<status status="PASS" start="2025-06-14T16:07:01.104992" elapsed="0.169789"/>
</kw>
<kw name="Input Text" owner="SeleniumLibrary">
<msg time="2025-06-14T16:07:01.275775" level="INFO">Typing text 'admin123' into text field 'id=password'.</msg>
<arg>id=password</arg>
<arg>${PASSWORD}</arg>
<doc>Types the given ``text`` into the text field identified by ``locator``.</doc>
<status status="PASS" start="2025-06-14T16:07:01.275775" elapsed="0.128135"/>
</kw>
<kw name="Click Button" owner="SeleniumLibrary">
<msg time="2025-06-14T16:07:01.404910" level="INFO">Clicking button 'id=login-button'.</msg>
<arg>id=login-button</arg>
<doc>Clicks the button identified by ``locator``.</doc>
<status status="PASS" start="2025-06-14T16:07:01.403910" elapsed="2.512264"/>
</kw>
<kw name="Wait Until Element Is Visible" owner="SeleniumLibrary">
<arg>id=dashboard</arg>
<arg>timeout=${WAIT_TIMEOUT}</arg>
<doc>Waits until the element ``locator`` is visible.</doc>
<status status="PASS" start="2025-06-14T16:07:03.917168" elapsed="0.051016"/>
</kw>
<kw name="Click Element" owner="SeleniumLibrary">
<msg time="2025-06-14T16:07:03.969859" level="INFO">Clicking element 'id=matkul-link'.</msg>
<arg>id=matkul-link</arg>
<doc>Click the element identified by ``locator``.</doc>
<status status="PASS" start="2025-06-14T16:07:03.968835" elapsed="1.572687"/>
</kw>
<kw name="Wait Until Element Is Visible" owner="SeleniumLibrary">
<arg>id=matkul-table</arg>
<arg>timeout=${WAIT_TIMEOUT}</arg>
<doc>Waits until the element ``locator`` is visible.</doc>
<status status="PASS" start="2025-06-14T16:07:05.543518" elapsed="0.075845"/>
</kw>
<kw name="Wait Until Element Is Visible" owner="SeleniumLibrary">
<arg>css=table#matkul-table tbody tr</arg>
<arg>timeout=${WAIT_TIMEOUT}</arg>
<doc>Waits until the element ``locator`` is visible.</doc>
<status status="PASS" start="2025-06-14T16:07:05.620363" elapsed="0.879295"/>
</kw>
<kw name="Sleep" owner="BuiltIn">
<msg time="2025-06-14T16:07:11.501188" level="INFO">Slept 5 seconds.</msg>
<arg>${LONG_WAIT}</arg>
<doc>Pauses the test executed for the given time.</doc>
<status status="PASS" start="2025-06-14T16:07:06.500652" elapsed="5.001081"/>
</kw>
<kw name="Wait Until Element Is Visible" owner="SeleniumLibrary">
<arg>css=button[id^="edit-matkul-"]</arg>
<arg>timeout=${WAIT_TIMEOUT}</arg>
<doc>Waits until the element ``locator`` is visible.</doc>
<status status="PASS" start="2025-06-14T16:07:11.502749" elapsed="0.032088"/>
</kw>
<kw name="Click Element" owner="SeleniumLibrary">
<msg time="2025-06-14T16:07:11.535838" level="INFO">Clicking element 'css=button[id^="edit-matkul-"]'.</msg>
<arg>css=button[id^="edit-matkul-"]</arg>
<doc>Click the element identified by ``locator``.</doc>
<status status="PASS" start="2025-06-14T16:07:11.535838" elapsed="0.109388"/>
</kw>
<kw name="Wait Until Element Is Visible" owner="SeleniumLibrary">
<arg>id=edit-matkul-modal</arg>
<arg>timeout=${WAIT_TIMEOUT}</arg>
<doc>Waits until the element ``locator`` is visible.</doc>
<status status="PASS" start="2025-06-14T16:07:11.646223" elapsed="0.459689"/>
</kw>
<kw name="Sleep" owner="BuiltIn">
<msg time="2025-06-14T16:07:14.107880" level="INFO">Slept 2 seconds.</msg>
<arg>${SHORT_WAIT}</arg>
<doc>Pauses the test executed for the given time.</doc>
<status status="PASS" start="2025-06-14T16:07:12.105912" elapsed="2.001968"/>
</kw>
<kw name="Clear Element Text" owner="SeleniumLibrary">
<arg>css=#edit-matkul-modal input[name="mata_kuliah"]</arg>
<doc>Clears the value of the text-input-element identified by ``locator``.</doc>
<status status="PASS" start="2025-06-14T16:07:14.109080" elapsed="0.060224"/>
</kw>
<kw name="Input Text" owner="SeleniumLibrary">
<msg time="2025-06-14T16:07:14.170285" level="INFO">Typing text 'EDIT001' into text field 'css=#edit-matkul-modal input[name="kode_matkul"]'.</msg>
<arg>css=#edit-matkul-modal input[name="kode_matkul"]</arg>
<arg>EDIT001</arg>
<doc>Types the given ``text`` into the text field identified by ``locator``.</doc>
<status status="PASS" start="2025-06-14T16:07:14.169304" elapsed="0.144089"/>
</kw>
<kw name="Input Text" owner="SeleniumLibrary">
<msg time="2025-06-14T16:07:14.315392" level="INFO">Typing text '3' into text field 'css=#edit-matkul-modal input[name="semester"]'.</msg>
<arg>css=#edit-matkul-modal input[name="semester"]</arg>
<arg>3</arg>
<doc>Types the given ``text`` into the text field identified by ``locator``.</doc>
<status status="PASS" start="2025-06-14T16:07:14.314395" elapsed="0.117065"/>
</kw>
<kw name="Click Button" owner="SeleniumLibrary">
<msg time="2025-06-14T16:07:14.432463" level="INFO">Clicking button 'css=#edit-matkul-modal button[type="submit"]'.</msg>
<arg>css=#edit-matkul-modal button[type="submit"]</arg>
<doc>Clicks the button identified by ``locator``.</doc>
<status status="PASS" start="2025-06-14T16:07:14.431460" elapsed="1.935098"/>
</kw>
<kw name="Wait Until Element Is Visible" owner="SeleniumLibrary">
<arg>xpath=//*[contains(text(), 'The mata kuliah field is required.')]</arg>
<arg>timeout=${WAIT_TIMEOUT}</arg>
<doc>Waits until the element ``locator`` is visible.</doc>
<status status="PASS" start="2025-06-14T16:07:16.367559" elapsed="0.059090"/>
</kw>
<kw name="Close Browser" owner="SeleniumLibrary">
<doc>Closes the current browser.</doc>
<status status="PASS" start="2025-06-14T16:07:16.427662" elapsed="2.236117"/>
</kw>
<doc>Test editing matkul with empty name</doc>
<status status="PASS" start="2025-06-14T16:06:58.346388" elapsed="20.318403"/>
</test>
<test id="s1-t8" name="Edit Matkul - Validasi Semester Invalid" line="206">
<kw name="Open Browser" owner="SeleniumLibrary">
<msg time="2025-06-14T16:07:18.668769" level="INFO">Opening browser 'chrome' to base url 'http://localhost:8000/login'.</msg>
<arg>${LOGIN_URL}</arg>
<arg>${BROWSER}</arg>
<doc>Opens a new browser instance to the optional ``url``.</doc>
<status status="PASS" start="2025-06-14T16:07:18.667778" elapsed="3.346132"/>
</kw>
<kw name="Input Text" owner="SeleniumLibrary">
<msg time="2025-06-14T16:07:22.015905" level="INFO">Typing text 'admin@gmail.com' into text field 'id=email'.</msg>
<arg>id=email</arg>
<arg>${EMAIL}</arg>
<doc>Types the given ``text`` into the text field identified by ``locator``.</doc>
<status status="PASS" start="2025-06-14T16:07:22.014906" elapsed="0.169989"/>
</kw>
<kw name="Input Text" owner="SeleniumLibrary">
<msg time="2025-06-14T16:07:22.185895" level="INFO">Typing text 'admin123' into text field 'id=password'.</msg>
<arg>id=password</arg>
<arg>${PASSWORD}</arg>
<doc>Types the given ``text`` into the text field identified by ``locator``.</doc>
<status status="PASS" start="2025-06-14T16:07:22.185895" elapsed="0.121918"/>
</kw>
<kw name="Click Button" owner="SeleniumLibrary">
<msg time="2025-06-14T16:07:22.308814" level="INFO">Clicking button 'id=login-button'.</msg>
<arg>id=login-button</arg>
<doc>Clicks the button identified by ``locator``.</doc>
<status status="PASS" start="2025-06-14T16:07:22.308814" elapsed="2.436402"/>
</kw>
<kw name="Wait Until Element Is Visible" owner="SeleniumLibrary">
<arg>id=dashboard</arg>
<arg>timeout=${WAIT_TIMEOUT}</arg>
<doc>Waits until the element ``locator`` is visible.</doc>
<status status="PASS" start="2025-06-14T16:07:24.746217" elapsed="0.055121"/>
</kw>
<kw name="Click Element" owner="SeleniumLibrary">
<msg time="2025-06-14T16:07:24.802364" level="INFO">Clicking element 'id=matkul-link'.</msg>
<arg>id=matkul-link</arg>
<doc>Click the element identified by ``locator``.</doc>
<status status="PASS" start="2025-06-14T16:07:24.801338" elapsed="1.517953"/>
</kw>
<kw name="Wait Until Element Is Visible" owner="SeleniumLibrary">
<arg>id=matkul-table</arg>
<arg>timeout=${WAIT_TIMEOUT}</arg>
<doc>Waits until the element ``locator`` is visible.</doc>
<status status="PASS" start="2025-06-14T16:07:26.320290" elapsed="0.030524"/>
</kw>
<kw name="Wait Until Element Is Visible" owner="SeleniumLibrary">
<arg>css=table#matkul-table tbody tr</arg>
<arg>timeout=${WAIT_TIMEOUT}</arg>
<doc>Waits until the element ``locator`` is visible.</doc>
<status status="PASS" start="2025-06-14T16:07:26.351822" elapsed="0.922192"/>
</kw>
<kw name="Sleep" owner="BuiltIn">
<msg time="2025-06-14T16:07:32.276590" level="INFO">Slept 5 seconds.</msg>
<arg>${LONG_WAIT}</arg>
<doc>Pauses the test executed for the given time.</doc>
<status status="PASS" start="2025-06-14T16:07:27.275014" elapsed="5.002108"/>
</kw>
<kw name="Wait Until Element Is Visible" owner="SeleniumLibrary">
<arg>css=button[id^="edit-matkul-"]</arg>
<arg>timeout=${WAIT_TIMEOUT}</arg>
<doc>Waits until the element ``locator`` is visible.</doc>
<status status="PASS" start="2025-06-14T16:07:32.278136" elapsed="0.032014"/>
</kw>
<kw name="Click Element" owner="SeleniumLibrary">
<msg time="2025-06-14T16:07:32.312151" level="INFO">Clicking element 'css=button[id^="edit-matkul-"]'.</msg>
<arg>css=button[id^="edit-matkul-"]</arg>
<doc>Click the element identified by ``locator``.</doc>
<status status="PASS" start="2025-06-14T16:07:32.311150" elapsed="0.107718"/>
</kw>
<kw name="Wait Until Element Is Visible" owner="SeleniumLibrary">
<arg>id=edit-matkul-modal</arg>
<arg>timeout=${WAIT_TIMEOUT}</arg>
<doc>Waits until the element ``locator`` is visible.</doc>
<status status="PASS" start="2025-06-14T16:07:32.419870" elapsed="0.456915"/>
</kw>
<kw name="Sleep" owner="BuiltIn">
<msg time="2025-06-14T16:07:34.877966" level="INFO">Slept 2 seconds.</msg>
<arg>${SHORT_WAIT}</arg>
<doc>Pauses the test executed for the given time.</doc>
<status status="PASS" start="2025-06-14T16:07:32.876785" elapsed="2.001181"/>
</kw>
<kw name="Input Text" owner="SeleniumLibrary">
<msg time="2025-06-14T16:07:34.879983" level="INFO">Typing text 'Test Edit Matkul' into text field 'css=#edit-matkul-modal input[name="mata_kuliah"]'.</msg>
<arg>css=#edit-matkul-modal input[name="mata_kuliah"]</arg>
<arg>Test Edit Matkul</arg>
<doc>Types the given ``text`` into the text field identified by ``locator``.</doc>
<status status="PASS" start="2025-06-14T16:07:34.878979" elapsed="0.154408"/>
</kw>
<kw name="Input Text" owner="SeleniumLibrary">
<msg time="2025-06-14T16:07:35.034389" level="INFO">Typing text 'EDIT001' into text field 'css=#edit-matkul-modal input[name="kode_matkul"]'.</msg>
<arg>css=#edit-matkul-modal input[name="kode_matkul"]</arg>
<arg>EDIT001</arg>
<doc>Types the given ``text`` into the text field identified by ``locator``.</doc>
<status status="PASS" start="2025-06-14T16:07:35.033387" elapsed="0.142621"/>
</kw>
<kw name="Clear Element Text" owner="SeleniumLibrary">
<arg>css=#edit-matkul-modal input[name="semester"]</arg>
<doc>Clears the value of the text-input-element identified by ``locator``.</doc>
<status status="PASS" start="2025-06-14T16:07:35.177011" elapsed="0.059280"/>
</kw>
<kw name="Input Text" owner="SeleniumLibrary">
<msg time="2025-06-14T16:07:35.237289" level="INFO">Typing text '-1' into text field 'css=#edit-matkul-modal input[name="semester"]'.</msg>
<arg>css=#edit-matkul-modal input[name="semester"]</arg>
<arg>-1</arg>
<doc>Types the given ``text`` into the text field identified by ``locator``.</doc>
<status status="PASS" start="2025-06-14T16:07:35.237289" elapsed="0.128551"/>
</kw>
<kw name="Click Button" owner="SeleniumLibrary">
<msg time="2025-06-14T16:07:35.366835" level="INFO">Clicking button 'css=#edit-matkul-modal button[type="submit"]'.</msg>
<arg>css=#edit-matkul-modal button[type="submit"]</arg>
<doc>Clicks the button identified by ``locator``.</doc>
<status status="PASS" start="2025-06-14T16:07:35.366835" elapsed="1.941910"/>
</kw>
<kw name="Wait Until Element Is Visible" owner="SeleniumLibrary">
<arg>xpath=//*[contains(text(), 'must be') or contains(text(), 'invalid')]</arg>
<arg>timeout=${WAIT_TIMEOUT}</arg>
<doc>Waits until the element ``locator`` is visible.</doc>
<status status="PASS" start="2025-06-14T16:07:37.310379" elapsed="0.060220"/>
</kw>
<kw name="Close Browser" owner="SeleniumLibrary">
<doc>Closes the current browser.</doc>
<status status="PASS" start="2025-06-14T16:07:37.371590" elapsed="2.231705"/>
</kw>
<doc>Test editing matkul with invalid Semester</doc>
<status status="PASS" start="2025-06-14T16:07:18.666777" elapsed="20.937489"/>
</test>
<test id="s1-t9" name="Edit Matkul - Berhasil" line="242">
<kw name="Open Browser" owner="SeleniumLibrary">
<msg time="2025-06-14T16:07:39.608270" level="INFO">Opening browser 'chrome' to base url 'http://localhost:8000/login'.</msg>
<arg>${LOGIN_URL}</arg>
<arg>${BROWSER}</arg>
<doc>Opens a new browser instance to the optional ``url``.</doc>
<status status="PASS" start="2025-06-14T16:07:39.607284" elapsed="2.887559"/>
</kw>
<kw name="Input Text" owner="SeleniumLibrary">
<msg time="2025-06-14T16:07:42.496842" level="INFO">Typing text 'admin@gmail.com' into text field 'id=email'.</msg>
<arg>id=email</arg>
<arg>${EMAIL}</arg>
<doc>Types the given ``text`` into the text field identified by ``locator``.</doc>
<status status="PASS" start="2025-06-14T16:07:42.495850" elapsed="0.182280"/>
</kw>
<kw name="Input Text" owner="SeleniumLibrary">
<msg time="2025-06-14T16:07:42.679130" level="INFO">Typing text 'admin123' into text field 'id=password'.</msg>
<arg>id=password</arg>
<arg>${PASSWORD}</arg>
<doc>Types the given ``text`` into the text field identified by ``locator``.</doc>
<status status="PASS" start="2025-06-14T16:07:42.679130" elapsed="0.130686"/>
</kw>
<kw name="Click Button" owner="SeleniumLibrary">
<msg time="2025-06-14T16:07:42.810824" level="INFO">Clicking button 'id=login-button'.</msg>
<arg>id=login-button</arg>
<doc>Clicks the button identified by ``locator``.</doc>
<status status="PASS" start="2025-06-14T16:07:42.810824" elapsed="2.441303"/>
</kw>
<kw name="Wait Until Element Is Visible" owner="SeleniumLibrary">
<arg>id=dashboard</arg>
<arg>timeout=${WAIT_TIMEOUT}</arg>
<doc>Waits until the element ``locator`` is visible.</doc>
<status status="PASS" start="2025-06-14T16:07:45.253125" elapsed="0.076737"/>
</kw>
<kw name="Click Element" owner="SeleniumLibrary">
<msg time="2025-06-14T16:07:45.331856" level="INFO">Clicking element 'id=matkul-link'.</msg>
<arg>id=matkul-link</arg>
<doc>Click the element identified by ``locator``.</doc>
<status status="PASS" start="2025-06-14T16:07:45.330860" elapsed="1.583792"/>
</kw>
<kw name="Wait Until Element Is Visible" owner="SeleniumLibrary">
<arg>id=matkul-table</arg>
<arg>timeout=${WAIT_TIMEOUT}</arg>
<doc>Waits until the element ``locator`` is visible.</doc>
<status status="PASS" start="2025-06-14T16:07:46.916650" elapsed="0.031540"/>
</kw>
<kw name="Wait Until Element Is Visible" owner="SeleniumLibrary">
<arg>css=table#matkul-table tbody tr</arg>
<arg>timeout=${WAIT_TIMEOUT}</arg>
<doc>Waits until the element ``locator`` is visible.</doc>
<status status="PASS" start="2025-06-14T16:07:46.949192" elapsed="0.922973"/>
</kw>
<kw name="Sleep" owner="BuiltIn">
<msg time="2025-06-14T16:07:52.873382" level="INFO">Slept 5 seconds.</msg>
<arg>${LONG_WAIT}</arg>
<doc>Pauses the test executed for the given time.</doc>
<status status="PASS" start="2025-06-14T16:07:47.873173" elapsed="5.000209"/>
</kw>
<kw name="Get Text" owner="SeleniumLibrary">
<msg time="2025-06-14T16:07:52.920548" level="INFO">${original_data} = 1 MK37 Interoperabilitas 5</msg>
<var>${original_data}</var>
<arg>css=table#matkul-table tbody tr:first-child</arg>
<doc>Returns the text value of the element identified by ``locator``.</doc>
<status status="PASS" start="2025-06-14T16:07:52.874408" elapsed="0.046140"/>
</kw>
<kw name="Wait Until Element Is Visible" owner="SeleniumLibrary">
<arg>css=button[id^="edit-matkul-"]</arg>
<arg>timeout=${WAIT_TIMEOUT}</arg>
<doc>Waits until the element ``locator`` is visible.</doc>
<status status="PASS" start="2025-06-14T16:07:52.921544" elapsed="0.029757"/>
</kw>
<kw name="Click Element" owner="SeleniumLibrary">
<msg time="2025-06-14T16:07:52.953292" level="INFO">Clicking element 'css=button[id^="edit-matkul-"]'.</msg>
<arg>css=button[id^="edit-matkul-"]</arg>
<doc>Click the element identified by ``locator``.</doc>
<status status="PASS" start="2025-06-14T16:07:52.952289" elapsed="0.110588"/>
</kw>
<kw name="Wait Until Element Is Visible" owner="SeleniumLibrary">
<arg>id=edit-matkul-modal</arg>
<arg>timeout=${WAIT_TIMEOUT}</arg>
<doc>Waits until the element ``locator`` is visible.</doc>
<status status="PASS" start="2025-06-14T16:07:53.063885" elapsed="0.457822"/>
</kw>
<kw name="Sleep" owner="BuiltIn">
<msg time="2025-06-14T16:07:55.524354" level="INFO">Slept 2 seconds.</msg>
<arg>${SHORT_WAIT}</arg>
<doc>Pauses the test executed for the given time.</doc>
<status status="PASS" start="2025-06-14T16:07:53.522745" elapsed="2.001609"/>
</kw>
<kw name="Clear Element Text" owner="SeleniumLibrary">
<arg>css=#edit-matkul-modal input[name="mata_kuliah"]</arg>
<doc>Clears the value of the text-input-element identified by ``locator``.</doc>
<status status="PASS" start="2025-06-14T16:07:55.525371" elapsed="0.059614"/>
</kw>
<kw name="Input Text" owner="SeleniumLibrary">
<msg time="2025-06-14T16:07:55.586593" level="INFO">Typing text 'Matkul Edited Successfully' into text field 'css=#edit-matkul-modal input[name="mata_kuliah"]'.</msg>
<arg>css=#edit-matkul-modal input[name="mata_kuliah"]</arg>
<arg>Matkul Edited Successfully</arg>
<doc>Types the given ``text`` into the text field identified by ``locator``.</doc>
<status status="PASS" start="2025-06-14T16:07:55.585561" elapsed="0.160606"/>
</kw>
<kw name="Clear Element Text" owner="SeleniumLibrary">
<arg>css=#edit-matkul-modal input[name="kode_matkul"]</arg>
<doc>Clears the value of the text-input-element identified by ``locator``.</doc>
<status status="PASS" start="2025-06-14T16:07:55.747166" elapsed="0.075598"/>
</kw>
<kw name="Input Text" owner="SeleniumLibrary">
<msg time="2025-06-14T16:07:55.824765" level="INFO">Typing text 'EDITED001' into text field 'css=#edit-matkul-modal input[name="kode_matkul"]'.</msg>
<arg>css=#edit-matkul-modal input[name="kode_matkul"]</arg>
<arg>EDITED001</arg>
<doc>Types the given ``text`` into the text field identified by ``locator``.</doc>
<status status="PASS" start="2025-06-14T16:07:55.823761" elapsed="0.129466"/>
</kw>
<kw name="Clear Element Text" owner="SeleniumLibrary">
<arg>css=#edit-matkul-modal input[name="semester"]</arg>
<doc>Clears the value of the text-input-element identified by ``locator``.</doc>
<status status="PASS" start="2025-06-14T16:07:55.954234" elapsed="0.060276"/>
</kw>
<kw name="Input Text" owner="SeleniumLibrary">
<msg time="2025-06-14T16:07:56.016515" level="INFO">Typing text '4' into text field 'css=#edit-matkul-modal input[name="semester"]'.</msg>
<arg>css=#edit-matkul-modal input[name="semester"]</arg>
<arg>4</arg>
<doc>Types the given ``text`` into the text field identified by ``locator``.</doc>
<status status="PASS" start="2025-06-14T16:07:56.015510" elapsed="0.114142"/>
</kw>
<kw name="Click Button" owner="SeleniumLibrary">
<msg time="2025-06-14T16:07:56.130379" level="INFO">Clicking button 'css=#edit-matkul-modal button[type="submit"]'.</msg>
<arg>css=#edit-matkul-modal button[type="submit"]</arg>
<doc>Clicks the button identified by ``locator``.</doc>
<status status="PASS" start="2025-06-14T16:07:56.130379" elapsed="1.933178"/>
</kw>
<kw name="Wait Until Element Is Visible" owner="SeleniumLibrary">
<arg>xpath=//*[contains(text(), 'success!') or contains(text(), 'berhasil')]</arg>
<arg>timeout=${WAIT_TIMEOUT}</arg>
<doc>Waits until the element ``locator`` is visible.</doc>
<status status="PASS" start="2025-06-14T16:07:58.063557" elapsed="0.052565"/>
</kw>
<kw name="Sleep" owner="BuiltIn">
<msg time="2025-06-14T16:08:00.118286" level="INFO">Slept 2 seconds.</msg>
<arg>${SHORT_WAIT}</arg>
<doc>Pauses the test executed for the given time.</doc>
<status status="PASS" start="2025-06-14T16:07:58.117119" elapsed="2.001167"/>
</kw>
<kw name="Close Browser" owner="SeleniumLibrary">
<doc>Closes the current browser.</doc>
<status status="PASS" start="2025-06-14T16:08:00.119752" elapsed="2.241308"/>
</kw>
<doc>Test successful matkul editing</doc>
<status status="PASS" start="2025-06-14T16:07:39.606268" elapsed="22.755600"/>
</test>
<test id="s1-t10" name="Delete Matkul - Berhasil" line="285">
<kw name="Open Browser" owner="SeleniumLibrary">
<msg time="2025-06-14T16:08:02.365751" level="INFO">Opening browser 'chrome' to base url 'http://localhost:8000/login'.</msg>
<arg>${LOGIN_URL}</arg>
<arg>${BROWSER}</arg>
<doc>Opens a new browser instance to the optional ``url``.</doc>
<status status="PASS" start="2025-06-14T16:08:02.364735" elapsed="3.155657"/>
</kw>
<kw name="Input Text" owner="SeleniumLibrary">
<msg time="2025-06-14T16:08:05.522390" level="INFO">Typing text 'admin@gmail.com' into text field 'id=email'.</msg>
<arg>id=email</arg>
<arg>${EMAIL}</arg>
<doc>Types the given ``text`` into the text field identified by ``locator``.</doc>
<status status="PASS" start="2025-06-14T16:08:05.521383" elapsed="0.174121"/>
</kw>
<kw name="Input Text" owner="SeleniumLibrary">
<msg time="2025-06-14T16:08:05.696505" level="INFO">Typing text 'admin123' into text field 'id=password'.</msg>
<arg>id=password</arg>
<arg>${PASSWORD}</arg>
<doc>Types the given ``text`` into the text field identified by ``locator``.</doc>
<status status="PASS" start="2025-06-14T16:08:05.696505" elapsed="0.125641"/>
</kw>
<kw name="Click Button" owner="SeleniumLibrary">
<msg time="2025-06-14T16:08:05.824153" level="INFO">Clicking button 'id=login-button'.</msg>
<arg>id=login-button</arg>
<doc>Clicks the button identified by ``locator``.</doc>
<status status="PASS" start="2025-06-14T16:08:05.823145" elapsed="2.436830"/>
</kw>
<kw name="Wait Until Element Is Visible" owner="SeleniumLibrary">
<arg>id=dashboard</arg>
<arg>timeout=${WAIT_TIMEOUT}</arg>
<doc>Waits until the element ``locator`` is visible.</doc>
<status status="PASS" start="2025-06-14T16:08:08.260981" elapsed="0.052663"/>
</kw>
<kw name="Click Element" owner="SeleniumLibrary">
<msg time="2025-06-14T16:08:08.315642" level="INFO">Clicking element 'id=matkul-link'.</msg>
<arg>id=matkul-link</arg>
<doc>Click the element identified by ``locator``.</doc>
<status status="PASS" start="2025-06-14T16:08:08.314642" elapsed="1.522251"/>
</kw>
<kw name="Wait Until Element Is Visible" owner="SeleniumLibrary">
<arg>id=matkul-table</arg>
<arg>timeout=${WAIT_TIMEOUT}</arg>
<doc>Waits until the element ``locator`` is visible.</doc>
<status status="PASS" start="2025-06-14T16:08:09.837906" elapsed="0.066625"/>
</kw>
<kw name="Wait Until Element Is Visible" owner="SeleniumLibrary">
<arg>css=table#matkul-table tbody tr</arg>
<arg>timeout=${WAIT_TIMEOUT}</arg>
<doc>Waits until the element ``locator`` is visible.</doc>
<status status="PASS" start="2025-06-14T16:08:09.905536" elapsed="0.886441"/>
</kw>
<kw name="Sleep" owner="BuiltIn">
<msg time="2025-06-14T16:08:15.794112" level="INFO">Slept 5 seconds.</msg>
<arg>${LONG_WAIT}</arg>
<doc>Pauses the test executed for the given time.</doc>
<status status="PASS" start="2025-06-14T16:08:10.792976" elapsed="5.001136"/>
</kw>
<kw name="Get Element Count" owner="SeleniumLibrary">
<msg time="2025-06-14T16:08:15.809335" level="INFO">${rows_before} = 10</msg>
<var>${rows_before}</var>
<arg>css=table#matkul-table tbody tr</arg>
<doc>Returns the number of elements matching ``locator``.</doc>
<status status="PASS" start="2025-06-14T16:08:15.796144" elapsed="0.013191"/>
</kw>
<kw name="Log" owner="BuiltIn">
<msg time="2025-06-14T16:08:15.810340" level="INFO">Rows before deletion: 10</msg>
<arg>Rows before deletion: ${rows_before}</arg>
<doc>Logs the given message with the given level.</doc>
<status status="PASS" start="2025-06-14T16:08:15.810340" elapsed="0.001013"/>
</kw>
<kw name="Wait Until Element Is Visible" owner="SeleniumLibrary">
<arg>css=button.bg-red-500</arg>
<arg>timeout=${WAIT_TIMEOUT}</arg>
<doc>Waits until the element ``locator`` is visible.</doc>
<status status="PASS" start="2025-06-14T16:08:15.812354" elapsed="0.028949"/>
</kw>
<kw name="Click Element" owner="SeleniumLibrary">
<msg time="2025-06-14T16:08:15.843304" level="INFO">Clicking element 'css=button.bg-red-500'.</msg>
<arg>css=button.bg-red-500</arg>
<doc>Click the element identified by ``locator``.</doc>
<status status="PASS" start="2025-06-14T16:08:15.842305" elapsed="0.131057"/>
</kw>
<kw name="Run Keyword And Return Status" owner="BuiltIn">
<kw name="Alert Should Be Present" owner="SeleniumLibrary">
<msg time="2025-06-14T16:08:15.976362" level="INFO">HANDLE::&lt;class 'NoneType'&gt;::None</msg>
<msg time="2025-06-14T16:08:21.175626" level="INFO" html="true">&lt;/td&gt;&lt;/tr&gt;&lt;tr&gt;&lt;td colspan="3"&gt;&lt;a href="selenium-screenshot-87.png"&gt;&lt;img src="selenium-screenshot-87.png" width="800px"&gt;&lt;/a&gt;</msg>
<msg time="2025-06-14T16:08:21.176176" level="FAIL">Alert not found in 5 seconds.</msg>
<doc>Verifies that an alert is present and by default, accepts it.</doc>
<status status="FAIL" start="2025-06-14T16:08:15.975362" elapsed="5.205968">Alert not found in 5 seconds.</status>
</kw>
<msg time="2025-06-14T16:08:21.181330" level="INFO">${alert_present} = False</msg>
<var>${alert_present}</var>
<arg>Alert Should Be Present</arg>
<doc>Runs the given keyword with given arguments and returns the status as a Boolean value.</doc>
<status status="PASS" start="2025-06-14T16:08:15.974360" elapsed="5.207973"/>
</kw>
<kw name="Run Keyword If" owner="BuiltIn">
<arg>${alert_present}</arg>
<arg>Handle Alert</arg>
<arg>action=ACCEPT</arg>
<doc>Runs the given keyword with the given arguments, if ``condition`` is true.</doc>
<status status="PASS" start="2025-06-14T16:08:21.183332" elapsed="0.000997"/>
</kw>
<kw name="Run Keyword Unless" owner="BuiltIn">
<msg time="2025-06-14T16:08:21.185327" level="WARN">Keyword 'BuiltIn.Run Keyword Unless' is deprecated. </msg>
<kw name="Run Keywords" owner="BuiltIn">
<kw name="Wait Until Element Is Visible" owner="SeleniumLibrary">
<arg>xpath=//button[contains(text(), 'Delete') or contains(text(), 'Hapus') or contains(text(), 'Ya')]</arg>
<arg>timeout=5</arg>
<doc>Waits until the element ``locator`` is visible.</doc>
<status status="PASS" start="2025-06-14T16:08:21.189327" elapsed="0.036361"/>
</kw>
<kw name="Click Button" owner="SeleniumLibrary">
<msg time="2025-06-14T16:08:21.226683" level="INFO">Clicking button 'xpath=//button[contains(text(), 'Delete') or contains(text(), 'Hapus') or contains(text(), 'Ya')]'.</msg>
<arg>xpath=//button[contains(text(), 'Delete') or contains(text(), 'Hapus') or contains(text(), 'Ya')]</arg>
<doc>Clicks the button identified by ``locator``.</doc>
<status status="PASS" start="2025-06-14T16:08:21.226683" elapsed="1.648775"/>
</kw>
<arg>Wait Until Element Is Visible</arg>
<arg>xpath=//button[contains(text(), 'Delete') or contains(text(), 'Hapus') or contains(text(), 'Ya')]</arg>
<arg>timeout=5</arg>
<arg>AND</arg>
<arg>Click Button</arg>
<arg>xpath=//button[contains(text(), 'Delete') or contains(text(), 'Hapus') or contains(text(), 'Ya')]</arg>
<doc>Executes all the given keywords in a sequence.</doc>
<status status="PASS" start="2025-06-14T16:08:21.188330" elapsed="1.687128"/>
</kw>
<arg>${alert_present}</arg>
<arg>Run Keywords</arg>
<arg>Wait Until Element Is Visible</arg>
<arg>xpath=//button[contains(text(), 'Delete') or contains(text(), 'Hapus') or contains(text(), 'Ya')]</arg>
<arg>timeout=5</arg>
<arg>AND</arg>
<arg>Click Button</arg>
<arg>xpath=//button[contains(text(), 'Delete') or contains(text(), 'Hapus') or contains(text(), 'Ya')]</arg>
<doc>*DEPRECATED since RF 5.0. Use Native IF/ELSE or `Run Keyword If` instead.*</doc>
<status status="PASS" start="2025-06-14T16:08:21.185327" elapsed="1.690131"/>
</kw>
<kw name="Wait Until Element Is Visible" owner="SeleniumLibrary">
<arg>xpath=//*[contains(text(), 'success!') or contains(text(), 'berhasil') or contains(text(), 'dihapus')]</arg>
<arg>timeout=${WAIT_TIMEOUT}</arg>
<doc>Waits until the element ``locator`` is visible.</doc>
<status status="PASS" start="2025-06-14T16:08:22.876474" elapsed="0.051833"/>
</kw>
<kw name="Sleep" owner="BuiltIn">
<msg time="2025-06-14T16:08:24.931056" level="INFO">Slept 2 seconds.</msg>
<arg>${SHORT_WAIT}</arg>
<doc>Pauses the test executed for the given time.</doc>
<status status="PASS" start="2025-06-14T16:08:22.929299" elapsed="2.001757"/>
</kw>
<kw name="Close Browser" owner="SeleniumLibrary">
<doc>Closes the current browser.</doc>
<status status="PASS" start="2025-06-14T16:08:24.932618" elapsed="2.252902"/>
</kw>
<doc>Test successful matkul deletion</doc>
<status status="PASS" start="2025-06-14T16:08:02.364148" elapsed="24.821938"/>
</test>
<test id="s1-t11" name="Delete Matkul - Batal" line="323">
<kw name="Open Browser" owner="SeleniumLibrary">
<msg time="2025-06-14T16:08:27.190187" level="INFO">Opening browser 'chrome' to base url 'http://localhost:8000/login'.</msg>
<arg>${LOGIN_URL}</arg>
<arg>${BROWSER}</arg>
<doc>Opens a new browser instance to the optional ``url``.</doc>
<status status="PASS" start="2025-06-14T16:08:27.189634" elapsed="3.365113"/>
</kw>
<kw name="Input Text" owner="SeleniumLibrary">
<msg time="2025-06-14T16:08:30.556755" level="INFO">Typing text 'admin@gmail.com' into text field 'id=email'.</msg>
<arg>id=email</arg>
<arg>${EMAIL}</arg>
<doc>Types the given ``text`` into the text field identified by ``locator``.</doc>
<status status="PASS" start="2025-06-14T16:08:30.555750" elapsed="0.168328"/>
</kw>
<kw name="Input Text" owner="SeleniumLibrary">
<msg time="2025-06-14T16:08:30.726605" level="INFO">Typing text 'admin123' into text field 'id=password'.</msg>
<arg>id=password</arg>
<arg>${PASSWORD}</arg>
<doc>Types the given ``text`` into the text field identified by ``locator``.</doc>
<status status="PASS" start="2025-06-14T16:08:30.725589" elapsed="0.132692"/>
</kw>
<kw name="Click Button" owner="SeleniumLibrary">
<msg time="2025-06-14T16:08:30.859285" level="INFO">Clicking button 'id=login-button'.</msg>
<arg>id=login-button</arg>
<doc>Clicks the button identified by ``locator``.</doc>
<status status="PASS" start="2025-06-14T16:08:30.858281" elapsed="2.467851"/>
</kw>
<kw name="Wait Until Element Is Visible" owner="SeleniumLibrary">
<arg>id=dashboard</arg>
<arg>timeout=${WAIT_TIMEOUT}</arg>
<doc>Waits until the element ``locator`` is visible.</doc>
<status status="PASS" start="2025-06-14T16:08:33.327129" elapsed="0.036096"/>
</kw>
<kw name="Click Element" owner="SeleniumLibrary">
<msg time="2025-06-14T16:08:33.365227" level="INFO">Clicking element 'id=matkul-link'.</msg>
<arg>id=matkul-link</arg>
<doc>Click the element identified by ``locator``.</doc>
<status status="PASS" start="2025-06-14T16:08:33.364226" elapsed="1.395956"/>
</kw>
<kw name="Wait Until Element Is Visible" owner="SeleniumLibrary">
<arg>id=matkul-table</arg>
<arg>timeout=${WAIT_TIMEOUT}</arg>
<doc>Waits until the element ``locator`` is visible.</doc>
<status status="PASS" start="2025-06-14T16:08:34.761179" elapsed="0.067176"/>
</kw>
<kw name="Wait Until Element Is Visible" owner="SeleniumLibrary">
<arg>css=table#matkul-table tbody tr</arg>
<arg>timeout=${WAIT_TIMEOUT}</arg>
<doc>Waits until the element ``locator`` is visible.</doc>
<status status="PASS" start="2025-06-14T16:08:34.829360" elapsed="0.888754"/>
</kw>
<kw name="Sleep" owner="BuiltIn">
<msg time="2025-06-14T16:08:40.719274" level="INFO">Slept 5 seconds.</msg>
<arg>${LONG_WAIT}</arg>
<doc>Pauses the test executed for the given time.</doc>
<status status="PASS" start="2025-06-14T16:08:35.719113" elapsed="5.000161"/>
</kw>
<kw name="Get Element Count" owner="SeleniumLibrary">
<msg time="2025-06-14T16:08:40.736693" level="INFO">${rows_before} = 10</msg>
<var>${rows_before}</var>
<arg>css=table#matkul-table tbody tr</arg>
<doc>Returns the number of elements matching ``locator``.</doc>
<status status="PASS" start="2025-06-14T16:08:40.721290" elapsed="0.016409"/>
</kw>
<kw name="Log" owner="BuiltIn">
<msg time="2025-06-14T16:08:40.738697" level="INFO">Rows before deletion attempt: 10</msg>
<arg>Rows before deletion attempt: ${rows_before}</arg>
<doc>Logs the given message with the given level.</doc>
<status status="PASS" start="2025-06-14T16:08:40.737699" elapsed="0.000998"/>
</kw>
<kw name="Wait Until Element Is Visible" owner="SeleniumLibrary">
<arg>css=button.bg-red-500</arg>
<arg>timeout=${WAIT_TIMEOUT}</arg>
<doc>Waits until the element ``locator`` is visible.</doc>
<status status="PASS" start="2025-06-14T16:08:40.740699" elapsed="0.032370"/>
</kw>
<kw name="Click Element" owner="SeleniumLibrary">
<msg time="2025-06-14T16:08:40.775052" level="INFO">Clicking element 'css=button.bg-red-500'.</msg>
<arg>css=button.bg-red-500</arg>
<doc>Click the element identified by ``locator``.</doc>
<status status="PASS" start="2025-06-14T16:08:40.774054" elapsed="0.141204"/>
</kw>
<kw name="Run Keyword And Return Status" owner="BuiltIn">
<kw name="Alert Should Be Present" owner="SeleniumLibrary">
<msg time="2025-06-14T16:08:40.918259" level="INFO">HANDLE::&lt;class 'NoneType'&gt;::None</msg>
<msg time="2025-06-14T16:08:46.116459" level="INFO" html="true">&lt;/td&gt;&lt;/tr&gt;&lt;tr&gt;&lt;td colspan="3"&gt;&lt;a href="selenium-screenshot-88.png"&gt;&lt;img src="selenium-screenshot-88.png" width="800px"&gt;&lt;/a&gt;</msg>
<msg time="2025-06-14T16:08:46.116459" level="FAIL">Alert not found in 5 seconds.</msg>
<doc>Verifies that an alert is present and by default, accepts it.</doc>
<status status="FAIL" start="2025-06-14T16:08:40.917255" elapsed="5.201193">Alert not found in 5 seconds.</status>
</kw>
<msg time="2025-06-14T16:08:46.118448" level="INFO">${alert_present} = False</msg>
<var>${alert_present}</var>
<arg>Alert Should Be Present</arg>
<doc>Runs the given keyword with given arguments and returns the status as a Boolean value.</doc>
<status status="PASS" start="2025-06-14T16:08:40.916262" elapsed="5.203186"/>
</kw>
<kw name="Run Keyword If" owner="BuiltIn">
<arg>${alert_present}</arg>
<arg>Handle Alert</arg>
<arg>action=DISMISS</arg>
<doc>Runs the given keyword with the given arguments, if ``condition`` is true.</doc>
<status status="PASS" start="2025-06-14T16:08:46.120452" elapsed="0.000000"/>
</kw>
<kw name="Run Keyword Unless" owner="BuiltIn">
<msg time="2025-06-14T16:08:46.121452" level="WARN">Keyword 'BuiltIn.Run Keyword Unless' is deprecated. </msg>
<kw name="Run Keywords" owner="BuiltIn">
<kw name="Wait Until Element Is Visible" owner="SeleniumLibrary">
<arg>xpath=//button[contains(text(), 'Cancel') or contains(text(), 'Batal') or contains(text(), 'Tidak')]</arg>
<arg>timeout=5</arg>
<doc>Waits until the element ``locator`` is visible.</doc>
<status status="PASS" start="2025-06-14T16:08:46.123456" elapsed="0.029693"/>
</kw>
<kw name="Click Button" owner="SeleniumLibrary">
<msg time="2025-06-14T16:08:46.154150" level="INFO">Clicking button 'xpath=//button[contains(text(), 'Cancel') or contains(text(), 'Batal') or contains(text(), 'Tidak')]'.</msg>
<arg>xpath=//button[contains(text(), 'Cancel') or contains(text(), 'Batal') or contains(text(), 'Tidak')]</arg>
<doc>Clicks the button identified by ``locator``.</doc>
<status status="PASS" start="2025-06-14T16:08:46.154150" elapsed="0.134180"/>
</kw>
<arg>Wait Until Element Is Visible</arg>
<arg>xpath=//button[contains(text(), 'Cancel') or contains(text(), 'Batal') or contains(text(), 'Tidak')]</arg>
<arg>timeout=5</arg>
<arg>AND</arg>
<arg>Click Button</arg>
<arg>xpath=//button[contains(text(), 'Cancel') or contains(text(), 'Batal') or contains(text(), 'Tidak')]</arg>
<doc>Executes all the given keywords in a sequence.</doc>
<status status="PASS" start="2025-06-14T16:08:46.123456" elapsed="0.165875"/>
</kw>
<arg>${alert_present}</arg>
<arg>Run Keywords</arg>
<arg>Wait Until Element Is Visible</arg>
<arg>xpath=//button[contains(text(), 'Cancel') or contains(text(), 'Batal') or contains(text(), 'Tidak')]</arg>
<arg>timeout=5</arg>
<arg>AND</arg>
<arg>Click Button</arg>
<arg>xpath=//button[contains(text(), 'Cancel') or contains(text(), 'Batal') or contains(text(), 'Tidak')]</arg>
<doc>*DEPRECATED since RF 5.0. Use Native IF/ELSE or `Run Keyword If` instead.*</doc>
<status status="PASS" start="2025-06-14T16:08:46.121452" elapsed="0.167879"/>
</kw>
<kw name="Sleep" owner="BuiltIn">
<msg time="2025-06-14T16:08:48.291523" level="INFO">Slept 2 seconds.</msg>
<arg>${SHORT_WAIT}</arg>
<doc>Pauses the test executed for the given time.</doc>
<status status="PASS" start="2025-06-14T16:08:46.290321" elapsed="2.001202"/>
</kw>
<kw name="Get Element Count" owner="SeleniumLibrary">
<msg time="2025-06-14T16:08:48.306743" level="INFO">${rows_after} = 10</msg>
<var>${rows_after}</var>
<arg>css=table#matkul-table tbody tr</arg>
<doc>Returns the number of elements matching ``locator``.</doc>
<status status="PASS" start="2025-06-14T16:08:48.292537" elapsed="0.014206"/>
</kw>
<kw name="Log" owner="BuiltIn">
<msg time="2025-06-14T16:08:48.307760" level="INFO">Rows after canceling deletion: 10</msg>
<arg>Rows after canceling deletion: ${rows_after}</arg>
<doc>Logs the given message with the given level.</doc>
<status status="PASS" start="2025-06-14T16:08:48.307760" elapsed="0.000999"/>
</kw>
<kw name="Should Be Equal As Integers" owner="BuiltIn">
<arg>${rows_before}</arg>
<arg>${rows_after}</arg>
<doc>Fails if objects are unequal after converting them to integers.</doc>
<status status="PASS" start="2025-06-14T16:08:48.309758" elapsed="0.000000"/>
</kw>
<kw name="Close Browser" owner="SeleniumLibrary">
<doc>Closes the current browser.</doc>
<status status="PASS" start="2025-06-14T16:08:48.310756" elapsed="2.222363"/>
</kw>
<doc>Test canceling matkul deletion</doc>
<status status="PASS" start="2025-06-14T16:08:27.188466" elapsed="23.345653"/>
</test>
<status status="PASS" start="2025-06-14T16:05:30.100128" elapsed="200.436985"/>
</suite>
<statistics>
<total>
<stat pass="11" fail="0" skip="0">All Tests</stat>
</total>
<tag>
</tag>
<suite>
<stat name="Matkul" id="s1" pass="11" fail="0" skip="0">Matkul</stat>
</suite>
</statistics>
<errors>
<msg time="2025-06-14T16:08:21.185327" level="WARN">Keyword 'BuiltIn.Run Keyword Unless' is deprecated. </msg>
<msg time="2025-06-14T16:08:46.121452" level="WARN">Keyword 'BuiltIn.Run Keyword Unless' is deprecated. </msg>
</errors>
</robot>
